<?xml version="1.0" ?>
<coverage version="7.5.0" timestamp="1713903325655" lines-valid="7866" lines-covered="5969" line-rate="0.7588" branches-valid="2649" branches-covered="1558" branch-rate="0.5881" complexity="0">
	<!-- Generated by coverage.py: https://coverage.readthedocs.io/en/7.5.0 -->
	<!-- Based on https://raw.githubusercontent.com/cobertura/web/master/htdocs/xml/coverage-04.dtd -->
	<sources>
		<source>/home/runner/work/gef/gef</source>
	</sources>
	<packages>
		<package name="." line-rate="0.7588" branch-rate="0.5881" complexity="0">
			<classes>
				<class name="gef.py" filename="gef.py" complexity="0" line-rate="0.7588" branch-rate="0.5881">
					<methods/>
					<lines>
						<line number="52" hits="1"/>
						<line number="53" hits="1"/>
						<line number="54" hits="1"/>
						<line number="55" hits="1"/>
						<line number="56" hits="1"/>
						<line number="57" hits="1"/>
						<line number="58" hits="1"/>
						<line number="59" hits="1"/>
						<line number="60" hits="1"/>
						<line number="61" hits="1"/>
						<line number="62" hits="1"/>
						<line number="63" hits="1"/>
						<line number="64" hits="1"/>
						<line number="65" hits="1"/>
						<line number="66" hits="1"/>
						<line number="67" hits="1"/>
						<line number="68" hits="1"/>
						<line number="69" hits="1"/>
						<line number="70" hits="1"/>
						<line number="71" hits="1"/>
						<line number="72" hits="1"/>
						<line number="73" hits="1"/>
						<line number="74" hits="1"/>
						<line number="75" hits="1"/>
						<line number="76" hits="1"/>
						<line number="77" hits="1"/>
						<line number="78" hits="1"/>
						<line number="79" hits="1"/>
						<line number="80" hits="1"/>
						<line number="81" hits="1"/>
						<line number="82" hits="1"/>
						<line number="83" hits="1"/>
						<line number="84" hits="1"/>
						<line number="85" hits="1"/>
						<line number="88" hits="1"/>
						<line number="91" hits="1"/>
						<line number="92" hits="1"/>
						<line number="94" hits="1"/>
						<line number="97" hits="1"/>
						<line number="98" hits="1"/>
						<line number="99" hits="1"/>
						<line number="100" hits="1"/>
						<line number="101" hits="1"/>
						<line number="104" hits="1"/>
						<line number="106" hits="0"/>
						<line number="109" hits="1"/>
						<line number="110" hits="1"/>
						<line number="111" hits="0"/>
						<line number="112" hits="0" branch="true" condition-coverage="0% (0/2)" missing-branches="113,114"/>
						<line number="113" hits="0"/>
						<line number="114" hits="0"/>
						<line number="115" hits="0"/>
						<line number="118" hits="1"/>
						<line number="119" hits="1"/>
						<line number="120" hits="1"/>
						<line number="121" hits="1"/>
						<line number="123" hits="1"/>
						<line number="124" hits="1"/>
						<line number="126" hits="1"/>
						<line number="129" hits="1"/>
						<line number="130" hits="1"/>
						<line number="132" hits="1"/>
						<line number="133" hits="1"/>
						<line number="135" hits="1"/>
						<line number="136" hits="1"/>
						<line number="137" hits="1"/>
						<line number="138" hits="1"/>
						<line number="139" hits="1"/>
						<line number="140" hits="1"/>
						<line number="141" hits="1"/>
						<line number="142" hits="1"/>
						<line number="143" hits="1"/>
						<line number="144" hits="1"/>
						<line number="145" hits="1"/>
						<line number="147" hits="1"/>
						<line number="148" hits="1"/>
						<line number="149" hits="1"/>
						<line number="150" hits="1"/>
						<line number="152" hits="1"/>
						<line number="155" hits="1"/>
						<line number="159" hits="1" branch="true" condition-coverage="100% (2/2)"/>
						<line number="160" hits="1"/>
						<line number="161" hits="1" branch="true" condition-coverage="100% (2/2)"/>
						<line number="162" hits="1"/>
						<line number="164" hits="1"/>
						<line number="165" hits="1"/>
						<line number="168" hits="1"/>
						<line number="171" hits="1"/>
						<line number="172" hits="1" branch="true" condition-coverage="50% (1/2)" missing-branches="173"/>
						<line number="173" hits="0"/>
						<line number="174" hits="0"/>
						<line number="175" hits="0"/>
						<line number="177" hits="1"/>
						<line number="178" hits="1"/>
						<line number="180" hits="1" branch="true" condition-coverage="50% (1/2)" missing-branches="181"/>
						<line number="181" hits="0"/>
						<line number="182" hits="1"/>
						<line number="185" hits="1"/>
						<line number="198" hits="1" branch="true" condition-coverage="100% (2/2)"/>
						<line number="199" hits="1"/>
						<line number="201" hits="1" branch="true" condition-coverage="50% (1/2)" missing-branches="202"/>
						<line number="202" hits="0" branch="true" condition-coverage="0% (0/2)" missing-branches="203,204"/>
						<line number="203" hits="0"/>
						<line number="204" hits="0"/>
						<line number="206" hits="1"/>
						<line number="208" hits="1" branch="true" condition-coverage="100% (2/2)"/>
						<line number="209" hits="1" branch="true" condition-coverage="50% (1/2)" missing-branches="214"/>
						<line number="210" hits="1"/>
						<line number="211" hits="1" branch="true" condition-coverage="100% (2/2)"/>
						<line number="212" hits="1"/>
						<line number="213" hits="1"/>
						<line number="214" hits="1"/>
						<line number="215" hits="1"/>
						<line number="217" hits="1"/>
						<line number="220" hits="1"/>
						<line number="222" hits="1" branch="true" condition-coverage="100% (2/2)"/>
						<line number="223" hits="1" branch="true" condition-coverage="50% (1/2)" missing-branches="224"/>
						<line number="224" hits="0"/>
						<line number="225" hits="0"/>
						<line number="227" hits="1"/>
						<line number="228" hits="1"/>
						<line number="231" hits="1"/>
						<line number="234" hits="1"/>
						<line number="235" hits="1"/>
						<line number="238" hits="1" branch="true" condition-coverage="100% (2/2)"/>
						<line number="239" hits="1"/>
						<line number="241" hits="1"/>
						<line number="242" hits="1"/>
						<line number="243" hits="1"/>
						<line number="245" hits="1"/>
						<line number="246" hits="1" branch="true" condition-coverage="50% (1/2)" missing-branches="247"/>
						<line number="247" hits="0" branch="true" condition-coverage="0% (0/2)" missing-branches="249,251"/>
						<line number="249" hits="0"/>
						<line number="250" hits="0"/>
						<line number="251" hits="0" branch="true" condition-coverage="0% (0/2)" missing-branches="253,258"/>
						<line number="253" hits="0"/>
						<line number="254" hits="0"/>
						<line number="255" hits="0"/>
						<line number="258" hits="0"/>
						<line number="260" hits="1"/>
						<line number="261" hits="1"/>
						<line number="263" hits="1" branch="true" condition-coverage="50% (1/2)" missing-branches="265"/>
						<line number="265" hits="0"/>
						<line number="266" hits="0"/>
						<line number="267" hits="0"/>
						<line number="269" hits="1"/>
						<line number="270" hits="1"/>
						<line number="271" hits="1"/>
						<line number="272" hits="1"/>
						<line number="274" hits="1"/>
						<line number="277" hits="1"/>
						<line number="283" hits="1"/>
						<line number="285" hits="1"/>
						<line number="287" hits="1"/>
						<line number="289" hits="0"/>
						<line number="290" hits="0"/>
						<line number="293" hits="1"/>
						<line number="295" hits="0"/>
						<line number="296" hits="0"/>
						<line number="299" hits="1"/>
						<line number="301" hits="0"/>
						<line number="302" hits="0"/>
						<line number="305" hits="1"/>
						<line number="307" hits="0"/>
						<line number="308" hits="0"/>
						<line number="311" hits="1"/>
						<line number="313" hits="1"/>
						<line number="314" hits="1"/>
						<line number="317" hits="1"/>
						<line number="319" hits="1"/>
						<line number="320" hits="1"/>
						<line number="323" hits="1"/>
						<line number="325" hits="1"/>
						<line number="326" hits="1"/>
						<line number="329" hits="1"/>
						<line number="331" hits="1"/>
						<line number="332" hits="1"/>
						<line number="335" hits="1"/>
						<line number="337" hits="1"/>
						<line number="338" hits="1"/>
						<line number="339" hits="0"/>
						<line number="340" hits="0"/>
						<line number="343" hits="1"/>
						<line number="345" hits="1"/>
						<line number="346" hits="1"/>
						<line number="347" hits="0"/>
						<line number="348" hits="0"/>
						<line number="351" hits="1"/>
						<line number="353" hits="1"/>
						<line number="354" hits="1"/>
						<line number="355" hits="1"/>
						<line number="356" hits="0"/>
						<line number="357" hits="0"/>
						<line number="363" hits="1"/>
						<line number="366" hits="1"/>
						<line number="367" hits="1"/>
						<line number="368" hits="1" branch="true" condition-coverage="100% (2/2)"/>
						<line number="369" hits="1"/>
						<line number="371" hits="1"/>
						<line number="373" hits="1"/>
						<line number="376" hits="1"/>
						<line number="379" hits="1"/>
						<line number="380" hits="1"/>
						<line number="381" hits="1" branch="true" condition-coverage="50% (1/2)" missing-branches="384"/>
						<line number="382" hits="1"/>
						<line number="384" hits="0"/>
						<line number="386" hits="1"/>
						<line number="389" hits="1"/>
						<line number="391" hits="1"/>
						<line number="392" hits="1"/>
						<line number="393" hits="1"/>
						<line number="394" hits="1"/>
						<line number="395" hits="1"/>
						<line number="396" hits="1"/>
						<line number="397" hits="1"/>
						<line number="398" hits="1" branch="true" condition-coverage="50% (1/2)" missing-branches="399"/>
						<line number="399" hits="0"/>
						<line number="400" hits="1" branch="true" condition-coverage="50% (1/2)" missing-branches="404"/>
						<line number="401" hits="1" branch="true" condition-coverage="100% (2/2)"/>
						<line number="402" hits="1"/>
						<line number="403" hits="1"/>
						<line number="404" hits="1"/>
						<line number="406" hits="1" branch="true" condition-coverage="100% (2/2)"/>
						<line number="407" hits="1"/>
						<line number="408" hits="1"/>
						<line number="409" hits="1"/>
						<line number="410" hits="1"/>
						<line number="413" hits="1"/>
						<line number="416" hits="1"/>
						<line number="417" hits="1"/>
						<line number="418" hits="1"/>
						<line number="419" hits="1"/>
						<line number="421" hits="1"/>
						<line number="424" hits="1"/>
						<line number="426" hits="1"/>
						<line number="427" hits="1"/>
						<line number="428" hits="1" branch="true" condition-coverage="50% (1/2)" missing-branches="430"/>
						<line number="429" hits="1"/>
						<line number="430" hits="0"/>
						<line number="431" hits="1"/>
						<line number="432" hits="1"/>
						<line number="435" hits="1"/>
						<line number="437" hits="1"/>
						<line number="438" hits="1"/>
						<line number="439" hits="1"/>
						<line number="442" hits="1"/>
						<line number="443" hits="0"/>
						<line number="446" hits="1"/>
						<line number="449" hits="1"/>
						<line number="453" hits="1" branch="true" condition-coverage="100% (2/2)"/>
						<line number="455" hits="1"/>
						<line number="456" hits="1"/>
						<line number="457" hits="1"/>
						<line number="458" hits="1" branch="true" condition-coverage="100% (2/2)"/>
						<line number="459" hits="1"/>
						<line number="460" hits="1"/>
						<line number="461" hits="1" branch="true" condition-coverage="100% (2/2)"/>
						<line number="462" hits="1"/>
						<line number="464" hits="1"/>
						<line number="465" hits="1"/>
						<line number="466" hits="1" branch="true" condition-coverage="50% (1/2)" missing-branches="468"/>
						<line number="468" hits="0" branch="true" condition-coverage="0% (0/2)" missing-branches="469,471"/>
						<line number="469" hits="0"/>
						<line number="471" hits="0"/>
						<line number="473" hits="1" branch="true" condition-coverage="100% (2/2)"/>
						<line number="474" hits="1"/>
						<line number="475" hits="1"/>
						<line number="477" hits="1"/>
						<line number="479" hits="1"/>
						<line number="481" hits="1" branch="true" condition-coverage="100% (2/2)"/>
						<line number="482" hits="1" branch="true" condition-coverage="50% (1/2)" missing-branches="484"/>
						<line number="484" hits="0"/>
						<line number="485" hits="1"/>
						<line number="486" hits="1"/>
						<line number="487" hits="1" branch="true" condition-coverage="100% (2/2)"/>
						<line number="488" hits="1"/>
						<line number="489" hits="1" branch="true" condition-coverage="100% (2/2)"/>
						<line number="490" hits="1"/>
						<line number="491" hits="1" branch="true" condition-coverage="100% (2/2)"/>
						<line number="492" hits="1"/>
						<line number="493" hits="1"/>
						<line number="494" hits="1"/>
						<line number="496" hits="1"/>
						<line number="497" hits="1"/>
						<line number="498" hits="1"/>
						<line number="499" hits="1"/>
						<line number="500" hits="1"/>
						<line number="503" hits="1"/>
						<line number="505" hits="1"/>
						<line number="524" hits="1"/>
						<line number="525" hits="1" branch="true" condition-coverage="100% (2/2)"/>
						<line number="526" hits="1"/>
						<line number="527" hits="1" branch="true" condition-coverage="100% (2/2)"/>
						<line number="528" hits="1"/>
						<line number="529" hits="1" branch="true" condition-coverage="100% (2/2)"/>
						<line number="530" hits="1"/>
						<line number="531" hits="1" branch="true" condition-coverage="100% (2/2)"/>
						<line number="532" hits="1"/>
						<line number="533" hits="1" branch="true" condition-coverage="50% (1/2)" missing-branches="exit"/>
						<line number="534" hits="1"/>
						<line number="535" hits="1" branch="true" condition-coverage="50% (1/2)" missing-branches="exit"/>
						<line number="536" hits="1"/>
						<line number="537" hits="1" branch="true" condition-coverage="100% (2/2)"/>
						<line number="538" hits="1"/>
						<line number="539" hits="1" branch="true" condition-coverage="50% (1/2)" missing-branches="exit"/>
						<line number="540" hits="1"/>
						<line number="541" hits="1" branch="true" condition-coverage="100% (2/2)"/>
						<line number="542" hits="1"/>
						<line number="543" hits="1" branch="true" condition-coverage="50% (1/2)" missing-branches="exit"/>
						<line number="544" hits="1"/>
						<line number="545" hits="1" branch="true" condition-coverage="50% (1/2)" missing-branches="exit"/>
						<line number="546" hits="1"/>
						<line number="547" hits="1" branch="true" condition-coverage="50% (1/2)" missing-branches="exit"/>
						<line number="549" hits="1"/>
						<line number="550" hits="1"/>
						<line number="552" hits="1" branch="true" condition-coverage="100% (2/2)"/>
						<line number="554" hits="1"/>
						<line number="555" hits="1" branch="true" condition-coverage="100% (2/2)"/>
						<line number="556" hits="1"/>
						<line number="557" hits="1"/>
						<line number="558" hits="1"/>
						<line number="559" hits="1"/>
						<line number="560" hits="1"/>
						<line number="561" hits="1"/>
						<line number="564" hits="1"/>
						<line number="566" hits="1"/>
						<line number="567" hits="1"/>
						<line number="568" hits="1"/>
						<line number="569" hits="1"/>
						<line number="570" hits="1"/>
						<line number="572" hits="1"/>
						<line number="573" hits="1"/>
						<line number="574" hits="1"/>
						<line number="575" hits="1"/>
						<line number="576" hits="1"/>
						<line number="577" hits="1" branch="true" condition-coverage="100% (2/2)"/>
						<line number="578" hits="1"/>
						<line number="579" hits="1" branch="true" condition-coverage="100% (2/2)"/>
						<line number="580" hits="1"/>
						<line number="581" hits="1" branch="true" condition-coverage="100% (2/2)"/>
						<line number="582" hits="1"/>
						<line number="583" hits="1"/>
						<line number="585" hits="1"/>
						<line number="586" hits="0"/>
						<line number="588" hits="1"/>
						<line number="589" hits="1"/>
						<line number="592" hits="1"/>
						<line number="593" hits="1"/>
						<line number="595" hits="1"/>
						<line number="596" hits="1"/>
						<line number="598" hits="1"/>
						<line number="599" hits="1"/>
						<line number="600" hits="1"/>
						<line number="601" hits="1"/>
						<line number="603" hits="1"/>
						<line number="604" hits="1"/>
						<line number="605" hits="1" branch="true" condition-coverage="100% (2/2)"/>
						<line number="608" hits="1"/>
						<line number="610" hits="1"/>
						<line number="611" hits="1"/>
						<line number="612" hits="1"/>
						<line number="613" hits="1"/>
						<line number="614" hits="1"/>
						<line number="616" hits="1"/>
						<line number="617" hits="1"/>
						<line number="618" hits="1"/>
						<line number="619" hits="1"/>
						<line number="620" hits="1"/>
						<line number="621" hits="1"/>
						<line number="623" hits="1"/>
						<line number="624" hits="1"/>
						<line number="625" hits="1"/>
						<line number="626" hits="1" branch="true" condition-coverage="100% (2/2)"/>
						<line number="627" hits="1"/>
						<line number="628" hits="1"/>
						<line number="629" hits="1"/>
						<line number="630" hits="1"/>
						<line number="632" hits="1"/>
						<line number="633" hits="1"/>
						<line number="634" hits="1"/>
						<line number="635" hits="1"/>
						<line number="636" hits="1"/>
						<line number="637" hits="1"/>
						<line number="638" hits="1"/>
						<line number="640" hits="1"/>
						<line number="641" hits="1"/>
						<line number="642" hits="1"/>
						<line number="645" hits="1"/>
						<line number="646" hits="1"/>
						<line number="647" hits="1"/>
						<line number="649" hits="1"/>
						<line number="650" hits="1"/>
						<line number="651" hits="1"/>
						<line number="652" hits="1"/>
						<line number="653" hits="1"/>
						<line number="654" hits="1"/>
						<line number="655" hits="1"/>
						<line number="658" hits="1"/>
						<line number="661" hits="1"/>
						<line number="662" hits="1"/>
						<line number="663" hits="1"/>
						<line number="664" hits="1"/>
						<line number="665" hits="1"/>
						<line number="666" hits="1"/>
						<line number="667" hits="1"/>
						<line number="668" hits="1"/>
						<line number="670" hits="1"/>
						<line number="671" hits="0"/>
						<line number="673" hits="1"/>
						<line number="674" hits="1"/>
						<line number="676" hits="1"/>
						<line number="677" hits="1"/>
						<line number="679" hits="1"/>
						<line number="680" hits="1"/>
						<line number="681" hits="1" branch="true" condition-coverage="50% (1/2)" missing-branches="682"/>
						<line number="682" hits="0"/>
						<line number="683" hits="1"/>
						<line number="685" hits="1"/>
						<line number="686" hits="1"/>
						<line number="688" hits="0"/>
						<line number="690" hits="1"/>
						<line number="691" hits="0"/>
						<line number="694" hits="1"/>
						<line number="695" hits="0"/>
						<line number="697" hits="1"/>
						<line number="698" hits="1"/>
						<line number="704" hits="1"/>
						<line number="705" hits="0"/>
						<line number="707" hits="1"/>
						<line number="708" hits="0"/>
						<line number="711" hits="1"/>
						<line number="714" hits="1"/>
						<line number="715" hits="1"/>
						<line number="716" hits="1"/>
						<line number="718" hits="1"/>
						<line number="719" hits="1"/>
						<line number="721" hits="1"/>
						<line number="722" hits="0"/>
						<line number="724" hits="1"/>
						<line number="725" hits="0"/>
						<line number="728" hits="1"/>
						<line number="729" hits="1"/>
						<line number="732" hits="1"/>
						<line number="733" hits="1"/>
						<line number="734" hits="1"/>
						<line number="735" hits="1"/>
						<line number="736" hits="1"/>
						<line number="737" hits="1"/>
						<line number="739" hits="1"/>
						<line number="740" hits="0"/>
						<line number="742" hits="1"/>
						<line number="744" hits="1"/>
						<line number="745" hits="1"/>
						<line number="746" hits="1" branch="true" condition-coverage="100% (2/2)"/>
						<line number="747" hits="1" branch="true" condition-coverage="50% (1/2)" missing-branches="748"/>
						<line number="748" hits="0"/>
						<line number="749" hits="1"/>
						<line number="750" hits="1"/>
						<line number="752" hits="1"/>
						<line number="753" hits="1"/>
						<line number="754" hits="0"/>
						<line number="756" hits="1"/>
						<line number="757" hits="0"/>
						<line number="760" hits="1"/>
						<line number="767" hits="1"/>
						<line number="768" hits="1"/>
						<line number="769" hits="1"/>
						<line number="771" hits="1"/>
						<line number="773" hits="1"/>
						<line number="774" hits="1"/>
						<line number="775" hits="1"/>
						<line number="776" hits="1"/>
						<line number="777" hits="1"/>
						<line number="778" hits="1"/>
						<line number="779" hits="1"/>
						<line number="780" hits="1"/>
						<line number="781" hits="1"/>
						<line number="782" hits="1"/>
						<line number="783" hits="1"/>
						<line number="784" hits="1"/>
						<line number="785" hits="1"/>
						<line number="787" hits="1"/>
						<line number="788" hits="1"/>
						<line number="789" hits="1"/>
						<line number="790" hits="1"/>
						<line number="791" hits="1"/>
						<line number="793" hits="1"/>
						<line number="794" hits="1"/>
						<line number="795" hits="1"/>
						<line number="796" hits="1"/>
						<line number="797" hits="1"/>
						<line number="798" hits="1"/>
						<line number="799" hits="1"/>
						<line number="800" hits="1"/>
						<line number="801" hits="1"/>
						<line number="802" hits="1"/>
						<line number="804" hits="1"/>
						<line number="805" hits="1"/>
						<line number="806" hits="1"/>
						<line number="807" hits="1"/>
						<line number="808" hits="1"/>
						<line number="809" hits="1"/>
						<line number="810" hits="1"/>
						<line number="811" hits="1"/>
						<line number="812" hits="1"/>
						<line number="813" hits="1"/>
						<line number="814" hits="1"/>
						<line number="815" hits="1"/>
						<line number="816" hits="1"/>
						<line number="817" hits="1"/>
						<line number="818" hits="1"/>
						<line number="819" hits="1"/>
						<line number="820" hits="1"/>
						<line number="821" hits="1"/>
						<line number="822" hits="1"/>
						<line number="823" hits="1"/>
						<line number="825" hits="1"/>
						<line number="826" hits="1"/>
						<line number="827" hits="1"/>
						<line number="828" hits="1"/>
						<line number="830" hits="1"/>
						<line number="832" hits="1"/>
						<line number="835" hits="1" branch="true" condition-coverage="100% (2/2)"/>
						<line number="836" hits="1"/>
						<line number="837" hits="1" branch="true" condition-coverage="50% (1/2)" missing-branches="840"/>
						<line number="838" hits="1"/>
						<line number="840" hits="0"/>
						<line number="842" hits="1" branch="true" condition-coverage="50% (1/2)" missing-branches="843"/>
						<line number="843" hits="0"/>
						<line number="845" hits="1"/>
						<line number="847" hits="1" branch="true" condition-coverage="100% (2/2)"/>
						<line number="849" hits="1"/>
						<line number="850" hits="1" branch="true" condition-coverage="50% (1/2)" missing-branches="852"/>
						<line number="852" hits="0"/>
						<line number="854" hits="1"/>
						<line number="856" hits="1" branch="true" condition-coverage="50% (1/2)" missing-branches="857"/>
						<line number="857" hits="0"/>
						<line number="859" hits="1"/>
						<line number="862" hits="1"/>
						<line number="863" hits="1"/>
						<line number="866" hits="1"/>
						<line number="869" hits="1"/>
						<line number="870" hits="1"/>
						<line number="873" hits="1" branch="true" condition-coverage="50% (1/2)" missing-branches="876"/>
						<line number="874" hits="1"/>
						<line number="876" hits="0"/>
						<line number="878" hits="1"/>
						<line number="879" hits="1"/>
						<line number="881" hits="1"/>
						<line number="882" hits="1" branch="true" condition-coverage="100% (2/2)"/>
						<line number="883" hits="1"/>
						<line number="885" hits="1"/>
						<line number="886" hits="1" branch="true" condition-coverage="100% (2/2)"/>
						<line number="887" hits="1"/>
						<line number="888" hits="1"/>
						<line number="890" hits="1"/>
						<line number="891" hits="1"/>
						<line number="893" hits="1"/>
						<line number="894" hits="1"/>
						<line number="895" hits="1"/>
						<line number="896" hits="1"/>
						<line number="898" hits="1"/>
						<line number="899" hits="1"/>
						<line number="901" hits="1"/>
						<line number="902" hits="0"/>
						<line number="904" hits="1"/>
						<line number="905" hits="0"/>
						<line number="907" hits="1"/>
						<line number="908" hits="1"/>
						<line number="909" hits="1"/>
						<line number="911" hits="1"/>
						<line number="912" hits="1"/>
						<line number="913" hits="1"/>
						<line number="915" hits="1"/>
						<line number="916" hits="1"/>
						<line number="925" hits="1" branch="true" condition-coverage="50% (1/2)" missing-branches="948"/>
						<line number="926" hits="1"/>
						<line number="927" hits="1"/>
						<line number="928" hits="1"/>
						<line number="929" hits="1"/>
						<line number="930" hits="1"/>
						<line number="931" hits="1" branch="true" condition-coverage="100% (2/2)"/>
						<line number="932" hits="1" branch="true" condition-coverage="100% (2/2)"/>
						<line number="933" hits="1"/>
						<line number="934" hits="1"/>
						<line number="936" hits="1"/>
						<line number="937" hits="1"/>
						<line number="938" hits="1"/>
						<line number="939" hits="1"/>
						<line number="940" hits="1" branch="true" condition-coverage="50% (1/2)" missing-branches="943"/>
						<line number="941" hits="1"/>
						<line number="943" hits="0"/>
						<line number="944" hits="1"/>
						<line number="945" hits="1"/>
						<line number="946" hits="1"/>
						<line number="947" hits="1"/>
						<line number="948" hits="1"/>
						<line number="950" hits="1"/>
						<line number="951" hits="1"/>
						<line number="952" hits="1" branch="true" condition-coverage="100% (2/2)"/>
						<line number="954" hits="1"/>
						<line number="955" hits="1"/>
						<line number="956" hits="1" branch="true" condition-coverage="100% (2/2)"/>
						<line number="958" hits="1"/>
						<line number="959" hits="1"/>
						<line number="960" hits="1" branch="true" condition-coverage="100% (2/2)"/>
						<line number="962" hits="1"/>
						<line number="963" hits="1"/>
						<line number="964" hits="1" branch="true" condition-coverage="100% (2/2)"/>
						<line number="966" hits="1"/>
						<line number="967" hits="1"/>
						<line number="968" hits="1" branch="true" condition-coverage="100% (2/2)"/>
						<line number="970" hits="1"/>
						<line number="971" hits="1"/>
						<line number="972" hits="1" branch="true" condition-coverage="100% (2/2)"/>
						<line number="974" hits="1"/>
						<line number="975" hits="1"/>
						<line number="976" hits="1" branch="true" condition-coverage="100% (2/2)"/>
						<line number="978" hits="1"/>
						<line number="979" hits="1"/>
						<line number="980" hits="1" branch="true" condition-coverage="100% (2/2)"/>
						<line number="982" hits="1"/>
						<line number="983" hits="1"/>
						<line number="984" hits="1" branch="true" condition-coverage="100% (2/2)"/>
						<line number="986" hits="1"/>
						<line number="987" hits="1"/>
						<line number="988" hits="1" branch="true" condition-coverage="100% (2/2)"/>
						<line number="991" hits="1"/>
						<line number="992" hits="1"/>
						<line number="993" hits="1"/>
						<line number="994" hits="1"/>
						<line number="995" hits="1"/>
						<line number="996" hits="1"/>
						<line number="997" hits="1"/>
						<line number="998" hits="1"/>
						<line number="999" hits="1"/>
						<line number="1000" hits="1"/>
						<line number="1001" hits="1"/>
						<line number="1002" hits="1"/>
						<line number="1003" hits="1"/>
						<line number="1004" hits="1"/>
						<line number="1005" hits="1"/>
						<line number="1006" hits="1"/>
						<line number="1007" hits="1"/>
						<line number="1008" hits="1"/>
						<line number="1009" hits="1"/>
						<line number="1010" hits="1"/>
						<line number="1011" hits="1"/>
						<line number="1012" hits="1"/>
						<line number="1013" hits="1"/>
						<line number="1014" hits="1"/>
						<line number="1016" hits="1"/>
						<line number="1017" hits="1"/>
						<line number="1018" hits="0"/>
						<line number="1020" hits="1"/>
						<line number="1021" hits="1"/>
						<line number="1022" hits="1"/>
						<line number="1023" hits="1"/>
						<line number="1025" hits="1"/>
						<line number="1026" hits="1"/>
						<line number="1027" hits="1"/>
						<line number="1028" hits="1"/>
						<line number="1029" hits="1"/>
						<line number="1030" hits="1"/>
						<line number="1031" hits="1"/>
						<line number="1032" hits="1"/>
						<line number="1034" hits="1"/>
						<line number="1035" hits="1" branch="true" condition-coverage="50% (1/2)" missing-branches="1036"/>
						<line number="1036" hits="0"/>
						<line number="1037" hits="1"/>
						<line number="1038" hits="1"/>
						<line number="1039" hits="1"/>
						<line number="1040" hits="1" branch="true" condition-coverage="50% (1/2)" missing-branches="1045"/>
						<line number="1041" hits="1"/>
						<line number="1042" hits="1"/>
						<line number="1043" hits="1"/>
						<line number="1045" hits="0"/>
						<line number="1046" hits="0"/>
						<line number="1047" hits="0"/>
						<line number="1049" hits="1"/>
						<line number="1050" hits="1"/>
						<line number="1052" hits="1"/>
						<line number="1053" hits="0"/>
						<line number="1058" hits="1"/>
						<line number="1059" hits="1"/>
						<line number="1060" hits="1"/>
						<line number="1061" hits="1"/>
						<line number="1062" hits="1"/>
						<line number="1063" hits="1"/>
						<line number="1064" hits="1"/>
						<line number="1065" hits="1"/>
						<line number="1066" hits="1"/>
						<line number="1067" hits="1"/>
						<line number="1068" hits="1"/>
						<line number="1069" hits="1"/>
						<line number="1070" hits="1"/>
						<line number="1071" hits="1"/>
						<line number="1072" hits="1"/>
						<line number="1073" hits="1"/>
						<line number="1074" hits="1"/>
						<line number="1075" hits="1"/>
						<line number="1076" hits="1"/>
						<line number="1077" hits="1"/>
						<line number="1078" hits="1"/>
						<line number="1079" hits="1"/>
						<line number="1080" hits="1"/>
						<line number="1081" hits="1"/>
						<line number="1082" hits="1"/>
						<line number="1083" hits="1"/>
						<line number="1084" hits="1"/>
						<line number="1085" hits="1"/>
						<line number="1086" hits="1"/>
						<line number="1087" hits="1"/>
						<line number="1088" hits="1"/>
						<line number="1089" hits="1"/>
						<line number="1090" hits="1"/>
						<line number="1091" hits="1"/>
						<line number="1092" hits="1"/>
						<line number="1093" hits="1"/>
						<line number="1094" hits="1"/>
						<line number="1095" hits="1"/>
						<line number="1096" hits="1"/>
						<line number="1097" hits="1"/>
						<line number="1098" hits="1"/>
						<line number="1099" hits="1"/>
						<line number="1101" hits="1"/>
						<line number="1102" hits="1"/>
						<line number="1103" hits="0"/>
						<line number="1105" hits="1"/>
						<line number="1106" hits="1"/>
						<line number="1107" hits="1"/>
						<line number="1108" hits="1"/>
						<line number="1109" hits="1"/>
						<line number="1110" hits="1"/>
						<line number="1111" hits="1"/>
						<line number="1112" hits="1"/>
						<line number="1113" hits="1"/>
						<line number="1114" hits="1"/>
						<line number="1115" hits="1"/>
						<line number="1116" hits="1"/>
						<line number="1117" hits="1"/>
						<line number="1118" hits="1"/>
						<line number="1119" hits="1"/>
						<line number="1120" hits="1"/>
						<line number="1121" hits="1"/>
						<line number="1123" hits="1"/>
						<line number="1124" hits="1"/>
						<line number="1125" hits="1"/>
						<line number="1127" hits="1"/>
						<line number="1128" hits="1"/>
						<line number="1129" hits="1"/>
						<line number="1130" hits="1"/>
						<line number="1131" hits="1"/>
						<line number="1132" hits="1"/>
						<line number="1133" hits="1"/>
						<line number="1134" hits="1"/>
						<line number="1135" hits="1"/>
						<line number="1136" hits="1"/>
						<line number="1137" hits="1"/>
						<line number="1139" hits="1"/>
						<line number="1140" hits="1" branch="true" condition-coverage="50% (1/2)" missing-branches="1141"/>
						<line number="1141" hits="0"/>
						<line number="1142" hits="1"/>
						<line number="1143" hits="1"/>
						<line number="1144" hits="1" branch="true" condition-coverage="50% (1/2)" missing-branches="1150"/>
						<line number="1145" hits="1"/>
						<line number="1146" hits="1"/>
						<line number="1147" hits="1"/>
						<line number="1148" hits="1"/>
						<line number="1150" hits="0"/>
						<line number="1151" hits="0"/>
						<line number="1152" hits="0"/>
						<line number="1153" hits="0"/>
						<line number="1155" hits="1"/>
						<line number="1156" hits="1"/>
						<line number="1157" hits="1"/>
						<line number="1159" hits="1" branch="true" condition-coverage="50% (1/2)" missing-branches="1163"/>
						<line number="1160" hits="1"/>
						<line number="1161" hits="1"/>
						<line number="1163" hits="0"/>
						<line number="1164" hits="0"/>
						<line number="1165" hits="1"/>
						<line number="1166" hits="1"/>
						<line number="1167" hits="1"/>
						<line number="1168" hits="1"/>
						<line number="1169" hits="1" branch="true" condition-coverage="100% (2/2)"/>
						<line number="1170" hits="1"/>
						<line number="1171" hits="1"/>
						<line number="1172" hits="1"/>
						<line number="1174" hits="1"/>
						<line number="1175" hits="0"/>
						<line number="1180" hits="1"/>
						<line number="1183" hits="1"/>
						<line number="1184" hits="1"/>
						<line number="1186" hits="1"/>
						<line number="1190" hits="1"/>
						<line number="1191" hits="1" branch="true" condition-coverage="50% (1/2)" missing-branches="1192"/>
						<line number="1192" hits="0"/>
						<line number="1194" hits="1" branch="true" condition-coverage="50% (1/2)" missing-branches="1195"/>
						<line number="1195" hits="0"/>
						<line number="1197" hits="1"/>
						<line number="1199" hits="1" branch="true" condition-coverage="100% (2/2)"/>
						<line number="1200" hits="1" branch="true" condition-coverage="100% (2/2)"/>
						<line number="1201" hits="1"/>
						<line number="1202" hits="1"/>
						<line number="1205" hits="1"/>
						<line number="1206" hits="1"/>
						<line number="1208" hits="1"/>
						<line number="1209" hits="1"/>
						<line number="1211" hits="1"/>
						<line number="1212" hits="1"/>
						<line number="1214" hits="1"/>
						<line number="1215" hits="0"/>
						<line number="1216" hits="0"/>
						<line number="1219" hits="1"/>
						<line number="1220" hits="1"/>
						<line number="1221" hits="1"/>
						<line number="1223" hits="1"/>
						<line number="1226" hits="1"/>
						<line number="1227" hits="1"/>
						<line number="1228" hits="1"/>
						<line number="1229" hits="1"/>
						<line number="1230" hits="1"/>
						<line number="1231" hits="1"/>
						<line number="1232" hits="1"/>
						<line number="1233" hits="1"/>
						<line number="1238" hits="1" branch="true" condition-coverage="50% (1/2)" missing-branches="1243"/>
						<line number="1239" hits="1"/>
						<line number="1242" hits="1"/>
						<line number="1243" hits="1" branch="true" condition-coverage="50% (1/2)" missing-branches="1248"/>
						<line number="1244" hits="1"/>
						<line number="1247" hits="1"/>
						<line number="1248" hits="1"/>
						<line number="1251" hits="1"/>
						<line number="1252" hits="1"/>
						<line number="1254" hits="1"/>
						<line number="1255" hits="1"/>
						<line number="1256" hits="1"/>
						<line number="1257" hits="1"/>
						<line number="1259" hits="1"/>
						<line number="1260" hits="1"/>
						<line number="1261" hits="1"/>
						<line number="1262" hits="1"/>
						<line number="1263" hits="1"/>
						<line number="1265" hits="1"/>
						<line number="1266" hits="1" branch="true" condition-coverage="50% (1/2)" missing-branches="1268"/>
						<line number="1267" hits="1"/>
						<line number="1268" hits="0"/>
						<line number="1270" hits="1"/>
						<line number="1271" hits="0"/>
						<line number="1273" hits="1"/>
						<line number="1274" hits="0"/>
						<line number="1276" hits="1"/>
						<line number="1277" hits="1"/>
						<line number="1278" hits="1"/>
						<line number="1280" hits="1"/>
						<line number="1281" hits="1"/>
						<line number="1282" hits="0"/>
						<line number="1284" hits="1"/>
						<line number="1285" hits="1"/>
						<line number="1286" hits="0"/>
						<line number="1288" hits="1"/>
						<line number="1289" hits="1"/>
						<line number="1291" hits="1" branch="true" condition-coverage="50% (1/2)" missing-branches="1303"/>
						<line number="1296" hits="1"/>
						<line number="1297" hits="1"/>
						<line number="1298" hits="1" branch="true" condition-coverage="50% (1/2)" missing-branches="1301"/>
						<line number="1299" hits="1"/>
						<line number="1301" hits="0"/>
						<line number="1302" hits="0"/>
						<line number="1303" hits="0"/>
						<line number="1305" hits="1"/>
						<line number="1306" hits="1"/>
						<line number="1307" hits="1"/>
						<line number="1310" hits="1"/>
						<line number="1313" hits="1"/>
						<line number="1314" hits="1"/>
						<line number="1315" hits="1"/>
						<line number="1316" hits="1"/>
						<line number="1317" hits="1"/>
						<line number="1318" hits="1"/>
						<line number="1320" hits="1"/>
						<line number="1321" hits="1"/>
						<line number="1322" hits="1"/>
						<line number="1323" hits="1"/>
						<line number="1327" hits="1" branch="true" condition-coverage="50% (1/2)" missing-branches="1333"/>
						<line number="1329" hits="1"/>
						<line number="1333" hits="1"/>
						<line number="1342" hits="1" branch="true" condition-coverage="50% (1/2)" missing-branches="1347"/>
						<line number="1344" hits="1"/>
						<line number="1347" hits="1"/>
						<line number="1351" hits="1"/>
						<line number="1352" hits="1"/>
						<line number="1353" hits="1"/>
						<line number="1355" hits="1"/>
						<line number="1356" hits="1"/>
						<line number="1357" hits="1"/>
						<line number="1358" hits="0"/>
						<line number="1359" hits="0"/>
						<line number="1362" hits="1"/>
						<line number="1363" hits="1"/>
						<line number="1365" hits="1"/>
						<line number="1366" hits="1"/>
						<line number="1367" hits="1"/>
						<line number="1368" hits="1"/>
						<line number="1369" hits="1"/>
						<line number="1371" hits="1"/>
						<line number="1372" hits="0"/>
						<line number="1374" hits="1"/>
						<line number="1375" hits="1"/>
						<line number="1377" hits="1"/>
						<line number="1378" hits="1"/>
						<line number="1379" hits="1"/>
						<line number="1381" hits="1"/>
						<line number="1382" hits="1"/>
						<line number="1384" hits="1"/>
						<line number="1385" hits="1" branch="true" condition-coverage="100% (2/2)"/>
						<line number="1386" hits="1"/>
						<line number="1388" hits="1"/>
						<line number="1389" hits="1"/>
						<line number="1390" hits="1"/>
						<line number="1392" hits="1"/>
						<line number="1393" hits="1"/>
						<line number="1395" hits="1"/>
						<line number="1396" hits="1"/>
						<line number="1399" hits="1"/>
						<line number="1401" hits="1"/>
						<line number="1402" hits="0"/>
						<line number="1404" hits="1"/>
						<line number="1405" hits="1"/>
						<line number="1406" hits="1"/>
						<line number="1408" hits="1"/>
						<line number="1409" hits="1"/>
						<line number="1410" hits="1"/>
						<line number="1412" hits="1"/>
						<line number="1413" hits="1"/>
						<line number="1414" hits="1"/>
						<line number="1416" hits="1"/>
						<line number="1417" hits="1"/>
						<line number="1418" hits="1"/>
						<line number="1420" hits="1"/>
						<line number="1421" hits="1"/>
						<line number="1422" hits="1"/>
						<line number="1424" hits="1"/>
						<line number="1425" hits="1"/>
						<line number="1426" hits="1"/>
						<line number="1428" hits="1"/>
						<line number="1429" hits="1"/>
						<line number="1430" hits="1"/>
						<line number="1432" hits="1"/>
						<line number="1433" hits="1"/>
						<line number="1434" hits="0"/>
						<line number="1436" hits="1"/>
						<line number="1437" hits="1"/>
						<line number="1438" hits="1"/>
						<line number="1440" hits="1"/>
						<line number="1441" hits="1"/>
						<line number="1442" hits="0"/>
						<line number="1444" hits="1"/>
						<line number="1445" hits="1"/>
						<line number="1446" hits="0"/>
						<line number="1448" hits="1"/>
						<line number="1449" hits="1"/>
						<line number="1450" hits="1"/>
						<line number="1452" hits="1"/>
						<line number="1453" hits="1"/>
						<line number="1454" hits="1"/>
						<line number="1456" hits="1"/>
						<line number="1458" hits="1"/>
						<line number="1459" hits="1" branch="true" condition-coverage="100% (2/2)"/>
						<line number="1460" hits="1"/>
						<line number="1461" hits="1"/>
						<line number="1463" hits="1"/>
						<line number="1464" hits="1"/>
						<line number="1465" hits="1"/>
						<line number="1466" hits="1"/>
						<line number="1467" hits="1"/>
						<line number="1469" hits="1"/>
						<line number="1470" hits="0"/>
						<line number="1471" hits="0"/>
						<line number="1472" hits="0"/>
						<line number="1474" hits="1"/>
						<line number="1475" hits="1"/>
						<line number="1477" hits="1"/>
						<line number="1478" hits="1" branch="true" condition-coverage="100% (2/2)"/>
						<line number="1479" hits="1"/>
						<line number="1480" hits="1" branch="true" condition-coverage="50% (1/2)" missing-branches="1481"/>
						<line number="1481" hits="0"/>
						<line number="1482" hits="1"/>
						<line number="1483" hits="1"/>
						<line number="1484" hits="1" branch="true" condition-coverage="50% (1/2)" missing-branches="1485"/>
						<line number="1485" hits="0"/>
						<line number="1486" hits="1"/>
						<line number="1488" hits="1"/>
						<line number="1489" hits="1" branch="true" condition-coverage="50% (1/2)" missing-branches="1490"/>
						<line number="1490" hits="0"/>
						<line number="1491" hits="1"/>
						<line number="1492" hits="1"/>
						<line number="1493" hits="1" branch="true" condition-coverage="50% (1/2)" missing-branches="1494"/>
						<line number="1494" hits="0"/>
						<line number="1495" hits="0"/>
						<line number="1496" hits="0"/>
						<line number="1497" hits="1"/>
						<line number="1499" hits="1"/>
						<line number="1500" hits="1"/>
						<line number="1503" hits="1" branch="true" condition-coverage="50% (1/2)" missing-branches="1504"/>
						<line number="1504" hits="0"/>
						<line number="1506" hits="1"/>
						<line number="1507" hits="1"/>
						<line number="1508" hits="1"/>
						<line number="1509" hits="1"/>
						<line number="1510" hits="1"/>
						<line number="1512" hits="1"/>
						<line number="1513" hits="1"/>
						<line number="1515" hits="0"/>
						<line number="1516" hits="0"/>
						<line number="1517" hits="0"/>
						<line number="1518" hits="0" branch="true" condition-coverage="0% (0/2)" missing-branches="1519,1525"/>
						<line number="1519" hits="0" branch="true" condition-coverage="0% (0/2)" missing-branches="1520,1521"/>
						<line number="1520" hits="0"/>
						<line number="1521" hits="0"/>
						<line number="1522" hits="0"/>
						<line number="1523" hits="0"/>
						<line number="1524" hits="0"/>
						<line number="1525" hits="0"/>
						<line number="1528" hits="1"/>
						<line number="1533" hits="1"/>
						<line number="1534" hits="1"/>
						<line number="1535" hits="1"/>
						<line number="1536" hits="1"/>
						<line number="1538" hits="1"/>
						<line number="1539" hits="1"/>
						<line number="1545" hits="1"/>
						<line number="1546" hits="1"/>
						<line number="1547" hits="1"/>
						<line number="1548" hits="1"/>
						<line number="1549" hits="1"/>
						<line number="1551" hits="1"/>
						<line number="1559" hits="1"/>
						<line number="1561" hits="1"/>
						<line number="1562" hits="1"/>
						<line number="1563" hits="1"/>
						<line number="1564" hits="1"/>
						<line number="1565" hits="1" branch="true" condition-coverage="100% (2/2)"/>
						<line number="1566" hits="1"/>
						<line number="1567" hits="1"/>
						<line number="1568" hits="1"/>
						<line number="1569" hits="1"/>
						<line number="1570" hits="1"/>
						<line number="1572" hits="1"/>
						<line number="1573" hits="1"/>
						<line number="1574" hits="1"/>
						<line number="1576" hits="1"/>
						<line number="1577" hits="1"/>
						<line number="1579" hits="1"/>
						<line number="1580" hits="1"/>
						<line number="1581" hits="0"/>
						<line number="1583" hits="1"/>
						<line number="1584" hits="1"/>
						<line number="1585" hits="1"/>
						<line number="1587" hits="1"/>
						<line number="1588" hits="1"/>
						<line number="1589" hits="1"/>
						<line number="1591" hits="1"/>
						<line number="1592" hits="1"/>
						<line number="1593" hits="1"/>
						<line number="1595" hits="1"/>
						<line number="1596" hits="1"/>
						<line number="1597" hits="0"/>
						<line number="1599" hits="1"/>
						<line number="1600" hits="1"/>
						<line number="1601" hits="0"/>
						<line number="1603" hits="1"/>
						<line number="1604" hits="1"/>
						<line number="1605" hits="0"/>
						<line number="1607" hits="1"/>
						<line number="1609" hits="1"/>
						<line number="1610" hits="1"/>
						<line number="1611" hits="1" branch="true" condition-coverage="50% (1/2)" missing-branches="exit"/>
						<line number="1612" hits="1" branch="true" condition-coverage="50% (1/2)" missing-branches="exit"/>
						<line number="1613" hits="1"/>
						<line number="1615" hits="1"/>
						<line number="1616" hits="1"/>
						<line number="1617" hits="1"/>
						<line number="1619" hits="1"/>
						<line number="1620" hits="1"/>
						<line number="1622" hits="1"/>
						<line number="1623" hits="1"/>
						<line number="1624" hits="1"/>
						<line number="1625" hits="1"/>
						<line number="1627" hits="1"/>
						<line number="1628" hits="1"/>
						<line number="1630" hits="1" branch="true" condition-coverage="100% (2/2)"/>
						<line number="1631" hits="1"/>
						<line number="1633" hits="1" branch="true" condition-coverage="50% (1/2)" missing-branches="1634"/>
						<line number="1634" hits="0"/>
						<line number="1636" hits="1"/>
						<line number="1638" hits="1" branch="true" condition-coverage="50% (1/2)" missing-branches="1639"/>
						<line number="1639" hits="0"/>
						<line number="1641" hits="1"/>
						<line number="1642" hits="1" branch="true" condition-coverage="50% (1/2)" missing-branches="1643"/>
						<line number="1643" hits="0"/>
						<line number="1645" hits="1"/>
						<line number="1646" hits="1"/>
						<line number="1648" hits="1"/>
						<line number="1649" hits="1"/>
						<line number="1650" hits="1"/>
						<line number="1652" hits="1"/>
						<line number="1653" hits="1"/>
						<line number="1655" hits="1"/>
						<line number="1656" hits="1"/>
						<line number="1658" hits="1"/>
						<line number="1659" hits="1"/>
						<line number="1661" hits="1"/>
						<line number="1662" hits="1"/>
						<line number="1664" hits="1"/>
						<line number="1668" hits="1" branch="true" condition-coverage="50% (1/2)" missing-branches="1669"/>
						<line number="1669" hits="0"/>
						<line number="1671" hits="1"/>
						<line number="1672" hits="1"/>
						<line number="1674" hits="1"/>
						<line number="1675" hits="1"/>
						<line number="1676" hits="1"/>
						<line number="1678" hits="1"/>
						<line number="1679" hits="1"/>
						<line number="1680" hits="1"/>
						<line number="1681" hits="1"/>
						<line number="1682" hits="0"/>
						<line number="1683" hits="0"/>
						<line number="1685" hits="1"/>
						<line number="1686" hits="1"/>
						<line number="1687" hits="1"/>
						<line number="1688" hits="1"/>
						<line number="1689" hits="0"/>
						<line number="1690" hits="0"/>
						<line number="1692" hits="1" branch="true" condition-coverage="50% (1/2)" missing-branches="1695"/>
						<line number="1693" hits="1"/>
						<line number="1695" hits="1"/>
						<line number="1697" hits="1"/>
						<line number="1698" hits="0"/>
						<line number="1699" hits="0"/>
						<line number="1701" hits="0"/>
						<line number="1702" hits="0"/>
						<line number="1703" hits="0"/>
						<line number="1704" hits="0"/>
						<line number="1705" hits="0"/>
						<line number="1707" hits="0"/>
						<line number="1708" hits="0"/>
						<line number="1709" hits="0"/>
						<line number="1710" hits="0"/>
						<line number="1712" hits="0"/>
						<line number="1714" hits="1"/>
						<line number="1715" hits="1"/>
						<line number="1718" hits="1"/>
						<line number="1719" hits="1"/>
						<line number="1723" hits="1" branch="true" condition-coverage="50% (1/2)" missing-branches="1724"/>
						<line number="1724" hits="0"/>
						<line number="1725" hits="1"/>
						<line number="1727" hits="1"/>
						<line number="1728" hits="1"/>
						<line number="1729" hits="1" branch="true" condition-coverage="100% (2/2)"/>
						<line number="1730" hits="1"/>
						<line number="1731" hits="1" branch="true" condition-coverage="100% (2/2)"/>
						<line number="1732" hits="1"/>
						<line number="1734" hits="1"/>
						<line number="1737" hits="1"/>
						<line number="1739" hits="1"/>
						<line number="1740" hits="1"/>
						<line number="1741" hits="1"/>
						<line number="1742" hits="1" branch="true" condition-coverage="50% (1/2)" missing-branches="1743"/>
						<line number="1743" hits="0"/>
						<line number="1744" hits="1"/>
						<line number="1746" hits="1"/>
						<line number="1748" hits="0"/>
						<line number="1749" hits="0" branch="true" condition-coverage="0% (0/2)" missing-branches="1750,1751"/>
						<line number="1750" hits="0"/>
						<line number="1751" hits="0"/>
						<line number="1753" hits="1"/>
						<line number="1755" hits="1"/>
						<line number="1756" hits="1" branch="true" condition-coverage="50% (1/2)" missing-branches="1757"/>
						<line number="1757" hits="0"/>
						<line number="1758" hits="1"/>
						<line number="1760" hits="1"/>
						<line number="1761" hits="1"/>
						<line number="1763" hits="1"/>
						<line number="1764" hits="1"/>
						<line number="1765" hits="0"/>
						<line number="1767" hits="1"/>
						<line number="1769" hits="1"/>
						<line number="1770" hits="1"/>
						<line number="1771" hits="1"/>
						<line number="1772" hits="1"/>
						<line number="1774" hits="1"/>
						<line number="1777" hits="1"/>
						<line number="1780" hits="1"/>
						<line number="1781" hits="1" branch="true" condition-coverage="100% (2/2)"/>
						<line number="1782" hits="1"/>
						<line number="1783" hits="1"/>
						<line number="1786" hits="1"/>
						<line number="1787" hits="1"/>
						<line number="1788" hits="1"/>
						<line number="1791" hits="1"/>
						<line number="1792" hits="1"/>
						<line number="1793" hits="1"/>
						<line number="1796" hits="1"/>
						<line number="1797" hits="1"/>
						<line number="1798" hits="1"/>
						<line number="1801" hits="1"/>
						<line number="1802" hits="1"/>
						<line number="1803" hits="1"/>
						<line number="1806" hits="1"/>
						<line number="1808" hits="1" branch="true" condition-coverage="50% (1/2)" missing-branches="1809"/>
						<line number="1809" hits="0"/>
						<line number="1810" hits="0"/>
						<line number="1811" hits="1"/>
						<line number="1812" hits="1"/>
						<line number="1815" hits="1"/>
						<line number="1818" hits="1"/>
						<line number="1819" hits="0"/>
						<line number="1820" hits="0" branch="true" condition-coverage="0% (0/2)" missing-branches="1821,1822"/>
						<line number="1821" hits="0"/>
						<line number="1822" hits="0"/>
						<line number="1824" hits="1"/>
						<line number="1825" hits="1"/>
						<line number="1827" hits="1"/>
						<line number="1828" hits="1"/>
						<line number="1829" hits="1"/>
						<line number="1831" hits="1" branch="true" condition-coverage="100% (2/2)"/>
						<line number="1832" hits="1"/>
						<line number="1834" hits="1" branch="true" condition-coverage="50% (1/2)" missing-branches="1835"/>
						<line number="1835" hits="0"/>
						<line number="1837" hits="1"/>
						<line number="1838" hits="1"/>
						<line number="1840" hits="1"/>
						<line number="1841" hits="1"/>
						<line number="1842" hits="1"/>
						<line number="1843" hits="1"/>
						<line number="1844" hits="1"/>
						<line number="1845" hits="1"/>
						<line number="1846" hits="1"/>
						<line number="1847" hits="1"/>
						<line number="1849" hits="1"/>
						<line number="1850" hits="1"/>
						<line number="1851" hits="1"/>
						<line number="1852" hits="0"/>
						<line number="1853" hits="0"/>
						<line number="1855" hits="1"/>
						<line number="1856" hits="1"/>
						<line number="1857" hits="1"/>
						<line number="1860" hits="1"/>
						<line number="1862" hits="1"/>
						<line number="1863" hits="1"/>
						<line number="1864" hits="1"/>
						<line number="1865" hits="1"/>
						<line number="1868" hits="1"/>
						<line number="1870" hits="1"/>
						<line number="1873" hits="1"/>
						<line number="1874" hits="1"/>
						<line number="1876" hits="1" branch="true" condition-coverage="100% (2/2)"/>
						<line number="1877" hits="1"/>
						<line number="1878" hits="1"/>
						<line number="1879" hits="1" branch="true" condition-coverage="100% (2/2)"/>
						<line number="1880" hits="1"/>
						<line number="1882" hits="1"/>
						<line number="1885" hits="1"/>
						<line number="1886" hits="1"/>
						<line number="1893" hits="1"/>
						<line number="1894" hits="1" branch="true" condition-coverage="100% (2/2)"/>
						<line number="1895" hits="1"/>
						<line number="1897" hits="1" branch="true" condition-coverage="100% (2/2)"/>
						<line number="1898" hits="1"/>
						<line number="1899" hits="1" branch="true" condition-coverage="100% (2/2)"/>
						<line number="1900" hits="1"/>
						<line number="1902" hits="1"/>
						<line number="1903" hits="1" branch="true" condition-coverage="50% (1/2)" missing-branches="1905"/>
						<line number="1904" hits="1"/>
						<line number="1905" hits="1"/>
						<line number="1908" hits="1"/>
						<line number="1916" hits="1"/>
						<line number="1917" hits="1"/>
						<line number="1919" hits="1" branch="true" condition-coverage="100% (2/2)"/>
						<line number="1920" hits="1"/>
						<line number="1921" hits="1" branch="true" condition-coverage="100% (2/2)"/>
						<line number="1923" hits="1" branch="true" condition-coverage="100% (2/2)"/>
						<line number="1924" hits="1"/>
						<line number="1925" hits="1"/>
						<line number="1927" hits="1" branch="true" condition-coverage="100% (2/2)"/>
						<line number="1928" hits="1" branch="true" condition-coverage="50% (1/2)" missing-branches="1932"/>
						<line number="1929" hits="1"/>
						<line number="1930" hits="1"/>
						<line number="1932" hits="0"/>
						<line number="1934" hits="1"/>
						<line number="1935" hits="1"/>
						<line number="1938" hits="1"/>
						<line number="1940" hits="1"/>
						<line number="1943" hits="1"/>
						<line number="1945" hits="1"/>
						<line number="1948" hits="1"/>
						<line number="1950" hits="1"/>
						<line number="1951" hits="1"/>
						<line number="1954" hits="1"/>
						<line number="1956" hits="1"/>
						<line number="1957" hits="1"/>
						<line number="1960" hits="1"/>
						<line number="1961" hits="1"/>
						<line number="1962" hits="1"/>
						<line number="1963" hits="1"/>
						<line number="1965" hits="1"/>
						<line number="1966" hits="1"/>
						<line number="1967" hits="1"/>
						<line number="1970" hits="1"/>
						<line number="1971" hits="1"/>
						<line number="1972" hits="1" branch="true" condition-coverage="50% (1/2)" missing-branches="exit"/>
						<line number="1973" hits="1"/>
						<line number="1974" hits="1"/>
						<line number="1976" hits="1"/>
						<line number="1978" hits="1"/>
						<line number="1979" hits="1"/>
						<line number="1980" hits="1"/>
						<line number="1981" hits="1"/>
						<line number="1982" hits="1"/>
						<line number="1984" hits="1"/>
						<line number="1986" hits="1"/>
						<line number="1987" hits="1"/>
						<line number="1988" hits="1"/>
						<line number="1991" hits="1"/>
						<line number="1993" hits="0" branch="true" condition-coverage="0% (0/2)" missing-branches="exit,1994"/>
						<line number="1994" hits="0"/>
						<line number="1995" hits="0"/>
						<line number="1996" hits="0"/>
						<line number="1997" hits="0"/>
						<line number="1998" hits="0"/>
						<line number="2001" hits="1"/>
						<line number="2003" hits="0"/>
						<line number="2004" hits="0"/>
						<line number="2005" hits="0"/>
						<line number="2007" hits="1"/>
						<line number="2008" hits="1"/>
						<line number="2010" hits="0"/>
						<line number="2011" hits="0" branch="true" condition-coverage="0% (0/2)" missing-branches="2012,2013"/>
						<line number="2012" hits="0"/>
						<line number="2013" hits="0"/>
						<line number="2016" hits="1"/>
						<line number="2017" hits="1"/>
						<line number="2019" hits="0"/>
						<line number="2020" hits="0"/>
						<line number="2021" hits="0"/>
						<line number="2022" hits="0"/>
						<line number="2023" hits="0"/>
						<line number="2025" hits="1"/>
						<line number="2026" hits="1"/>
						<line number="2031" hits="1"/>
						<line number="2032" hits="1" branch="true" condition-coverage="100% (2/2)"/>
						<line number="2033" hits="1"/>
						<line number="2037" hits="1"/>
						<line number="2038" hits="1"/>
						<line number="2039" hits="1"/>
						<line number="2040" hits="1" branch="true" condition-coverage="100% (2/2)"/>
						<line number="2041" hits="1"/>
						<line number="2042" hits="1"/>
						<line number="2045" hits="1"/>
						<line number="2054" hits="1"/>
						<line number="2055" hits="1"/>
						<line number="2057" hits="1" branch="true" condition-coverage="100% (2/2)"/>
						<line number="2058" hits="1"/>
						<line number="2059" hits="1"/>
						<line number="2060" hits="1"/>
						<line number="2061" hits="1"/>
						<line number="2062" hits="1"/>
						<line number="2063" hits="1" branch="true" condition-coverage="100% (2/2)"/>
						<line number="2064" hits="1"/>
						<line number="2065" hits="1"/>
						<line number="2067" hits="1"/>
						<line number="2069" hits="1"/>
						<line number="2070" hits="1"/>
						<line number="2072" hits="1"/>
						<line number="2074" hits="1"/>
						<line number="2077" hits="1"/>
						<line number="2080" hits="1" branch="true" condition-coverage="50% (1/2)" missing-branches="2081"/>
						<line number="2081" hits="0"/>
						<line number="2084" hits="1"/>
						<line number="2088" hits="1" branch="true" condition-coverage="100% (2/2)"/>
						<line number="2089" hits="1"/>
						<line number="2090" hits="1"/>
						<line number="2091" hits="1"/>
						<line number="2093" hits="1"/>
						<line number="2096" hits="1" branch="true" condition-coverage="100% (2/2)"/>
						<line number="2097" hits="1"/>
						<line number="2101" hits="1"/>
						<line number="2104" hits="1" branch="true" condition-coverage="100% (2/2)"/>
						<line number="2105" hits="1"/>
						<line number="2108" hits="1" branch="true" condition-coverage="66% (2/3)" missing-branches="2088"/>
						<line number="2109" hits="1"/>
						<line number="2111" hits="1"/>
						<line number="2114" hits="1"/>
						<line number="2115" hits="1"/>
						<line number="2117" hits="0"/>
						<line number="2120" hits="1"/>
						<line number="2123" hits="1"/>
						<line number="2126" hits="1"/>
						<line number="2128" hits="1"/>
						<line number="2129" hits="1"/>
						<line number="2132" hits="1"/>
						<line number="2134" hits="1"/>
						<line number="2137" hits="1"/>
						<line number="2139" hits="1"/>
						<line number="2142" hits="1"/>
						<line number="2145" hits="1"/>
						<line number="2147" hits="1" branch="true" condition-coverage="100% (2/2)"/>
						<line number="2148" hits="1"/>
						<line number="2149" hits="1"/>
						<line number="2150" hits="1" branch="true" condition-coverage="100% (2/2)"/>
						<line number="2151" hits="1" branch="true" condition-coverage="100% (2/2)"/>
						<line number="2152" hits="1" branch="true" condition-coverage="50% (1/2)" missing-branches="2158"/>
						<line number="2153" hits="1"/>
						<line number="2154" hits="0"/>
						<line number="2156" hits="0"/>
						<line number="2158" hits="1" branch="true" condition-coverage="100% (2/2)"/>
						<line number="2159" hits="1"/>
						<line number="2162" hits="1"/>
						<line number="2164" hits="1"/>
						<line number="2165" hits="1" branch="true" condition-coverage="100% (2/2)"/>
						<line number="2168" hits="1"/>
						<line number="2171" hits="0"/>
						<line number="2172" hits="0" branch="true" condition-coverage="0% (0/2)" missing-branches="2173,2176"/>
						<line number="2173" hits="0"/>
						<line number="2174" hits="0"/>
						<line number="2176" hits="0"/>
						<line number="2177" hits="0" branch="true" condition-coverage="0% (0/2)" missing-branches="2178,2180"/>
						<line number="2178" hits="0"/>
						<line number="2179" hits="0"/>
						<line number="2180" hits="0"/>
						<line number="2183" hits="1"/>
						<line number="2184" hits="1"/>
						<line number="2185" hits="0"/>
						<line number="2188" hits="1"/>
						<line number="2189" hits="1"/>
						<line number="2191" hits="0" branch="true" condition-coverage="0% (0/2)" missing-branches="2192,2195"/>
						<line number="2192" hits="0"/>
						<line number="2193" hits="0"/>
						<line number="2195" hits="0"/>
						<line number="2196" hits="0"/>
						<line number="2197" hits="0" branch="true" condition-coverage="0% (0/2)" missing-branches="2198,2201"/>
						<line number="2198" hits="0"/>
						<line number="2199" hits="0"/>
						<line number="2201" hits="0"/>
						<line number="2202" hits="0" branch="true" condition-coverage="0% (0/2)" missing-branches="2203,2205"/>
						<line number="2203" hits="0"/>
						<line number="2205" hits="0"/>
						<line number="2206" hits="0" branch="true" condition-coverage="0% (0/2)" missing-branches="2208,2213"/>
						<line number="2208" hits="0" branch="true" condition-coverage="0% (0/2)" missing-branches="2209,2210"/>
						<line number="2209" hits="0"/>
						<line number="2210" hits="0"/>
						<line number="2213" hits="0"/>
						<line number="2216" hits="1"/>
						<line number="2217" hits="1"/>
						<line number="2219" hits="0"/>
						<line number="2222" hits="1"/>
						<line number="2223" hits="1"/>
						<line number="2226" hits="1"/>
						<line number="2227" hits="1"/>
						<line number="2228" hits="0"/>
						<line number="2231" hits="1"/>
						<line number="2232" hits="1"/>
						<line number="2233" hits="0"/>
						<line number="2236" hits="1"/>
						<line number="2238" hits="1"/>
						<line number="2239" hits="1" branch="true" condition-coverage="100% (2/2)"/>
						<line number="2240" hits="1"/>
						<line number="2241" hits="1"/>
						<line number="2244" hits="1"/>
						<line number="2245" hits="1"/>
						<line number="2246" hits="1"/>
						<line number="2247" hits="1"/>
						<line number="2250" hits="1"/>
						<line number="2251" hits="1"/>
						<line number="2252" hits="1"/>
						<line number="2253" hits="1"/>
						<line number="2259" hits="1"/>
						<line number="2260" hits="1"/>
						<line number="2261" hits="0"/>
						<line number="2263" hits="1"/>
						<line number="2265" hits="1"/>
						<line number="2267" hits="1"/>
						<line number="2269" hits="1"/>
						<line number="2270" hits="1" branch="true" condition-coverage="100% (2/2)"/>
						<line number="2271" hits="1" branch="true" condition-coverage="50% (1/2)" missing-branches="2270"/>
						<line number="2272" hits="1"/>
						<line number="2273" hits="1"/>
						<line number="2276" hits="1"/>
						<line number="2280" hits="1"/>
						<line number="2281" hits="1"/>
						<line number="2282" hits="1"/>
						<line number="2283" hits="1"/>
						<line number="2284" hits="1"/>
						<line number="2285" hits="1"/>
						<line number="2286" hits="1"/>
						<line number="2287" hits="1"/>
						<line number="2288" hits="1"/>
						<line number="2289" hits="1"/>
						<line number="2290" hits="1"/>
						<line number="2293" hits="1"/>
						<line number="2294" hits="1"/>
						<line number="2295" hits="1"/>
						<line number="2296" hits="1"/>
						<line number="2298" hits="1"/>
						<line number="2299" hits="1"/>
						<line number="2300" hits="1"/>
						<line number="2303" hits="1" branch="true" condition-coverage="66% (2/3)" missing-branches="2304"/>
						<line number="2304" hits="0"/>
						<line number="2306" hits="1"/>
						<line number="2307" hits="0"/>
						<line number="2309" hits="1"/>
						<line number="2310" hits="0"/>
						<line number="2312" hits="1"/>
						<line number="2313" hits="1"/>
						<line number="2317" hits="1"/>
						<line number="2319" hits="1"/>
						<line number="2320" hits="0"/>
						<line number="2322" hits="1"/>
						<line number="2323" hits="0"/>
						<line number="2325" hits="1"/>
						<line number="2326" hits="0"/>
						<line number="2328" hits="1"/>
						<line number="2329" hits="0"/>
						<line number="2331" hits="1"/>
						<line number="2332" hits="0"/>
						<line number="2334" hits="1"/>
						<line number="2335" hits="0"/>
						<line number="2337" hits="1"/>
						<line number="2338" hits="1"/>
						<line number="2340" hits="1"/>
						<line number="2341" hits="1"/>
						<line number="2342" hits="0"/>
						<line number="2344" hits="1"/>
						<line number="2345" hits="1"/>
						<line number="2346" hits="1"/>
						<line number="2348" hits="1"/>
						<line number="2350" hits="1"/>
						<line number="2351" hits="1"/>
						<line number="2352" hits="1"/>
						<line number="2354" hits="1"/>
						<line number="2355" hits="1"/>
						<line number="2357" hits="1"/>
						<line number="2358" hits="1"/>
						<line number="2359" hits="1"/>
						<line number="2360" hits="1"/>
						<line number="2363" hits="1"/>
						<line number="2364" hits="1"/>
						<line number="2365" hits="1"/>
						<line number="2367" hits="1"/>
						<line number="2368" hits="1" branch="true" condition-coverage="100% (2/2)"/>
						<line number="2369" hits="1"/>
						<line number="2370" hits="1"/>
						<line number="2372" hits="1"/>
						<line number="2373" hits="1"/>
						<line number="2374" hits="0"/>
						<line number="2376" hits="1"/>
						<line number="2377" hits="1"/>
						<line number="2378" hits="1"/>
						<line number="2380" hits="1"/>
						<line number="2381" hits="1"/>
						<line number="2382" hits="1"/>
						<line number="2384" hits="1"/>
						<line number="2385" hits="1"/>
						<line number="2386" hits="0"/>
						<line number="2388" hits="1"/>
						<line number="2389" hits="1"/>
						<line number="2390" hits="1" branch="true" condition-coverage="50% (1/2)" missing-branches="2391"/>
						<line number="2391" hits="0"/>
						<line number="2392" hits="0" branch="true" condition-coverage="0% (0/2)" missing-branches="2393,2395"/>
						<line number="2393" hits="0"/>
						<line number="2395" hits="0"/>
						<line number="2396" hits="1"/>
						<line number="2398" hits="1"/>
						<line number="2399" hits="1"/>
						<line number="2400" hits="1" branch="true" condition-coverage="100% (2/2)"/>
						<line number="2401" hits="1"/>
						<line number="2402" hits="1" branch="true" condition-coverage="50% (1/2)" missing-branches="2404"/>
						<line number="2403" hits="1"/>
						<line number="2404" hits="0" branch="true" condition-coverage="0% (0/2)" missing-branches="2405,2407"/>
						<line number="2405" hits="0"/>
						<line number="2407" hits="0"/>
						<line number="2408" hits="1"/>
						<line number="2410" hits="1"/>
						<line number="2412" hits="1"/>
						<line number="2413" hits="1"/>
						<line number="2414" hits="1"/>
						<line number="2415" hits="1"/>
						<line number="2418" hits="1"/>
						<line number="2419" hits="1"/>
						<line number="2420" hits="1"/>
						<line number="2421" hits="1"/>
						<line number="2422" hits="1"/>
						<line number="2423" hits="1"/>
						<line number="2424" hits="1"/>
						<line number="2425" hits="1"/>
						<line number="2426" hits="1"/>
						<line number="2427" hits="1"/>
						<line number="2428" hits="1"/>
						<line number="2429" hits="1"/>
						<line number="2430" hits="1"/>
						<line number="2433" hits="1"/>
						<line number="2434" hits="1"/>
						<line number="2435" hits="1"/>
						<line number="2436" hits="1"/>
						<line number="2437" hits="1"/>
						<line number="2442" hits="1"/>
						<line number="2443" hits="1"/>
						<line number="2444" hits="1"/>
						<line number="2445" hits="1"/>
						<line number="2446" hits="1"/>
						<line number="2448" hits="1"/>
						<line number="2449" hits="1"/>
						<line number="2451" hits="1"/>
						<line number="2452" hits="1"/>
						<line number="2453" hits="0"/>
						<line number="2455" hits="1"/>
						<line number="2456" hits="0"/>
						<line number="2458" hits="1"/>
						<line number="2459" hits="0"/>
						<line number="2460" hits="0" branch="true" condition-coverage="0% (0/2)" missing-branches="2461,2462"/>
						<line number="2461" hits="0"/>
						<line number="2462" hits="0" branch="true" condition-coverage="0% (0/2)" missing-branches="2464,2465"/>
						<line number="2464" hits="0"/>
						<line number="2465" hits="0" branch="true" condition-coverage="0% (0/2)" missing-branches="2466,2467"/>
						<line number="2466" hits="0"/>
						<line number="2467" hits="0"/>
						<line number="2469" hits="1"/>
						<line number="2470" hits="1"/>
						<line number="2471" hits="0"/>
						<line number="2473" hits="1"/>
						<line number="2474" hits="1"/>
						<line number="2475" hits="0" branch="true" condition-coverage="0% (0/2)" missing-branches="2476,2477"/>
						<line number="2476" hits="0"/>
						<line number="2477" hits="0" branch="true" condition-coverage="0% (0/2)" missing-branches="2478,2480"/>
						<line number="2478" hits="0"/>
						<line number="2479" hits="0"/>
						<line number="2480" hits="0"/>
						<line number="2482" hits="1"/>
						<line number="2483" hits="0"/>
						<line number="2485" hits="1"/>
						<line number="2486" hits="0"/>
						<line number="2488" hits="0" branch="true" condition-coverage="0% (0/2)" missing-branches="2489,2491"/>
						<line number="2489" hits="0" branch="true" condition-coverage="0% (0/2)" missing-branches="2490,2496"/>
						<line number="2490" hits="0"/>
						<line number="2491" hits="0" branch="true" condition-coverage="0% (0/2)" missing-branches="2492,2495"/>
						<line number="2492" hits="0" branch="true" condition-coverage="0% (0/2)" missing-branches="2493,2496"/>
						<line number="2493" hits="0"/>
						<line number="2495" hits="0"/>
						<line number="2496" hits="0"/>
						<line number="2498" hits="0"/>
						<line number="2499" hits="0"/>
						<line number="2501" hits="0" branch="true" condition-coverage="0% (0/2)" missing-branches="2503,2506"/>
						<line number="2503" hits="0"/>
						<line number="2504" hits="0"/>
						<line number="2505" hits="0"/>
						<line number="2506" hits="0" branch="true" condition-coverage="0% (0/2)" missing-branches="2508,2511"/>
						<line number="2508" hits="0"/>
						<line number="2509" hits="0"/>
						<line number="2511" hits="0"/>
						<line number="2515" hits="0" branch="true" condition-coverage="0% (0/2)" missing-branches="2516,2519"/>
						<line number="2516" hits="0"/>
						<line number="2517" hits="0"/>
						<line number="2519" hits="0"/>
						<line number="2521" hits="0" branch="true" condition-coverage="0% (0/2)" missing-branches="2522,2524"/>
						<line number="2522" hits="0" branch="true" condition-coverage="0% (0/2)" missing-branches="2523,2539"/>
						<line number="2523" hits="0"/>
						<line number="2524" hits="0" branch="true" condition-coverage="0% (0/2)" missing-branches="2525,2527"/>
						<line number="2525" hits="0" branch="true" condition-coverage="0% (0/2)" missing-branches="2526,2539"/>
						<line number="2526" hits="0"/>
						<line number="2527" hits="0" branch="true" condition-coverage="0% (0/2)" missing-branches="2528,2530"/>
						<line number="2528" hits="0" branch="true" condition-coverage="0% (0/2)" missing-branches="2529,2539"/>
						<line number="2529" hits="0"/>
						<line number="2530" hits="0" branch="true" condition-coverage="0% (0/2)" missing-branches="2531,2533"/>
						<line number="2531" hits="0" branch="true" condition-coverage="0% (0/2)" missing-branches="2532,2539"/>
						<line number="2532" hits="0"/>
						<line number="2533" hits="0" branch="true" condition-coverage="0% (0/2)" missing-branches="2534,2537"/>
						<line number="2534" hits="0" branch="true" condition-coverage="0% (0/2)" missing-branches="2535,2539"/>
						<line number="2535" hits="0"/>
						<line number="2537" hits="0"/>
						<line number="2539" hits="0"/>
						<line number="2541" hits="1"/>
						<line number="2542" hits="0"/>
						<line number="2543" hits="0" branch="true" condition-coverage="0% (0/2)" missing-branches="2544,2546"/>
						<line number="2544" hits="0"/>
						<line number="2546" hits="0"/>
						<line number="2547" hits="0" branch="true" condition-coverage="0% (0/2)" missing-branches="2548,2549"/>
						<line number="2548" hits="0"/>
						<line number="2549" hits="0"/>
						<line number="2551" hits="1"/>
						<line number="2554" hits="0"/>
						<line number="2556" hits="1"/>
						<line number="2557" hits="1"/>
						<line number="2558" hits="1"/>
						<line number="2559" hits="1"/>
						<line number="2563" hits="1"/>
						<line number="2564" hits="1"/>
						<line number="2565" hits="1"/>
						<line number="2566" hits="1"/>
						<line number="2575" hits="1"/>
						<line number="2576" hits="1"/>
						<line number="2577" hits="1"/>
						<line number="2578" hits="1"/>
						<line number="2580" hits="1"/>
						<line number="2582" hits="0"/>
						<line number="2584" hits="1"/>
						<line number="2585" hits="1"/>
						<line number="2586" hits="0"/>
						<line number="2587" hits="0" branch="true" condition-coverage="0% (0/2)" missing-branches="2588,2589"/>
						<line number="2588" hits="0"/>
						<line number="2589" hits="0"/>
						<line number="2591" hits="1"/>
						<line number="2592" hits="1"/>
						<line number="2593" hits="0" branch="true" condition-coverage="0% (0/2)" missing-branches="2594,2595"/>
						<line number="2594" hits="0"/>
						<line number="2595" hits="0"/>
						<line number="2597" hits="1"/>
						<line number="2598" hits="1"/>
						<line number="2599" hits="0"/>
						<line number="2601" hits="1"/>
						<line number="2602" hits="1"/>
						<line number="2604" hits="0"/>
						<line number="2606" hits="1"/>
						<line number="2607" hits="1"/>
						<line number="2608" hits="0"/>
						<line number="2610" hits="1"/>
						<line number="2611" hits="0"/>
						<line number="2612" hits="0"/>
						<line number="2613" hits="0"/>
						<line number="2615" hits="1"/>
						<line number="2616" hits="0"/>
						<line number="2617" hits="0"/>
						<line number="2618" hits="0"/>
						<line number="2619" hits="0" branch="true" condition-coverage="0% (0/2)" missing-branches="2620,2621"/>
						<line number="2620" hits="0"/>
						<line number="2621" hits="0" branch="true" condition-coverage="0% (0/2)" missing-branches="2622,2623"/>
						<line number="2622" hits="0"/>
						<line number="2623" hits="0" branch="true" condition-coverage="0% (0/2)" missing-branches="2624,2625"/>
						<line number="2624" hits="0"/>
						<line number="2625" hits="0"/>
						<line number="2627" hits="1"/>
						<line number="2629" hits="0" branch="true" condition-coverage="0% (0/2)" missing-branches="2630,2632"/>
						<line number="2630" hits="0"/>
						<line number="2631" hits="0"/>
						<line number="2632" hits="0"/>
						<line number="2634" hits="1"/>
						<line number="2635" hits="0"/>
						<line number="2636" hits="0"/>
						<line number="2638" hits="1"/>
						<line number="2639" hits="0"/>
						<line number="2641" hits="0" branch="true" condition-coverage="0% (0/2)" missing-branches="exit,2642"/>
						<line number="2642" hits="0"/>
						<line number="2643" hits="0"/>
						<line number="2645" hits="0" branch="true" condition-coverage="0% (0/2)" missing-branches="2646,2669"/>
						<line number="2646" hits="0" branch="true" condition-coverage="0% (0/2)" missing-branches="2647,2669"/>
						<line number="2647" hits="0" branch="true" condition-coverage="0% (0/2)" missing-branches="2648,2649"/>
						<line number="2648" hits="0"/>
						<line number="2649" hits="0" branch="true" condition-coverage="0% (0/2)" missing-branches="2650,2652"/>
						<line number="2650" hits="0"/>
						<line number="2652" hits="0" branch="true" condition-coverage="0% (0/2)" missing-branches="2653,2655"/>
						<line number="2653" hits="0"/>
						<line number="2655" hits="0" branch="true" condition-coverage="0% (0/2)" missing-branches="2656,2657"/>
						<line number="2656" hits="0"/>
						<line number="2657" hits="0" branch="true" condition-coverage="0% (0/2)" missing-branches="2658,2669"/>
						<line number="2658" hits="0" branch="true" condition-coverage="0% (0/2)" missing-branches="2659,2669"/>
						<line number="2659" hits="0" branch="true" condition-coverage="0% (0/2)" missing-branches="2660,2661"/>
						<line number="2660" hits="0"/>
						<line number="2661" hits="0" branch="true" condition-coverage="0% (0/2)" missing-branches="2662,2663"/>
						<line number="2662" hits="0"/>
						<line number="2663" hits="0" branch="true" condition-coverage="0% (0/2)" missing-branches="2664,2665"/>
						<line number="2664" hits="0"/>
						<line number="2665" hits="0" branch="true" condition-coverage="0% (0/2)" missing-branches="2666,2667"/>
						<line number="2666" hits="0"/>
						<line number="2667" hits="0" branch="true" condition-coverage="0% (0/2)" missing-branches="2668,2669"/>
						<line number="2668" hits="0"/>
						<line number="2669" hits="0"/>
						<line number="2671" hits="1"/>
						<line number="2672" hits="0" branch="true" condition-coverage="0% (0/2)" missing-branches="2673,2679"/>
						<line number="2673" hits="0"/>
						<line number="2674" hits="0" branch="true" condition-coverage="0% (0/2)" missing-branches="2675,2676"/>
						<line number="2675" hits="0"/>
						<line number="2676" hits="0"/>
						<line number="2679" hits="0" branch="true" condition-coverage="0% (0/2)" missing-branches="2680,2687"/>
						<line number="2680" hits="0"/>
						<line number="2681" hits="0" branch="true" condition-coverage="0% (0/2)" missing-branches="2682,2683"/>
						<line number="2682" hits="0"/>
						<line number="2683" hits="0"/>
						<line number="2684" hits="0" branch="true" condition-coverage="0% (0/2)" missing-branches="2685,2686"/>
						<line number="2685" hits="0"/>
						<line number="2686" hits="0"/>
[...]
						<line number="11059" hits="1"/>
						<line number="11060" hits="1"/>
						<line number="11061" hits="1"/>
						<line number="11062" hits="1"/>
						<line number="11063" hits="1"/>
						<line number="11064" hits="1" branch="true" condition-coverage="100% (2/2)"/>
						<line number="11065" hits="1"/>
						<line number="11066" hits="1"/>
						<line number="11068" hits="1"/>
						<line number="11069" hits="1"/>
						<line number="11070" hits="1"/>
						<line number="11071" hits="1"/>
						<line number="11072" hits="1"/>
						<line number="11073" hits="1"/>
						<line number="11074" hits="1"/>
						<line number="11075" hits="1"/>
						<line number="11076" hits="1"/>
						<line number="11077" hits="1"/>
						<line number="11079" hits="1"/>
						<line number="11080" hits="0"/>
						<line number="11081" hits="0"/>
						<line number="11083" hits="1"/>
						<line number="11084" hits="0"/>
						<line number="11086" hits="1"/>
						<line number="11087" hits="1"/>
						<line number="11088" hits="1" branch="true" condition-coverage="100% (2/2)"/>
						<line number="11089" hits="1"/>
						<line number="11090" hits="1" branch="true" condition-coverage="50% (1/2)" missing-branches="11091"/>
						<line number="11091" hits="0"/>
						<line number="11092" hits="1" branch="true" condition-coverage="100% (2/2)"/>
						<line number="11093" hits="1"/>
						<line number="11094" hits="1"/>
						<line number="11095" hits="1" branch="true" condition-coverage="50% (1/2)" missing-branches="11096"/>
						<line number="11096" hits="0"/>
						<line number="11097" hits="0"/>
						<line number="11098" hits="1" branch="true" condition-coverage="100% (2/2)"/>
						<line number="11099" hits="1"/>
						<line number="11100" hits="1"/>
						<line number="11101" hits="1" branch="true" condition-coverage="100% (2/2)"/>
						<line number="11102" hits="1"/>
						<line number="11103" hits="1"/>
						<line number="11104" hits="1"/>
						<line number="11105" hits="1"/>
						<line number="11106" hits="1"/>
						<line number="11107" hits="1"/>
						<line number="11109" hits="1"/>
						<line number="11110" hits="1"/>
						<line number="11112" hits="1" branch="true" condition-coverage="100% (2/2)"/>
						<line number="11113" hits="1"/>
						<line number="11114" hits="1"/>
						<line number="11116" hits="1"/>
						<line number="11117" hits="1"/>
						<line number="11119" hits="1" branch="true" condition-coverage="100% (2/2)"/>
						<line number="11120" hits="1"/>
						<line number="11121" hits="1" branch="true" condition-coverage="100% (2/2)"/>
						<line number="11122" hits="1"/>
						<line number="11123" hits="1"/>
						<line number="11124" hits="1"/>
						<line number="11126" hits="1"/>
						<line number="11127" hits="1"/>
						<line number="11129" hits="1" branch="true" condition-coverage="100% (2/2)"/>
						<line number="11130" hits="1"/>
						<line number="11131" hits="1"/>
						<line number="11132" hits="1"/>
						<line number="11133" hits="1"/>
						<line number="11134" hits="1" branch="true" condition-coverage="100% (2/2)"/>
						<line number="11135" hits="1"/>
						<line number="11136" hits="1"/>
						<line number="11138" hits="1"/>
						<line number="11139" hits="1"/>
						<line number="11140" hits="1" branch="true" condition-coverage="100% (2/2)"/>
						<line number="11141" hits="1"/>
						<line number="11142" hits="1"/>
						<line number="11144" hits="1"/>
						<line number="11145" hits="1"/>
						<line number="11147" hits="1"/>
						<line number="11148" hits="1" branch="true" condition-coverage="100% (2/2)"/>
						<line number="11149" hits="1"/>
						<line number="11150" hits="1"/>
						<line number="11151" hits="1"/>
						<line number="11153" hits="1"/>
						<line number="11154" hits="1"/>
						<line number="11158" hits="1"/>
						<line number="11159" hits="1"/>
						<line number="11160" hits="1"/>
						<line number="11161" hits="1"/>
						<line number="11164" hits="1"/>
						<line number="11165" hits="1"/>
						<line number="11167" hits="1"/>
						<line number="11168" hits="1"/>
						<line number="11171" hits="1"/>
						<line number="11172" hits="1" branch="true" condition-coverage="100% (2/2)"/>
						<line number="11173" hits="1"/>
						<line number="11174" hits="1"/>
						<line number="11175" hits="1"/>
						<line number="11176" hits="1"/>
						<line number="11177" hits="1"/>
						<line number="11179" hits="1"/>
						<line number="11180" hits="1"/>
						<line number="11182" hits="1" branch="true" condition-coverage="100% (2/2)"/>
						<line number="11183" hits="1"/>
						<line number="11184" hits="1" branch="true" condition-coverage="100% (2/2)"/>
						<line number="11185" hits="1" branch="true" condition-coverage="100% (2/2)"/>
						<line number="11186" hits="1"/>
						<line number="11188" hits="1"/>
						<line number="11189" hits="1"/>
						<line number="11191" hits="1"/>
						<line number="11192" hits="1"/>
						<line number="11194" hits="1" branch="true" condition-coverage="100% (2/2)"/>
						<line number="11195" hits="1"/>
						<line number="11196" hits="1" branch="true" condition-coverage="100% (2/2)"/>
						<line number="11197" hits="1"/>
						<line number="11198" hits="1"/>
						<line number="11201" hits="1"/>
						<line number="11205" hits="1"/>
						<line number="11206" hits="1"/>
						<line number="11207" hits="1"/>
						<line number="11208" hits="1"/>
						<line number="11210" hits="1"/>
						<line number="11211" hits="1"/>
						<line number="11213" hits="1"/>
						<line number="11214" hits="0"/>
						<line number="11216" hits="1"/>
						<line number="11217" hits="0" branch="true" condition-coverage="0% (0/2)" missing-branches="11218,11219"/>
						<line number="11218" hits="0"/>
						<line number="11219" hits="0" branch="true" condition-coverage="0% (0/2)" missing-branches="11220,11221"/>
						<line number="11220" hits="0"/>
						<line number="11221" hits="0" branch="true" condition-coverage="0% (0/2)" missing-branches="11222,11223"/>
						<line number="11222" hits="0"/>
						<line number="11223" hits="0"/>
						<line number="11225" hits="1"/>
						<line number="11226" hits="1"/>
						<line number="11227" hits="1"/>
						<line number="11228" hits="1"/>
						<line number="11229" hits="1"/>
						<line number="11230" hits="1"/>
						<line number="11231" hits="1"/>
						<line number="11233" hits="1" branch="true" condition-coverage="100% (2/2)"/>
						<line number="11234" hits="1"/>
						<line number="11235" hits="1" branch="true" condition-coverage="50% (1/2)" missing-branches="11236"/>
						<line number="11236" hits="0"/>
						<line number="11238" hits="1"/>
						<line number="11240" hits="1"/>
						<line number="11241" hits="1"/>
						<line number="11242" hits="1"/>
						<line number="11243" hits="1"/>
						<line number="11244" hits="1"/>
						<line number="11245" hits="0"/>
						<line number="11246" hits="0"/>
						<line number="11247" hits="1"/>
						<line number="11249" hits="1"/>
						<line number="11250" hits="1"/>
						<line number="11252" hits="1"/>
						<line number="11253" hits="0"/>
						<line number="11255" hits="1"/>
						<line number="11256" hits="1"/>
						<line number="11257" hits="1"/>
						<line number="11259" hits="1"/>
						<line number="11260" hits="1"/>
						<line number="11261" hits="1"/>
						<line number="11263" hits="1"/>
						<line number="11264" hits="1"/>
						<line number="11266" hits="1" branch="true" condition-coverage="100% (2/2)"/>
						<line number="11267" hits="1"/>
						<line number="11268" hits="1" branch="true" condition-coverage="50% (1/2)" missing-branches="11269"/>
						<line number="11269" hits="0"/>
						<line number="11270" hits="1"/>
						<line number="11271" hits="1" branch="true" condition-coverage="50% (1/2)" missing-branches="11272"/>
						<line number="11272" hits="0"/>
						<line number="11273" hits="1"/>
						<line number="11274" hits="1"/>
						<line number="11275" hits="1"/>
						<line number="11277" hits="1"/>
						<line number="11278" hits="1"/>
						<line number="11280" hits="1"/>
						<line number="11282" hits="1"/>
						<line number="11283" hits="1"/>
						<line number="11284" hits="1" branch="true" condition-coverage="100% (2/2)"/>
						<line number="11285" hits="1"/>
						<line number="11286" hits="1"/>
						<line number="11288" hits="1"/>
						<line number="11289" hits="1"/>
						<line number="11290" hits="1"/>
						<line number="11292" hits="1"/>
						<line number="11295" hits="1" branch="true" condition-coverage="100% (2/2)"/>
						<line number="11296" hits="1"/>
						<line number="11297" hits="1"/>
						<line number="11298" hits="1" branch="true" condition-coverage="50% (1/2)" missing-branches="11299"/>
						<line number="11299" hits="0"/>
						<line number="11300" hits="1"/>
						<line number="11301" hits="1"/>
						<line number="11302" hits="1"/>
						<line number="11303" hits="1"/>
						<line number="11305" hits="1"/>
						<line number="11308" hits="1"/>
						<line number="11309" hits="1"/>
						<line number="11310" hits="1"/>
						<line number="11311" hits="1"/>
						<line number="11313" hits="1"/>
						<line number="11315" hits="1"/>
						<line number="11318" hits="1"/>
						<line number="11319" hits="1"/>
						<line number="11320" hits="1"/>
						<line number="11321" hits="1" branch="true" condition-coverage="100% (2/2)"/>
						<line number="11322" hits="1"/>
						<line number="11323" hits="1"/>
						<line number="11324" hits="1"/>
						<line number="11325" hits="1" branch="true" condition-coverage="50% (1/2)" missing-branches="11326"/>
						<line number="11326" hits="0"/>
						<line number="11327" hits="1"/>
						<line number="11328" hits="1"/>
						<line number="11329" hits="1"/>
						<line number="11332" hits="1"/>
						<line number="11334" hits="1"/>
						<line number="11336" hits="1" branch="true" condition-coverage="100% (2/2)"/>
						<line number="11337" hits="1"/>
						<line number="11338" hits="1"/>
						<line number="11339" hits="1" branch="true" condition-coverage="50% (1/2)" missing-branches="11340"/>
						<line number="11340" hits="0"/>
						<line number="11341" hits="0"/>
						<line number="11342" hits="1" branch="true" condition-coverage="50% (1/2)" missing-branches="11346"/>
						<line number="11343" hits="1"/>
						<line number="11344" hits="1"/>
						<line number="11346" hits="0"/>
						<line number="11348" hits="1"/>
						<line number="11349" hits="1"/>
						<line number="11350" hits="1"/>
						<line number="11351" hits="1"/>
						<line number="11353" hits="1"/>
						<line number="11355" hits="1"/>
						<line number="11356" hits="1"/>
						<line number="11357" hits="1"/>
						<line number="11358" hits="1"/>
						<line number="11359" hits="1"/>
						<line number="11360" hits="1"/>
						<line number="11363" hits="1"/>
						<line number="11364" hits="1"/>
						<line number="11367" hits="1"/>
						<line number="11368" hits="1" branch="true" condition-coverage="50% (1/2)" missing-branches="11373"/>
						<line number="11369" hits="1" branch="true" condition-coverage="100% (2/2)"/>
						<line number="11370" hits="1"/>
						<line number="11373" hits="1"/>
						<line number="11374" hits="1" branch="true" condition-coverage="50% (1/2)" missing-branches="11379"/>
						<line number="11375" hits="1" branch="true" condition-coverage="100% (2/2)"/>
						<line number="11376" hits="1"/>
						<line number="11379" hits="1"/>
						<line number="11380" hits="1" branch="true" condition-coverage="50% (1/2)" missing-branches="11385"/>
						<line number="11381" hits="1" branch="true" condition-coverage="100% (2/2)"/>
						<line number="11382" hits="1"/>
						<line number="11383" hits="1"/>
						<line number="11384" hits="1"/>
						<line number="11385" hits="1"/>
						<line number="11387" hits="1"/>
						<line number="11389" hits="1"/>
						<line number="11390" hits="1" branch="true" condition-coverage="50% (1/2)" missing-branches="11391"/>
						<line number="11391" hits="0"/>
						<line number="11392" hits="0"/>
						<line number="11395" hits="1" branch="true" condition-coverage="100% (2/2)"/>
						<line number="11396" hits="1"/>
						<line number="11397" hits="1" branch="true" condition-coverage="50% (1/2)" missing-branches="11398"/>
						<line number="11398" hits="0"/>
						<line number="11399" hits="0"/>
						<line number="11401" hits="1"/>
						<line number="11403" hits="1"/>
						<line number="11408" hits="0"/>
						<line number="11409" hits="0"/>
						<line number="11411" hits="1"/>
						<line number="11412" hits="1"/>
						<line number="11413" hits="1" branch="true" condition-coverage="50% (1/2)" missing-branches="11414"/>
						<line number="11414" hits="0"/>
						<line number="11415" hits="1" branch="true" condition-coverage="100% (2/2)"/>
						<line number="11416" hits="1"/>
						<line number="11417" hits="1"/>
						<line number="11418" hits="1" branch="true" condition-coverage="100% (2/2)"/>
						<line number="11419" hits="1"/>
						<line number="11420" hits="1" branch="true" condition-coverage="50% (1/2)" missing-branches="11421"/>
						<line number="11421" hits="0"/>
						<line number="11422" hits="1"/>
						<line number="11425" hits="1"/>
						<line number="11427" hits="1"/>
						<line number="11428" hits="1"/>
						<line number="11429" hits="1"/>
						<line number="11430" hits="1"/>
						<line number="11431" hits="1"/>
						<line number="11432" hits="1"/>
						<line number="11433" hits="1"/>
						<line number="11434" hits="1"/>
						<line number="11437" hits="1"/>
						<line number="11439" hits="1"/>
						<line number="11440" hits="1"/>
						<line number="11442" hits="1"/>
						<line number="11443" hits="1"/>
						<line number="11444" hits="1"/>
						<line number="11445" hits="1"/>
						<line number="11446" hits="1"/>
						<line number="11448" hits="1"/>
						<line number="11449" hits="0"/>
						<line number="11451" hits="1"/>
						<line number="11452" hits="1"/>
						<line number="11453" hits="1" branch="true" condition-coverage="50% (1/2)" missing-branches="11454"/>
						<line number="11454" hits="0"/>
						<line number="11456" hits="1" branch="true" condition-coverage="100% (2/2)"/>
						<line number="11457" hits="1"/>
						<line number="11460" hits="1" branch="true" condition-coverage="50% (1/2)" missing-branches="11461"/>
						<line number="11461" hits="0" branch="true" condition-coverage="0% (0/2)" missing-branches="11462,11466"/>
						<line number="11462" hits="0" branch="true" condition-coverage="0% (0/2)" missing-branches="exit,11463"/>
						<line number="11463" hits="0"/>
						<line number="11464" hits="0"/>
						<line number="11466" hits="1"/>
						<line number="11468" hits="1"/>
						<line number="11469" hits="1"/>
						<line number="11470" hits="1"/>
						<line number="11472" hits="1" branch="true" condition-coverage="50% (1/2)" missing-branches="exit"/>
						<line number="11473" hits="1" branch="true" condition-coverage="50% (1/2)" missing-branches="11488"/>
						<line number="11475" hits="1"/>
						<line number="11476" hits="1" branch="true" condition-coverage="50% (1/2)" missing-branches="11477"/>
						<line number="11477" hits="0"/>
						<line number="11480" hits="1"/>
						<line number="11481" hits="1"/>
						<line number="11482" hits="1"/>
						<line number="11483" hits="1" branch="true" condition-coverage="100% (2/2)"/>
						<line number="11484" hits="1"/>
						<line number="11485" hits="0"/>
						<line number="11486" hits="0"/>
						<line number="11488" hits="0"/>
						<line number="11491" hits="1"/>
						<line number="11494" hits="1"/>
						<line number="11495" hits="1"/>
						<line number="11496" hits="1"/>
						<line number="11497" hits="1"/>
						<line number="11498" hits="1"/>
						<line number="11499" hits="1"/>
						<line number="11500" hits="1"/>
						<line number="11501" hits="1"/>
						<line number="11502" hits="1"/>
						<line number="11504" hits="1"/>
						<line number="11505" hits="1"/>
						<line number="11506" hits="1"/>
						<line number="11507" hits="1"/>
						<line number="11508" hits="1"/>
						<line number="11509" hits="1"/>
						<line number="11510" hits="1"/>
						<line number="11512" hits="1"/>
						<line number="11513" hits="0"/>
						<line number="11515" hits="1"/>
						<line number="11517" hits="1"/>
						<line number="11518" hits="1"/>
						<line number="11519" hits="1"/>
						<line number="11520" hits="1"/>
						<line number="11522" hits="1"/>
						<line number="11524" hits="1"/>
						<line number="11525" hits="1"/>
						<line number="11526" hits="1"/>
						<line number="11527" hits="1"/>
						<line number="11528" hits="1"/>
						<line number="11530" hits="1"/>
						<line number="11533" hits="1" branch="true" condition-coverage="100% (2/2)"/>
						<line number="11534" hits="1"/>
						<line number="11535" hits="1"/>
						<line number="11538" hits="1"/>
						<line number="11539" hits="1" branch="true" condition-coverage="100% (2/2)"/>
						<line number="11540" hits="1"/>
						<line number="11542" hits="1"/>
						<line number="11543" hits="1" branch="true" condition-coverage="50% (1/2)" missing-branches="11544"/>
						<line number="11544" hits="0"/>
						<line number="11546" hits="1" branch="true" condition-coverage="50% (1/2)" missing-branches="exit"/>
						<line number="11547" hits="1" branch="true" condition-coverage="50% (1/2)" missing-branches="11548"/>
						<line number="11548" hits="0"/>
						<line number="11549" hits="0"/>
						<line number="11550" hits="0"/>
						<line number="11552" hits="1" branch="true" condition-coverage="50% (1/2)" missing-branches="11553"/>
						<line number="11553" hits="0"/>
						<line number="11556" hits="0"/>
						<line number="11562" hits="1"/>
						<line number="11563" hits="1"/>
						<line number="11564" hits="1" branch="true" condition-coverage="50% (1/2)" missing-branches="11565"/>
						<line number="11565" hits="0"/>
						<line number="11567" hits="0"/>
						<line number="11570" hits="1"/>
						<line number="11582" hits="1" branch="true" condition-coverage="100% (2/2)"/>
						<line number="11583" hits="1"/>
						<line number="11584" hits="1"/>
						<line number="11585" hits="0"/>
						<line number="11586" hits="0"/>
						<line number="11589" hits="1"/>
						<line number="11590" hits="1"/>
						<line number="11591" hits="1"/>
						<line number="11592" hits="1"/>
						<line number="11593" hits="1"/>
						<line number="11596" hits="1"/>
						<line number="11599" hits="1"/>
						<line number="11602" hits="1"/>
						<line number="11603" hits="1"/>
						<line number="11604" hits="1"/>
						<line number="11605" hits="1"/>
						<line number="11606" hits="1"/>
						<line number="11607" hits="1"/>
						<line number="11609" hits="1"/>
						<line number="11610" hits="1" branch="true" condition-coverage="50% (1/2)" missing-branches="11614"/>
						<line number="11612" hits="1"/>
						<line number="11614" hits="1"/>
						<line number="11616" hits="1" branch="true" condition-coverage="50% (1/2)" missing-branches="11644"/>
						<line number="11617" hits="1"/>
						<line number="11619" hits="1" branch="true" condition-coverage="50% (1/2)" missing-branches="11636"/>
						<line number="11620" hits="1"/>
						<line number="11624" hits="1"/>
						<line number="11633" hits="1"/>
						<line number="11634" hits="1"/>
						<line number="11636" hits="0"/>
						<line number="11639" hits="0"/>
						<line number="11640" hits="0"/>
						<line number="11641" hits="0"/>
						<line number="11644" hits="1"/>
						<line number="11645" hits="1" branch="true" condition-coverage="50% (1/2)" missing-branches="11646"/>
						<line number="11646" hits="0"/>
						<line number="11650" hits="1"/>
					</lines>
				</class>
			</classes>
		</package>
	</packages>
</coverage>
