{"meta": {"format": 2, "version": "7.5.0", "timestamp": "2024-04-23T20:15:29.071710", "branch_coverage": true, "show_contexts": false}, "files": {"gef.py": {"executed_lines": [52, 53, 54, 55, 56, 57, 58, 59, 60, 61, 62, 63, 64, 65, 66, 67, 68, 69, 70, 71, 72, 73, 74, 75, 76, 77, 78, 79, 80, 81, 82, 83, 84, 85, 88, 91, 92, 94, 97, 98, 99, 100, 101, 104, 109, 110, 118, 119, 120, 121, 123, 124, 126, 129, 130, 132, 133, 135, 136, 137, 138, 139, 140, 141, 142, 143, 144, 145, 147, 148, 149, 150, 152, 155, 159, 160, 161, 162, 164, 165, 168, 171, 172, 177, 178, 180, 182, 185, 198, 199, 201, 206, 208, 209, 210, 211, 212, 213, 214, 215, 217, 220, 222, 223, 227, 228, 231, 234, 235, 238, 239, 241, 242, 243, 245, 246, 260, 261, 263, 269, 270, 271, 272, 274, 277, 283, 285, 287, 293, 299, 305, 311, 313, 314, 317, 319, 320, 323, 325, 326, 329, 331, 332, 335, 337, 338, 343, 345, 346, 351, 353, 354, 355, 363, 366, 367, 368, 369, 371, 373, 376, 379, 380, 381, 382, 386, 389, 391, 392, 393, 394, 395, 396, 397, 398, 400, 401, 402, 403, 404, 406, 407, 408, 409, 410, 413, 416, 417, 418, 419, 421, 424, 426, 427, 428, 429, 431, 432, 435, 436, 437, 438, 439, 442, 446, 449, 453, 455, 456, 457, 458, 459, 460, 461, 462, 464, 465, 466, 473, 474, 475, 477, 479, 481, 482, 485, 486, 487, 488, 489, 490, 491, 492, 493, 494, 496, 497, 498, 499, 500, 503, 504, 505, 524, 525, 526, 527, 528, 529, 530, 531, 532, 533, 534, 535, 536, 537, 538, 539, 540, 541, 542, 543, 544, 545, 546, 547, 549, 550, 552, 554, 555, 556, 557, 558, 559, 560, 561, 564, 565, 566, 567, 568, 569, 570, 572, 573, 574, 575, 576, 577, 578, 579, 580, 581, 582, 583, 585, 588, 589, 592, 593, 595, 596, 598, 599, 600, 601, 603, 604, 605, 608, 609, 610, 611, 612, 613, 614, 616, 617, 618, 619, 620, 621, 623, 624, 625, 626, 627, 628, 629, 630, 632, 633, 634, 635, 636, 637, 638, 640, 641, 642, 645, 646, 647, 649, 650, 651, 652, 653, 654, 655, 658, 659, 661, 662, 663, 664, 665, 666, 667, 668, 670, 673, 674, 676, 677, 679, 680, 681, 683, 685, 686, 690, 694, 697, 698, 704, 707, 711, 714, 715, 716, 718, 719, 721, 724, 728, 729, 732, 733, 734, 735, 736, 737, 739, 742, 744, 745, 746, 747, 749, 750, 752, 753, 756, 760, 761, 767, 768, 769, 771, 773, 774, 775, 776, 777, 778, 779, 780, 781, 782, 783, 784, 785, 787, 788, 789, 790, 791, 793, 794, 795, 796, 797, 798, 799, 800, 801, 802, 804, 805, 806, 807, 808, 809, 810, 811, 812, 813, 814, 815, 816, 817, 818, 819, 820, 821, 822, 823, 825, 826, 827, 828, 830, 832, 835, 836, 837, 838, 842, 845, 847, 849, 850, 854, 856, 859, 862, 863, 866, 869, 870, 873, 874, 878, 879, 881, 882, 883, 885, 886, 887, 888, 890, 891, 893, 894, 895, 896, 898, 899, 901, 904, 907, 908, 909, 911, 912, 913, 915, 916, 925, 926, 927, 928, 929, 930, 931, 932, 933, 934, 936, 937, 938, 939, 940, 941, 944, 945, 946, 947, 948, 950, 951, 952, 954, 955, 956, 958, 959, 960, 962, 963, 964, 966, 967, 968, 970, 971, 972, 974, 975, 976, 978, 979, 980, 982, 983, 984, 986, 987, 988, 991, 992, 993, 994, 995, 996, 997, 998, 999, 1000, 1001, 1002, 1003, 1004, 1005, 1006, 1007, 1008, 1009, 1010, 1011, 1012, 1013, 1014, 1016, 1017, 1020, 1021, 1022, 1023, 1025, 1026, 1027, 1028, 1029, 1030, 1031, 1032, 1034, 1035, 1037, 1038, 1039, 1040, 1041, 1042, 1043, 1049, 1050, 1052, 1058, 1059, 1060, 1061, 1062, 1063, 1064, 1065, 1066, 1067, 1068, 1069, 1070, 1071, 1072, 1073, 1074, 1075, 1076, 1077, 1078, 1079, 1080, 1081, 1082, 1083, 1084, 1085, 1086, 1087, 1088, 1089, 1090, 1091, 1092, 1093, 1094, 1095, 1096, 1097, 1098, 1099, 1101, 1102, 1105, 1106, 1107, 1108, 1109, 1110, 1111, 1112, 1113, 1114, 1115, 1116, 1117, 1118, 1119, 1120, 1121, 1123, 1124, 1125, 1127, 1128, 1129, 1130, 1131, 1132, 1133, 1134, 1135, 1136, 1137, 1139, 1140, 1142, 1143, 1144, 1145, 1146, 1147, 1148, 1155, 1156, 1157, 1159, 1160, 1161, 1165, 1166, 1167, 1168, 1169, 1170, 1171, 1172, 1174, 1180, 1181, 1183, 1184, 1186, 1190, 1191, 1194, 1197, 1199, 1200, 1201, 1202, 1205, 1206, 1208, 1209, 1211, 1212, 1214, 1219, 1220, 1221, 1223, 1224, 1226, 1227, 1228, 1229, 1230, 1231, 1232, 1233, 1238, 1239, 1242, 1243, 1244, 1247, 1248, 1251, 1252, 1254, 1255, 1256, 1257, 1259, 1260, 1261, 1262, 1263, 1265, 1266, 1267, 1270, 1273, 1276, 1277, 1278, 1280, 1281, 1284, 1285, 1288, 1289, 1291, 1296, 1297, 1298, 1299, 1305, 1306, 1307, 1310, 1311, 1313, 1314, 1315, 1316, 1317, 1318, 1320, 1321, 1322, 1323, 1327, 1329, 1333, 1342, 1344, 1347, 1351, 1352, 1353, 1355, 1356, 1357, 1362, 1363, 1365, 1366, 1367, 1368, 1369, 1371, 1374, 1375, 1377, 1378, 1379, 1381, 1382, 1384, 1385, 1386, 1388, 1389, 1390, 1392, 1393, 1395, 1396, 1399, 1401, 1404, 1405, 1406, 1408, 1409, 1410, 1412, 1413, 1414, 1416, 1417, 1418, 1420, 1421, 1422, 1424, 1425, 1426, 1428, 1429, 1430, 1432, 1433, 1436, 1437, 1438, 1440, 1441, 1444, 1445, 1448, 1449, 1450, 1452, 1453, 1454, 1456, 1458, 1459, 1460, 1461, 1463, 1464, 1465, 1466, 1467, 1469, 1474, 1475, 1477, 1478, 1479, 1480, 1482, 1483, 1484, 1486, 1488, 1489, 1491, 1492, 1493, 1497, 1499, 1500, 1503, 1506, 1507, 1508, 1509, 1510, 1512, 1513, 1528, 1529, 1533, 1534, 1535, 1536, 1538, 1539, 1545, 1546, 1547, 1548, 1549, 1551, 1559, 1561, 1562, 1563, 1564, 1565, 1566, 1567, 1568, 1569, 1570, 1572, 1573, 1574, 1576, 1577, 1579, 1580, 1583, 1584, 1585, 1587, 1588, 1589, 1591, 1592, 1593, 1595, 1596, 1599, 1600, 1603, 1604, 1607, 1609, 1610, 1611, 1612, 1613, 1615, 1616, 1617, 1619, 1620, 1622, 1623, 1624, 1625, 1627, 1628, 1630, 1631, 1633, 1636, 1638, 1641, 1642, 1645, 1646, 1648, 1649, 1650, 1652, 1653, 1655, 1656, 1658, 1659, 1661, 1662, 1664, 1668, 1671, 1672, 1674, 1675, 1676, 1678, 1679, 1680, 1681, 1685, 1686, 1687, 1688, 1692, 1693, 1695, 1697, 1714, 1715, 1718, 1719, 1723, 1725, 1727, 1728, 1729, 1730, 1731, 1732, 1734, 1737, 1739, 1740, 1741, 1742, 1744, 1746, 1753, 1755, 1756, 1758, 1760, 1761, 1763, 1764, 1767, 1769, 1770, 1771, 1772, 1774, 1777, 1780, 1781, 1782, 1783, 1786, 1787, 1788, 1791, 1792, 1793, 1796, 1797, 1798, 1801, 1802, 1803, 1806, 1808, 1811, 1812, 1815, 1818, 1824, 1825, 1827, 1828, 1829, 1831, 1832, 1834, 1837, 1838, 1840, 1841, 1842, 1843, 1844, 1845, 1846, 1847, 1849, 1850, 1851, 1855, 1856, 1857, 1860, 1862, 1863, 1864, 1865, 1868, 1870, 1873, 1874, 1876, 1877, 1878, 1879, 1880, 1882, 1885, 1886, 1893, 1894, 1895, 1897, 1898, 1899, 1900, 1902, 1903, 1904, 1905, 1908, 1916, 1917, 1919, 1920, 1921, 1923, 1924, 1925, 1927, 1928, 1929, 1930, 1934, 1935, 1938, 1940, 1943, 1945, 1948, 1950, 1951, 1954, 1956, 1957, 1960, 1961, 1962, 1963, 1965, 1966, 1967, 1970, 1971, 1972, 1973, 1974, 1976, 1978, 1979, 1980, 1981, 1982, 1984, 1986, 1987, 1988, 1991, 2001, 2007, 2008, 2016, 2017, 2025, 2026, 2031, 2032, 2033, 2037, 2038, 2039, 2040, 2041, 2042, 2045, 2054, 2055, 2057, 2058, 2059, 2060, 2061, 2062, 2063, 2064, 2065, 2067, 2069, 2070, 2072, 2074, 2077, 2080, 2084, 2088, 2089, 2090, 2091, 2093, 2096, 2097, 2101, 2104, 2105, 2108, 2109, 2111, 2114, 2115, 2120, 2123, 2126, 2128, 2129, 2132, 2134, 2137, 2139, 2142, 2145, 2147, 2148, 2149, 2150, 2151, 2152, 2153, 2158, 2159, 2162, 2164, 2165, 2168, 2183, 2184, 2188, 2189, 2216, 2217, 2222, 2223, 2226, 2227, 2231, 2232, 2236, 2238, 2239, 2240, 2241, 2244, 2245, 2246, 2247, 2250, 2251, 2252, 2253, 2259, 2260, 2263, 2264, 2265, 2267, 2269, 2270, 2271, 2272, 2273, 2276, 2277, 2280, 2281, 2282, 2283, 2284, 2285, 2286, 2287, 2288, 2289, 2290, 2293, 2294, 2295, 2296, 2298, 2299, 2300, 2303, 2306, 2309, 2312, 2313, 2317, 2319, 2322, 2325, 2328, 2331, 2334, 2337, 2338, 2340, 2341, 2344, 2345, 2346, 2348, 2350, 2351, 2352, 2354, 2355, 2357, 2358, 2359, 2360, 2363, 2364, 2365, 2367, 2368, 2369, 2370, 2372, 2373, 2376, 2377, 2378, 2380, 2381, 2382, 2384, 2385, 2388, 2389, 2390, 2396, 2398, 2399, 2400, 2401, 2402, 2403, 2408, 2410, 2412, 2413, 2414, 2415, 2418, 2419, 2420, 2421, 2422, 2423, 2424, 2425, 2426, 2427, 2428, 2429, 2430, 2433, 2434, 2435, 2436, 2437, 2442, 2443, 2444, 2445, 2446, 2448, 2449, 2451, 2452, 2455, 2458, 2469, 2470, 2473, 2474, 2482, 2485, 2541, 2551, 2556, 2557, 2558, 2559, 2563, 2564, 2565, 2566, 2575, 2576, 2577, 2578, 2580, 2584, 2585, 2591, 2592, 2597, 2598, 2601, 2602, 2606, 2607, 2610, 2615, 2627, 2634, 2638, 2671, 2695, 2696, 2713, 2714, 2715, 2716, 2718, 2724, 2725, 2726, 2737, 2738, 2739, 2740, 2742, 2747, 2754, 2758, 2762, 2763, 2773, 2774, 2797, 2804, 2835, 2836, 2837, 2838, 2840, 2841, 2842, 2843, 2844, 2845, 2846, 2847, 2848, 2862, 2863, 2864, 2865, 2867, 2868, 2869, 2870, 2871, 2873, 2874, 2875, 2876, 2878, 2879, 2881, 2882, 2883, 2889, 2891, 2936, 2937, 2938, 2939, 2944, 2946, 2948, 2949, 2964, 2975, 2976, 2977, 2978, 2980, 2983, 2984, 2985, 2986, 2987, 2989, 2990, 2992, 2993, 3018, 3019, 3021, 3022, 3023, 3024, 3026, 3032, 3033, 3034, 3035, 3036, 3047, 3048, 3049, 3050, 3053, 3060, 3063, 3066, 3071, 3084, 3094, 3095, 3120, 3121, 3122, 3123, 3124, 3127, 3128, 3131, 3132, 3133, 3135, 3141, 3142, 3143, 3144, 3145, 3153, 3154, 3155, 3157, 3164, 3167, 3170, 3179, 3203, 3213, 3214, 3233, 3234, 3238, 3239, 3240, 3242, 3249, 3250, 3257, 3259, 3260, 3279, 3280, 3281, 3282, 3285, 3291, 3292, 3293, 3294, 3295, 3296, 3297, 3298, 3299, 3301, 3304, 3307, 3310, 3315, 3337, 3347, 3348, 3364, 3365, 3366, 3367, 3368, 3370, 3371, 3372, 3374, 3377, 3396, 3397, 3398, 3402, 3403, 3404, 3408, 3414, 3420, 3422, 3423, 3426, 3433, 3434, 3438, 3439, 3440, 3441, 3442, 3443, 3446, 3447, 3454, 3455, 3456, 3457, 3458, 3459, 3462, 3464, 3465, 3466, 3467, 3471, 3479, 3480, 3482, 3483, 3484, 3485, 3486, 3489, 3490, 3492, 3493, 3494, 3495, 3497, 3498, 3500, 3502, 3503, 3506, 3509, 3513, 3514, 3517, 3518, 3519, 3521, 3524, 3525, 3528, 3532, 3533, 3534, 3536, 3537, 3538, 3540, 3542, 3543, 3545, 3553, 3556, 3557, 3560, 3561, 3562, 3566, 3567, 3570, 3571, 3572, 3573, 3576, 3577, 3580, 3581, 3582, 3584, 3585, 3588, 3590, 3591, 3594, 3596, 3597, 3598, 3601, 3603, 3606, 3608, 3609, 3610, 3613, 3615, 3616, 3617, 3618, 3619, 3620, 3623, 3624, 3627, 3628, 3629, 3630, 3631, 3632, 3633, 3634, 3636, 3637, 3641, 3645, 3648, 3652, 3655, 3656, 3657, 3658, 3659, 3660, 3663, 3664, 3665, 3679, 3681, 3682, 3685, 3687, 3688, 3691, 3693, 3694, 3719, 3720, 3722, 3725, 3726, 3728, 3731, 3732, 3734, 3737, 3738, 3740, 3743, 3744, 3745, 3748, 3749, 3753, 3761, 3764, 3772, 3773, 3774, 3775, 3780, 3781, 3782, 3785, 3788, 3789, 3790, 3791, 3792, 3793, 3796, 3797, 3816, 3819, 3820, 3821, 3834, 3836, 3837, 3838, 3841, 3843, 3844, 3846, 3849, 3852, 3854, 3857, 3862, 3868, 3870, 3871, 3872, 3875, 3876, 3877, 3878, 3881, 3883, 3886, 3888, 3889, 3891, 3892, 3893, 3894, 3895, 3897, 3898, 3900, 3901, 3902, 3904, 3907, 3909, 3910, 3913, 3916, 3917, 3918, 3919, 3920, 3923, 3924, 3926, 3927, 3931, 3933, 3934, 3936, 3937, 3938, 3939, 3940, 3943, 3946, 3947, 3948, 3949, 3950, 3951, 3952, 3955, 3958, 3960, 3961, 3964, 3965, 3979, 3980, 3984, 3985, 3989, 3990, 3994, 3995, 4000, 4001, 4005, 4006, 4010, 4011, 4015, 4016, 4021, 4022, 4026, 4027, 4031, 4032, 4036, 4037, 4044, 4045, 4046, 4049, 4050, 4054, 4055, 4056, 4059, 4060, 4064, 4065, 4066, 4069, 4070, 4071, 4074, 4075, 4076, 4079, 4080, 4081, 4084, 4085, 4089, 4090, 4094, 4095, 4096, 4099, 4100, 4104, 4105, 4106, 4109, 4110, 4118, 4119, 4121, 4124, 4125, 4127, 4128, 4130, 4131, 4134, 4136, 4137, 4140, 4141, 4142, 4147, 4151, 4152, 4153, 4154, 4156, 4169, 4170, 4171, 4172, 4173, 4174, 4175, 4177, 4178, 4179, 4180, 4181, 4183, 4186, 4187, 4188, 4189, 4190, 4191, 4193, 4194, 4199, 4200, 4202, 4203, 4204, 4205, 4207, 4208, 4209, 4210, 4211, 4213, 4214, 4215, 4216, 4218, 4221, 4222, 4225, 4231, 4239, 4240, 4242, 4243, 4244, 4245, 4246, 4248, 4249, 4250, 4251, 4252, 4253, 4256, 4257, 4259, 4260, 4261, 4262, 4263, 4264, 4266, 4267, 4268, 4272, 4273, 4274, 4277, 4287, 4297, 4299, 4301, 4302, 4303, 4304, 4305, 4307, 4321, 4322, 4325, 4326, 4328, 4329, 4330, 4331, 4333, 4334, 4335, 4336, 4337, 4338, 4341, 4342, 4344, 4345, 4346, 4347, 4348, 4349, 4351, 4352, 4353, 4357, 4358, 4359, 4360, 4365, 4367, 4369, 4371, 4377, 4379, 4382, 4383, 4385, 4386, 4387, 4388, 4390, 4391, 4392, 4393, 4394, 4395, 4396, 4397, 4399, 4400, 4409, 4420, 4422, 4423, 4435, 4437, 4438, 4440, 4441, 4444, 4445, 4447, 4448, 4449, 4450, 4451, 4453, 4454, 4455, 4456, 4457, 4460, 4461, 4463, 4464, 4465, 4466, 4467, 4468, 4470, 4491, 4492, 4494, 4495, 4496, 4497, 4499, 4500, 4501, 4504, 4505, 4507, 4508, 4509, 4510, 4511, 4513, 4519, 4520, 4522, 4523, 4524, 4525, 4532, 4557, 4558, 4562, 4563, 4567, 4568, 4574, 4575, 4577, 4579, 4580, 4581, 4582, 4584, 4585, 4587, 4588, 4589, 4590, 4592, 4593, 4598, 4599, 4601, 4602, 4603, 4604, 4606, 4607, 4608, 4609, 4612, 4613, 4614, 4615, 4616, 4617, 4618, 4619, 4620, 4621, 4622, 4623, 4624, 4625, 4626, 4627, 4628, 4629, 4631, 4632, 4633, 4634, 4635, 4636, 4639, 4640, 4641, 4642, 4645, 4647, 4648, 4649, 4651, 4654, 4655, 4657, 4658, 4660, 4661, 4662, 4664, 4665, 4666, 4667, 4669, 4670, 4672, 4674, 4675, 4678, 4679, 4680, 4682, 4683, 4686, 4687, 4689, 4690, 4693, 4695, 4696, 4697, 4698, 4700, 4701, 4702, 4705, 4708, 4710, 4711, 4712, 4714, 4715, 4718, 4722, 4723, 4724, 4725, 4726, 4735, 4736, 4737, 4739, 4740, 4741, 4743, 4744, 4745, 4746, 4747, 4749, 4750, 4751, 4752, 4757, 4758, 4759, 4760, 4762, 4763, 4764, 4767, 4768, 4769, 4771, 4772, 4774, 4775, 4776, 4782, 4784, 4785, 4786, 4787, 4789, 4790, 4792, 4799, 4800, 4801, 4803, 4804, 4806, 4807, 4811, 4812, 4813, 4815, 4816, 4817, 4818, 4819, 4821, 4822, 4823, 4824, 4825, 4827, 4829, 4830, 4831, 4832, 4833, 4834, 4835, 4838, 4839, 4840, 4843, 4844, 4848, 4854, 4855, 4858, 4859, 4860, 4862, 4863, 4865, 4866, 4867, 4869, 4870, 4871, 4872, 4875, 4876, 4877, 4879, 4880, 4882, 4883, 4884, 4885, 4889, 4890, 4893, 4898, 4900, 4901, 4902, 4903, 4904, 4907, 4908, 4909, 4911, 4912, 4914, 4915, 4916, 4917, 4919, 4921, 4925, 4926, 4929, 4930, 4933, 4934, 4935, 4937, 4938, 4940, 4941, 4943, 4944, 4949, 4952, 4955, 4956, 4958, 4960, 4963, 4964, 4967, 4968, 4969, 4971, 4972, 4974, 4976, 4977, 4981, 4985, 4989, 4990, 4991, 4992, 4993, 4994, 4995, 4996, 4999, 5000, 5002, 5003, 5007, 5010, 5011, 5012, 5014, 5015, 5017, 5034, 5035, 5036, 5038, 5039, 5041, 5058, 5059, 5060, 5062, 5063, 5064, 5067, 5068, 5069, 5070, 5071, 5073, 5074, 5075, 5077, 5078, 5079, 5080, 5081, 5083, 5084, 5085, 5086, 5087, 5088, 5089, 5090, 5093, 5095, 5096, 5097, 5098, 5099, 5100, 5104, 5105, 5106, 5107, 5112, 5114, 5115, 5116, 5117, 5118, 5121, 5124, 5125, 5126, 5128, 5129, 5131, 5132, 5133, 5135, 5136, 5137, 5138, 5142, 5143, 5147, 5148, 5149, 5152, 5153, 5154, 5157, 5158, 5159, 5161, 5162, 5163, 5165, 5166, 5167, 5168, 5169, 5170, 5171, 5172, 5173, 5175, 5176, 5177, 5178, 5179, 5180, 5181, 5182, 5184, 5185, 5186, 5188, 5189, 5191, 5192, 5193, 5194, 5195, 5196, 5198, 5199, 5200, 5201, 5202, 5205, 5207, 5208, 5209, 5210, 5211, 5212, 5214, 5216, 5217, 5218, 5219, 5220, 5221, 5230, 5231, 5232, 5234, 5235, 5236, 5240, 5241, 5242, 5243, 5244, 5246, 5247, 5248, 5249, 5250, 5251, 5252, 5255, 5257, 5261, 5263, 5278, 5282, 5283, 5284, 5285, 5286, 5287, 5309, 5310, 5311, 5313, 5314, 5316, 5317, 5318, 5319, 5320, 5321, 5322, 5323, 5324, 5325, 5326, 5327, 5328, 5329, 5330, 5331, 5332, 5333, 5334, 5335, 5337, 5338, 5339, 5341, 5342, 5343, 5344, 5345, 5346, 5348, 5349, 5350, 5351, 5353, 5354, 5355, 5356, 5358, 5359, 5360, 5363, 5364, 5365, 5366, 5367, 5368, 5369, 5371, 5373, 5375, 5376, 5378, 5379, 5380, 5381, 5382, 5383, 5384, 5385, 5386, 5387, 5388, 5390, 5392, 5393, 5394, 5395, 5396, 5397, 5398, 5399, 5401, 5403, 5408, 5409, 5410, 5412, 5413, 5419, 5420, 5423, 5424, 5425, 5426, 5427, 5428, 5430, 5436, 5437, 5438, 5439, 5440, 5442, 5444, 5446, 5448, 5449, 5450, 5451, 5452, 5453, 5454, 5456, 5457, 5471, 5472, 5473, 5474, 5475, 5476, 5478, 5479, 5480, 5481, 5483, 5485, 5486, 5487, 5488, 5489, 5490, 5491, 5493, 5496, 5497, 5498, 5499, 5500, 5503, 5504, 5505, 5508, 5511, 5513, 5514, 5515, 5516, 5518, 5519, 5520, 5521, 5522, 5523, 5524, 5526, 5533, 5534, 5535, 5537, 5538, 5539, 5540, 5542, 5543, 5544, 5545, 5546, 5548, 5549, 5550, 5551, 5552, 5554, 5555, 5561, 5562, 5564, 5565, 5566, 5567, 5570, 5571, 5572, 5579, 5580, 5582, 5584, 5585, 5586, 5587, 5588, 5589, 5592, 5594, 5595, 5596, 5597, 5601, 5603, 5604, 5605, 5607, 5611, 5612, 5613, 5614, 5615, 5616, 5618, 5619, 5620, 5622, 5623, 5624, 5625, 5628, 5629, 5630, 5632, 5633, 5635, 5636, 5637, 5639, 5641, 5642, 5643, 5644, 5645, 5646, 5647, 5648, 5649, 5652, 5653, 5654, 5656, 5657, 5658, 5660, 5661, 5662, 5664, 5665, 5669, 5670, 5671, 5672, 5673, 5674, 5676, 5677, 5680, 5681, 5682, 5684, 5685, 5686, 5688, 5689, 5690, 5692, 5701, 5713, 5726, 5727, 5728, 5730, 5731, 5732, 5734, 5735, 5736, 5797, 5803, 5804, 5805, 5808, 5809, 5810, 5811, 5813, 5814, 5815, 5819, 5820, 5822, 5825, 5827, 5828, 5830, 5833, 5834, 5836, 5840, 5844, 5845, 5847, 5848, 5849, 5850, 5852, 5853, 5855, 5856, 5858, 5859, 5860, 5864, 5865, 5866, 5867, 5868, 5869, 5870, 5871, 5875, 5878, 5879, 5880, 5883, 5884, 5885, 5886, 5891, 5892, 5893, 5894, 5895, 5897, 5898, 5899, 5900, 5902, 5903, 5904, 5905, 5907, 5908, 5909, 5911, 5913, 5914, 5915, 5917, 5918, 5919, 5923, 5924, 5928, 5929, 5930, 5931, 5932, 5933, 5937, 5939, 5941, 5943, 5946, 5947, 5949, 5950, 5951, 5955, 5956, 5959, 5960, 5961, 5962, 5963, 5964, 5965, 5966, 5967, 5968, 5970, 5972, 5974, 5976, 5977, 5978, 5979, 5981, 5982, 5983, 5985, 5986, 5987, 5988, 5989, 5990, 5992, 5993, 5995, 5996, 5997, 5998, 6002, 6003, 6004, 6006, 6007, 6009, 6010, 6012, 6014, 6015, 6017, 6021, 6027, 6046, 6047, 6048, 6051, 6052, 6053, 6055, 6056, 6057, 6058, 6061, 6062, 6066, 6067, 6070, 6071, 6073, 6077, 6081, 6082, 6083, 6084, 6085, 6086, 6087, 6088, 6090, 6092, 6094, 6095, 6098, 6099, 6100, 6106, 6107, 6108, 6112, 6113, 6114, 6116, 6117, 6118, 6123, 6124, 6129, 6130, 6131, 6132, 6133, 6143, 6144, 6146, 6147, 6148, 6149, 6150, 6152, 6153, 6154, 6155, 6156, 6159, 6160, 6161, 6163, 6164, 6168, 6173, 6174, 6175, 6177, 6178, 6179, 6180, 6181, 6182, 6184, 6185, 6186, 6188, 6189, 6190, 6193, 6194, 6195, 6197, 6198, 6200, 6201, 6203, 6204, 6205, 6207, 6208, 6209, 6210, 6211, 6212, 6215, 6216, 6217, 6220, 6221, 6227, 6235, 6236, 6237, 6239, 6240, 6241, 6242, 6243, 6244, 6245, 6246, 6247, 6248, 6250, 6251, 6252, 6254, 6255, 6256, 6257, 6258, 6260, 6261, 6262, 6263, 6264, 6265, 6266, 6268, 6269, 6272, 6273, 6274, 6276, 6277, 6278, 6279, 6280, 6281, 6282, 6284, 6286, 6287, 6290, 6291, 6292, 6294, 6295, 6296, 6301, 6302, 6304, 6307, 6308, 6309, 6312, 6313, 6316, 6318, 6319, 6320, 6322, 6323, 6324, 6325, 6326, 6327, 6328, 6331, 6332, 6333, 6335, 6336, 6338, 6339, 6340, 6342, 6343, 6348, 6349, 6350, 6352, 6353, 6354, 6356, 6357, 6358, 6360, 6361, 6362, 6365, 6367, 6371, 6375, 6376, 6381, 6382, 6384, 6388, 6391, 6392, 6393, 6395, 6396, 6398, 6399, 6400, 6401, 6402, 6405, 6406, 6407, 6410, 6411, 6413, 6414, 6415, 6417, 6418, 6419, 6420, 6421, 6426, 6427, 6429, 6430, 6431, 6434, 6435, 6436, 6437, 6439, 6440, 6443, 6445, 6446, 6449, 6450, 6451, 6452, 6453, 6455, 6456, 6457, 6460, 6461, 6462, 6463, 6464, 6470, 6471, 6473, 6474, 6475, 6476, 6477, 6479, 6480, 6481, 6483, 6486, 6487, 6488, 6489, 6490, 6492, 6493, 6494, 6495, 6497, 6498, 6499, 6500, 6501, 6502, 6503, 6504, 6505, 6507, 6508, 6509, 6512, 6513, 6514, 6517, 6518, 6519, 6520, 6522, 6523, 6524, 6525, 6526, 6527, 6528, 6529, 6530, 6531, 6532, 6533, 6534, 6535, 6540, 6541, 6542, 6545, 6547, 6548, 6549, 6551, 6552, 6553, 6555, 6557, 6558, 6559, 6560, 6561, 6562, 6563, 6565, 6566, 6567, 6569, 6571, 6575, 6576, 6578, 6579, 6581, 6582, 6584, 6585, 6586, 6587, 6589, 6591, 6592, 6594, 6596, 6597, 6598, 6600, 6601, 6603, 6606, 6607, 6608, 6611, 6612, 6613, 6615, 6616, 6617, 6619, 6620, 6634, 6635, 6637, 6638, 6642, 6644, 6647, 6649, 6650, 6651, 6652, 6654, 6656, 6657, 6658, 6659, 6660, 6661, 6663, 6664, 6665, 6668, 6669, 6670, 6673, 6674, 6676, 6678, 6679, 6680, 6682, 6683, 6685, 6689, 6690, 6695, 6696, 6697, 6698, 6702, 6704, 6705, 6706, 6708, 6710, 6711, 6715, 6716, 6717, 6718, 6719, 6720, 6721, 6724, 6725, 6726, 6728, 6729, 6730, 6731, 6733, 6737, 6739, 6740, 6741, 6743, 6748, 6749, 6750, 6751, 6752, 6753, 6754, 6756, 6757, 6759, 6760, 6762, 6764, 6767, 6778, 6780, 6785, 6787, 6793, 6804, 6808, 6812, 6813, 6815, 6816, 6817, 6820, 6821, 6822, 6825, 6826, 6828, 6829, 6830, 6832, 6833, 6834, 6835, 6836, 6838, 6839, 6843, 6844, 6845, 6847, 6848, 6852, 6853, 6854, 6855, 6856, 6858, 6859, 6860, 6861, 6863, 6864, 6865, 6869, 6872, 6874, 6875, 6876, 6882, 6883, 6886, 6887, 6888, 6891, 6892, 6894, 6895, 6896, 6898, 6899, 6900, 6901, 6902, 6906, 6907, 6908, 6909, 6910, 6911, 6912, 6913, 6916, 6917, 6918, 6920, 6921, 6923, 6924, 6925, 6927, 6928, 6929, 6930, 6931, 6935, 6936, 6937, 6938, 6939, 6940, 6941, 6942, 6944, 6945, 6946, 6947, 6950, 6951, 6952, 6954, 6955, 6957, 6958, 6959, 6961, 6962, 6963, 6964, 6965, 6969, 6970, 6971, 6972, 6973, 6974, 6975, 6976, 6978, 6979, 6980, 6981, 6984, 6985, 6986, 6988, 6989, 6990, 6993, 6994, 6995, 6996, 6997, 6998, 6999, 7001, 7002, 7003, 7004, 7005, 7006, 7009, 7010, 7011, 7012, 7013, 7015, 7016, 7017, 7020, 7022, 7027, 7028, 7029, 7030, 7031, 7032, 7034, 7037, 7038, 7039, 7040, 7042, 7044, 7045, 7046, 7047, 7049, 7050, 7051, 7053, 7054, 7056, 7057, 7058, 7059, 7062, 7063, 7064, 7065, 7066, 7067, 7068, 7069, 7071, 7073, 7074, 7075, 7078, 7079, 7080, 7083, 7084, 7086, 7087, 7088, 7090, 7091, 7092, 7093, 7096, 7097, 7098, 7100, 7101, 7102, 7104, 7105, 7107, 7108, 7113, 7114, 7116, 7118, 7120, 7121, 7125, 7128, 7129, 7131, 7132, 7133, 7134, 7135, 7136, 7137, 7138, 7139, 7141, 7142, 7145, 7146, 7147, 7149, 7150, 7151, 7153, 7154, 7156, 7157, 7162, 7167, 7168, 7170, 7171, 7172, 7173, 7174, 7175, 7177, 7178, 7179, 7180, 7181, 7182, 7183, 7186, 7187, 7188, 7191, 7192, 7193, 7194, 7196, 7197, 7198, 7199, 7201, 7202, 7203, 7204, 7205, 7206, 7207, 7209, 7210, 7211, 7213, 7214, 7216, 7222, 7227, 7228, 7230, 7232, 7233, 7234, 7236, 7237, 7238, 7240, 7241, 7242, 7244, 7246, 7248, 7251, 7252, 7253, 7256, 7257, 7258, 7260, 7261, 7262, 7264, 7265, 7266, 7268, 7272, 7273, 7276, 7277, 7282, 7299, 7300, 7302, 7303, 7305, 7308, 7309, 7310, 7312, 7315, 7316, 7317, 7320, 7321, 7322, 7324, 7326, 7329, 7330, 7331, 7335, 7336, 7337, 7339, 7340, 7341, 7342, 7344, 7345, 7346, 7350, 7354, 7355, 7356, 7358, 7359, 7361, 7362, 7363, 7369, 7370, 7374, 7377, 7380, 7382, 7384, 7385, 7386, 7387, 7389, 7390, 7391, 7393, 7394, 7395, 7396, 7398, 7399, 7400, 7401, 7402, 7403, 7404, 7405, 7406, 7407, 7410, 7411, 7412, 7414, 7415, 7416, 7417, 7419, 7420, 7421, 7423, 7424, 7425, 7426, 7431, 7432, 7435, 7436, 7437, 7442, 7443, 7444, 7446, 7448, 7449, 7450, 7451, 7452, 7453, 7454, 7455, 7456, 7457, 7458, 7459, 7460, 7461, 7462, 7463, 7464, 7465, 7466, 7467, 7468, 7469, 7470, 7471, 7472, 7474, 7487, 7488, 7490, 7491, 7492, 7493, 7495, 7496, 7497, 7506, 7507, 7508, 7509, 7511, 7515, 7518, 7520, 7523, 7525, 7526, 7529, 7530, 7532, 7533, 7536, 7537, 7538, 7541, 7543, 7551, 7553, 7555, 7557, 7559, 7562, 7563, 7566, 7567, 7568, 7570, 7571, 7572, 7573, 7574, 7575, 7576, 7577, 7578, 7580, 7581, 7582, 7585, 7586, 7587, 7588, 7589, 7651, 7652, 7654, 7655, 7657, 7658, 7659, 7663, 7668, 7670, 7671, 7673, 7674, 7675, 7676, 7677, 7678, 7679, 7680, 7682, 7686, 7688, 7689, 7691, 7693, 7696, 7697, 7698, 7699, 7700, 7702, 7703, 7705, 7706, 7708, 7709, 7711, 7712, 7714, 7723, 7725, 7726, 7729, 7731, 7733, 7734, 7735, 7739, 7744, 7745, 7746, 7748, 7749, 7750, 7751, 7786, 7806, 7868, 7869, 7870, 7872, 7873, 7874, 7875, 7876, 7878, 7879, 7882, 7883, 7884, 7886, 7887, 7889, 7890, 7891, 7892, 7894, 7895, 7897, 7898, 7899, 7904, 7905, 7906, 7907, 7909, 7910, 7911, 7913, 7915, 7916, 7918, 7919, 7920, 7921, 7922, 7923, 7924, 7925, 7927, 7928, 7929, 7930, 7931, 7932, 7934, 7935, 7936, 7937, 7938, 7939, 7940, 7941, 7942, 7943, 7944, 7952, 7953, 7957, 7958, 7959, 7961, 7962, 7965, 7967, 7968, 7970, 7971, 7975, 7979, 7980, 7981, 7982, 7987, 7988, 7989, 7991, 7992, 7993, 7996, 7997, 7998, 7999, 8000, 8001, 8002, 8003, 8004, 8006, 8007, 8008, 8009, 8012, 8013, 8014, 8018, 8020, 8021, 8022, 8023, 8024, 8025, 8026, 8027, 8028, 8029, 8031, 8032, 8034, 8035, 8036, 8037, 8040, 8041, 8042, 8043, 8044, 8046, 8048, 8049, 8050, 8055, 8057, 8058, 8059, 8062, 8065, 8069, 8070, 8072, 8073, 8074, 8075, 8076, 8078, 8079, 8080, 8081, 8082, 8085, 8086, 8087, 8091, 8096, 8097, 8099, 8100, 8101, 8103, 8104, 8105, 8107, 8108, 8109, 8110, 8113, 8115, 8116, 8117, 8118, 8119, 8122, 8124, 8125, 8126, 8127, 8128, 8129, 8130, 8131, 8133, 8134, 8135, 8138, 8139, 8140, 8141, 8142, 8144, 8145, 8146, 8148, 8149, 8154, 8155, 8156, 8157, 8158, 8159, 8162, 8163, 8164, 8166, 8167, 8168, 8172, 8173, 8174, 8176, 8177, 8178, 8183, 8185, 8186, 8188, 8189, 8190, 8193, 8194, 8195, 8196, 8197, 8198, 8201, 8202, 8203, 8205, 8206, 8207, 8211, 8212, 8213, 8214, 8217, 8220, 8221, 8222, 8223, 8224, 8226, 8227, 8228, 8229, 8230, 8233, 8234, 8235, 8236, 8237, 8239, 8240, 8241, 8242, 8243, 8251, 8252, 8253, 8255, 8256, 8257, 8259, 8260, 8261, 8262, 8263, 8264, 8266, 8267, 8268, 8269, 8270, 8274, 8275, 8276, 8277, 8279, 8280, 8281, 8282, 8283, 8285, 8286, 8288, 8289, 8291, 8292, 8293, 8295, 8296, 8298, 8299, 8301, 8307, 8308, 8309, 8310, 8312, 8313, 8314, 8315, 8316, 8317, 8318, 8319, 8320, 8322, 8324, 8326, 8329, 8330, 8331, 8333, 8334, 8335, 8337, 8338, 8339, 8340, 8343, 8344, 8345, 8347, 8348, 8349, 8351, 8352, 8353, 8354, 8357, 8358, 8359, 8361, 8362, 8363, 8365, 8366, 8367, 8368, 8371, 8372, 8373, 8375, 8376, 8377, 8379, 8380, 8381, 8382, 8385, 8386, 8387, 8389, 8390, 8392, 8399, 8400, 8401, 8402, 8404, 8405, 8406, 8407, 8408, 8412, 8416, 8417, 8418, 8420, 8421, 8422, 8423, 8424, 8429, 8430, 8431, 8432, 8433, 8434, 8435, 8438, 8439, 8440, 8442, 8443, 8444, 8446, 8447, 8448, 8449, 8452, 8453, 8454, 8456, 8457, 8458, 8460, 8461, 8462, 8463, 8466, 8467, 8468, 8470, 8471, 8472, 8474, 8475, 8476, 8477, 8480, 8481, 8482, 8484, 8485, 8486, 8488, 8489, 8490, 8491, 8494, 8495, 8496, 8498, 8499, 8500, 8505, 8506, 8507, 8508, 8512, 8513, 8515, 8516, 8517, 8520, 8523, 8524, 8525, 8528, 8529, 8530, 8531, 8532, 8533, 8535, 8536, 8537, 8538, 8539, 8541, 8545, 8546, 8548, 8549, 8551, 8552, 8553, 8554, 8555, 8558, 8559, 8560, 8561, 8562, 8563, 8565, 8566, 8567, 8568, 8569, 8570, 8571, 8573, 8575, 8576, 8579, 8580, 8582, 8585, 8586, 8587, 8590, 8591, 8592, 8593, 8595, 8596, 8597, 8598, 8600, 8601, 8602, 8603, 8605, 8606, 8608, 8609, 8610, 8611, 8612, 8613, 8618, 8620, 8621, 8622, 8623, 8625, 8626, 8627, 8629, 8630, 8632, 8633, 8634, 8635, 8636, 8638, 8639, 8641, 8642, 8644, 8645, 8646, 8648, 8652, 8661, 8662, 8663, 8664, 8666, 8667, 8669, 8670, 8672, 8673, 8674, 8675, 8677, 8680, 8681, 8682, 8685, 8686, 8688, 8689, 8691, 8692, 8693, 8694, 8697, 8698, 8699, 8701, 8703, 8704, 8706, 8707, 8708, 8709, 8710, 8722, 8723, 8724, 8727, 8728, 8730, 8731, 8732, 8735, 8736, 8737, 8740, 8741, 8742, 8744, 8745, 8746, 8747, 8751, 8754, 8756, 8757, 8759, 8760, 8761, 8762, 8763, 8764, 8765, 8770, 8771, 8772, 8773, 8775, 8776, 8777, 8778, 8779, 8781, 8782, 8784, 8789, 8792, 8794, 8795, 8797, 8798, 8800, 8807, 8808, 8809, 8810, 8811, 8815, 8816, 8817, 8822, 8823, 8824, 8826, 8827, 8828, 8829, 8830, 8832, 8833, 8835, 8836, 8842, 8848, 8849, 8852, 8853, 8854, 8856, 8857, 8858, 8860, 8861, 8862, 8864, 8865, 8866, 8867, 8868, 8869, 8871, 8872, 8873, 8874, 8875, 8879, 8881, 8882, 8883, 8887, 8888, 8890, 8891, 8898, 8899, 8903, 8904, 8905, 8906, 8907, 8908, 8909, 8911, 8914, 8915, 8916, 8919, 8920, 8922, 8923, 8924, 8926, 8931, 8932, 8933, 8936, 8937, 8938, 8940, 8941, 8942, 8946, 8947, 8948, 8949, 8950, 8952, 8953, 8955, 8956, 8957, 8960, 8961, 8962, 8965, 8966, 8967, 8969, 8970, 8971, 8975, 8976, 8977, 8978, 8979, 8980, 8981, 8982, 8985, 8986, 8987, 8991, 8992, 8993, 8995, 8996, 8997, 8998, 8999, 9001, 9002, 9003, 9007, 9010, 9012, 9013, 9014, 9019, 9020, 9022, 9023, 9024, 9025, 9026, 9027, 9028, 9030, 9031, 9032, 9033, 9034, 9035, 9036, 9037, 9038, 9039, 9041, 9042, 9043, 9045, 9053, 9054, 9055, 9057, 9058, 9060, 9062, 9063, 9065, 9066, 9070, 9072, 9075, 9076, 9077, 9081, 9082, 9084, 9085, 9086, 9087, 9089, 9094, 9095, 9096, 9100, 9101, 9102, 9107, 9108, 9109, 9110, 9111, 9112, 9113, 9114, 9115, 9116, 9119, 9120, 9121, 9126, 9127, 9128, 9131, 9133, 9134, 9135, 9136, 9137, 9141, 9142, 9143, 9146, 9147, 9149, 9150, 9153, 9154, 9155, 9156, 9157, 9159, 9160, 9161, 9162, 9165, 9166, 9168, 9169, 9170, 9171, 9172, 9174, 9176, 9177, 9182, 9183, 9186, 9187, 9188, 9196, 9197, 9198, 9200, 9201, 9202, 9204, 9205, 9207, 9208, 9209, 9221, 9222, 9223, 9225, 9226, 9227, 9228, 9229, 9230, 9231, 9235, 9237, 9238, 9239, 9240, 9243, 9246, 9247, 9248, 9250, 9251, 9252, 9254, 9255, 9256, 9258, 9260, 9262, 9263, 9264, 9266, 9267, 9269, 9270, 9271, 9272, 9275, 9276, 9277, 9278, 9280, 9288, 9289, 9291, 9293, 9294, 9297, 9298, 9299, 9301, 9304, 9305, 9308, 9311, 9314, 9316, 9317, 9318, 9319, 9322, 9323, 9324, 9325, 9326, 9327, 9329, 9330, 9331, 9333, 9337, 9338, 9339, 9340, 9341, 9342, 9344, 9355, 9359, 9360, 9361, 9362, 9363, 9364, 9366, 9370, 9371, 9372, 9373, 9374, 9375, 9376, 9378, 9379, 9382, 9383, 9384, 9387, 9388, 9389, 9390, 9391, 9392, 9399, 9401, 9409, 9410, 9411, 9415, 9416, 9417, 9419, 9420, 9428, 9430, 9431, 9432, 9433, 9434, 9436, 9438, 9441, 9442, 9443, 9450, 9451, 9453, 9454, 9455, 9456, 9457, 9458, 9459, 9461, 9462, 9463, 9464, 9465, 9467, 9468, 9469, 9470, 9471, 9472, 9478, 9479, 9480, 9481, 9482, 9483, 9484, 9485, 9487, 9488, 9490, 9492, 9496, 9497, 9499, 9517, 9520, 9521, 9522, 9523, 9524, 9525, 9528, 9530, 9532, 9533, 9535, 9536, 9537, 9539, 9540, 9542, 9543, 9549, 9550, 9555, 9556, 9558, 9559, 9560, 9562, 9563, 9565, 9566, 9567, 9568, 9570, 9571, 9572, 9573, 9574, 9575, 9577, 9581, 9582, 9583, 9584, 9585, 9587, 9588, 9589, 9592, 9595, 9596, 9597, 9598, 9599, 9601, 9602, 9603, 9607, 9610, 9611, 9612, 9614, 9615, 9616, 9618, 9619, 9620, 9621, 9622, 9623, 9624, 9629, 9630, 9631, 9632, 9636, 9639, 9640, 9641, 9642, 9643, 9644, 9646, 9647, 9648, 9650, 9653, 9654, 9655, 9656, 9657, 9658, 9660, 9661, 9662, 9664, 9667, 9668, 9669, 9670, 9671, 9673, 9674, 9675, 9676, 9677, 9679, 9681, 9682, 9684, 9685, 9686, 9687, 9688, 9689, 9690, 9692, 9695, 9696, 9697, 9698, 9700, 9702, 9703, 9705, 9706, 9707, 9708, 9709, 9710, 9712, 9713, 9714, 9715, 9717, 9718, 9724, 9725, 9727, 9728, 9730, 9731, 9732, 9733, 9734, 9735, 9736, 9737, 9738, 9739, 9740, 9741, 9742, 9743, 9744, 9745, 9746, 9747, 9749, 9750, 9751, 9752, 9754, 9755, 9756, 9757, 9759, 9760, 9761, 9762, 9764, 9765, 9766, 9767, 9769, 9770, 9772, 9773, 9774, 9775, 9776, 9777, 9778, 9782, 9783, 9785, 9787, 9798, 9820, 9821, 9822, 9829, 9830, 9831, 9832, 9834, 9835, 9836, 9837, 9839, 9851, 9853, 9854, 9855, 9856, 9857, 9858, 9861, 9862, 9863, 9864, 9865, 9866, 9869, 9870, 9871, 9872, 9873, 9874, 9877, 9878, 9879, 9880, 9882, 9883, 9888, 9889, 9892, 9893, 9897, 9898, 9903, 9904, 9908, 9911, 9912, 9913, 9914, 9916, 9917, 9918, 9919, 9920, 9921, 9923, 9924, 9925, 9926, 9927, 9929, 9931, 9932, 9934, 9935, 9936, 9937, 9938, 9939, 9941, 9943, 9944, 9946, 9947, 9948, 9949, 9950, 9951, 9953, 9956, 9959, 9960, 9961, 9964, 9965, 9971, 9972, 9974, 9975, 9976, 9978, 9979, 9980, 9981, 9983, 9987, 9988, 9989, 9990, 9992, 9993, 9994, 9995, 9996, 9997, 9998, 10002, 10004, 10005, 10006, 10007, 10008, 10011, 10012, 10014, 10015, 10016, 10017, 10019, 10022, 10023, 10024, 10025, 10027, 10029, 10031, 10032, 10033, 10034, 10036, 10037, 10038, 10039, 10041, 10043, 10045, 10049, 10050, 10051, 10055, 10059, 10062, 10063, 10064, 10065, 10066, 10068, 10070, 10072, 10074, 10075, 10077, 10092, 10093, 10095, 10096, 10098, 10099, 10100, 10102, 10103, 10104, 10105, 10108, 10109, 10110, 10112, 10113, 10114, 10116, 10119, 10120, 10121, 10123, 10124, 10126, 10127, 10130, 10131, 10133, 10134, 10136, 10137, 10138, 10139, 10141, 10148, 10149, 10150, 10152, 10153, 10155, 10156, 10157, 10160, 10163, 10164, 10165, 10166, 10169, 10170, 10171, 10172, 10174, 10176, 10179, 10180, 10184, 10185, 10187, 10188, 10189, 10191, 10203, 10204, 10205, 10206, 10208, 10209, 10210, 10212, 10213, 10214, 10215, 10216, 10217, 10218, 10219, 10223, 10224, 10227, 10228, 10230, 10231, 10233, 10234, 10235, 10237, 10249, 10250, 10252, 10253, 10254, 10257, 10258, 10260, 10261, 10262, 10263, 10264, 10265, 10266, 10267, 10269, 10272, 10273, 10274, 10276, 10279, 10282, 10283, 10284, 10286, 10288, 10289, 10290, 10292, 10295, 10296, 10297, 10299, 10300, 10302, 10303, 10304, 10306, 10311, 10312, 10313, 10315, 10316, 10317, 10319, 10320, 10321, 10323, 10324, 10327, 10328, 10331, 10332, 10333, 10335, 10336, 10338, 10339, 10340, 10342, 10344, 10347, 10348, 10349, 10353, 10354, 10357, 10358, 10359, 10361, 10362, 10364, 10365, 10366, 10368, 10369, 10370, 10371, 10372, 10375, 10376, 10378, 10379, 10380, 10381, 10383, 10399, 10416, 10445, 10446, 10448, 10449, 10451, 10452, 10453, 10454, 10456, 10457, 10458, 10462, 10464, 10468, 10469, 10473, 10474, 10475, 10477, 10480, 10481, 10482, 10483, 10484, 10485, 10486, 10490, 10491, 10492, 10494, 10495, 10496, 10497, 10498, 10499, 10506, 10515, 10516, 10518, 10519, 10520, 10521, 10522, 10524, 10525, 10526, 10529, 10530, 10531, 10532, 10533, 10535, 10536, 10537, 10538, 10540, 10542, 10543, 10545, 10547, 10549, 10551, 10552, 10553, 10554, 10556, 10561, 10562, 10564, 10565, 10569, 10570, 10572, 10573, 10578, 10579, 10580, 10581, 10582, 10584, 10586, 10587, 10588, 10589, 10591, 10592, 10593, 10594, 10595, 10597, 10602, 10605, 10606, 10607, 10608, 10610, 10611, 10612, 10613, 10615, 10616, 10617, 10618, 10620, 10622, 10623, 10625, 10626, 10627, 10628, 10630, 10631, 10632, 10633, 10634, 10635, 10636, 10637, 10639, 10640, 10642, 10643, 10644, 10645, 10646, 10652, 10654, 10655, 10657, 10660, 10661, 10664, 10665, 10666, 10668, 10669, 10670, 10691, 10692, 10693, 10696, 10697, 10698, 10702, 10703, 10704, 10711, 10713, 10714, 10719, 10735, 10736, 10756, 10769, 10773, 10774, 10775, 10776, 10777, 10779, 10780, 10781, 10782, 10783, 10785, 10786, 10787, 10788, 10789, 10790, 10793, 10797, 10799, 10800, 10804, 10805, 10806, 10807, 10808, 10811, 10826, 10827, 10880, 10881, 10882, 10885, 10887, 10888, 10889, 10890, 10892, 10893, 10894, 10896, 10898, 10899, 10900, 10901, 10902, 10903, 10904, 10908, 10910, 10911, 10913, 10914, 10919, 10920, 10921, 10923, 10924, 10925, 10926, 10927, 10933, 10935, 10936, 10938, 10939, 10941, 10943, 10944, 10945, 10948, 10949, 10951, 10952, 10953, 10954, 10955, 10956, 10957, 10959, 10960, 10961, 10963, 10968, 10969, 10971, 10972, 10974, 10975, 10977, 10978, 10979, 10980, 10982, 10983, 10987, 10988, 10989, 10992, 10993, 10997, 10998, 10999, 11000, 11002, 11004, 11006, 11007, 11008, 11009, 11010, 11011, 11012, 11013, 11016, 11017, 11018, 11019, 11020, 11021, 11022, 11023, 11025, 11028, 11029, 11031, 11032, 11034, 11036, 11037, 11038, 11039, 11040, 11043, 11044, 11045, 11048, 11049, 11050, 11051, 11052, 11053, 11054, 11055, 11056, 11057, 11058, 11059, 11060, 11061, 11062, 11063, 11064, 11065, 11066, 11068, 11069, 11070, 11071, 11072, 11073, 11074, 11075, 11076, 11077, 11079, 11083, 11086, 11087, 11088, 11089, 11090, 11092, 11093, 11094, 11095, 11098, 11099, 11100, 11101, 11102, 11103, 11104, 11105, 11106, 11107, 11109, 11110, 11112, 11113, 11114, 11116, 11117, 11119, 11120, 11121, 11122, 11123, 11124, 11126, 11127, 11129, 11130, 11131, 11132, 11133, 11134, 11135, 11136, 11138, 11139, 11140, 11141, 11142, 11144, 11145, 11147, 11148, 11149, 11150, 11151, 11153, 11154, 11158, 11159, 11160, 11161, 11164, 11165, 11167, 11168, 11171, 11172, 11173, 11174, 11175, 11176, 11177, 11179, 11180, 11182, 11183, 11184, 11185, 11186, 11188, 11189, 11191, 11192, 11194, 11195, 11196, 11197, 11198, 11201, 11202, 11205, 11206, 11207, 11208, 11210, 11211, 11213, 11216, 11225, 11226, 11227, 11228, 11229, 11230, 11231, 11233, 11234, 11235, 11238, 11240, 11241, 11242, 11243, 11244, 11247, 11249, 11250, 11252, 11255, 11256, 11257, 11259, 11260, 11261, 11263, 11264, 11266, 11267, 11268, 11270, 11271, 11273, 11274, 11275, 11277, 11278, 11280, 11282, 11283, 11284, 11285, 11286, 11288, 11289, 11290, 11292, 11295, 11296, 11297, 11298, 11300, 11301, 11302, 11303, 11305, 11308, 11309, 11310, 11311, 11313, 11315, 11318, 11319, 11320, 11321, 11322, 11323, 11324, 11325, 11327, 11328, 11329, 11332, 11334, 11336, 11337, 11338, 11339, 11342, 11343, 11344, 11348, 11349, 11350, 11351, 11353, 11355, 11356, 11357, 11358, 11359, 11360, 11363, 11364, 11367, 11368, 11369, 11370, 11373, 11374, 11375, 11376, 11379, 11380, 11381, 11382, 11383, 11384, 11385, 11387, 11389, 11390, 11395, 11396, 11397, 11401, 11403, 11411, 11412, 11413, 11415, 11416, 11417, 11418, 11419, 11420, 11422, 11425, 11426, 11427, 11428, 11429, 11430, 11431, 11432, 11433, 11434, 11437, 11438, 11439, 11440, 11442, 11443, 11444, 11445, 11446, 11448, 11451, 11452, 11453, 11456, 11457, 11460, 11466, 11468, 11469, 11470, 11472, 11473, 11475, 11476, 11480, 11481, 11482, 11483, 11484, 11491, 11492, 11494, 11495, 11496, 11497, 11498, 11499, 11500, 11501, 11502, 11504, 11505, 11506, 11507, 11508, 11509, 11510, 11512, 11515, 11517, 11518, 11519, 11520, 11522, 11524, 11525, 11526, 11527, 11528, 11530, 11533, 11534, 11535, 11538, 11539, 11540, 11542, 11543, 11546, 11547, 11552, 11562, 11563, 11564, 11570, 11582, 11583, 11584, 11589, 11590, 11591, 11592, 11593, 11596, 11599, 11602, 11603, 11604, 11605, 11606, 11607, 11609, 11610, 11612, 11614, 11616, 11617, 11619, 11620, 11624, 11633, 11634, 11644, 11645, 11650], "summary": {"covered_lines": 5969, "num_statements": 7866, "percent_covered": 71.58345221112697, "percent_covered_display": "72", "missing_lines": 1897, "excluded_lines": 0, "num_branches": 2649, "num_partial_branches": 423, "covered_branches": 1558, "missing_branches": 1091}, "missing_lines": [106, 111, 112, 113, 114, 115, 173, 174, 175, 181, 202, 203, 204, 224, 225, 247, 249, 250, 251, 253, 254, 255, 258, 265, 266, 267, 289, 290, 295, 296, 301, 302, 307, 308, 339, 340, 347, 348, 356, 357, 384, 399, 430, 443, 468, 469, 471, 484, 586, 671, 682, 688, 691, 695, 705, 708, 722, 725, 740, 748, 754, 757, 840, 843, 852, 857, 876, 902, 905, 943, 1018, 1036, 1045, 1046, 1047, 1053, 1103, 1141, 1150, 1151, 1152, 1153, 1163, 1164, 1175, 1192, 1195, 1215, 1216, 1268, 1271, 1274, 1282, 1286, 1301, 1302, 1303, 1358, 1359, 1372, 1402, 1434, 1442, 1446, 1470, 1471, 1472, 1481, 1485, 1490, 1494, 1495, 1496, 1504, 1515, 1516, 1517, 1518, 1519, 1520, 1521, 1522, 1523, 1524, 1525, 1581, 1597, 1601, 1605, 1634, 1639, 1643, 1669, 1682, 1683, 1689, 1690, 1698, 1699, 1701, 1702, 1703, 1704, 1705, 1707, 1708, 1709, 1710, 1712, 1724, 1743, 1748, 1749, 1750, 1751, 1757, 1765, 1809, 1810, 1819, 1820, 1821, 1822, 1835, 1852, 1853, 1932, 1993, 1994, 1995, 1996, 1997, 1998, 2003, 2004, 2005, 2010, 2011, 2012, 2013, 2019, 2020, 2021, 2022, 2023, 2081, 2117, 2154, 2156, 2171, 2172, 2173, 2174, 2176, 2177, 2178, 2179, 2180, 2185, 2191, 2192, 2193, 2195, 2196, 2197, 2198, 2199, 2201, 2202, 2203, 2205, 2206, 2208, 2209, 2210, 2213, 2219, 2228, 2233, 2261, 2304, 2307, 2310, 2320, 2323, 2326, 2329, 2332, 2335, 2342, 2374, 2386, 2391, 2392, 2393, 2395, 2404, 2405, 2407, 2453, 2456, 2459, 2460, 2461, 2462, 2464, 2465, 2466, 2467, 2471, 2475, 2476, 2477, 2478, 2479, 2480, 2483, 2486, 2488, 2489, 2490, 2491, 2492, 2493, 2495, 2496, 2498, 2499, 2501, 2503, 2504, 2505, 2506, 2508, 2509, 2511, 2515, 2516, 2517, 2519, 2521, 2522, 2523, 2524, 2525, 2526, 2527, 2528, 2529, 2530, 2531, 2532, 2533, 2534, 2535, 2537, 2539, 2542, 2543, 2544, 2546, 2547, 2548, 2549, 2554, 2582, 2586, 2587, 2588, 2589, 2593, 2594, 2595, 2599, 2604, 2608, 2611, 2612, 2613, 2616, 2617, 2618, 2619, 2620, 2621, 2622, 2623, 2624, 2625, 2629, 2630, 2631, 2632, 2635, 2636, 2639, 2641, 2642, 2643, 2645, 2646, 2647, 2648, 2649, 2650, 2652, 2653, 2655, 2656, 2657, 2658, 2659, 2660, 2661, 2662, 2663, 2664, 2665, 2666, 2667, 2668, 2669, 2672, 2673, 2674, 2675, 2676, 2679, 2680, 2681, 2682, 2683, 2684, 2685, 2686, 2687, 2688, 2689, 2690, 2691, 2693, 2697, 2698, 2710, 2743, 2744, 2745, 2749, 2750, 2751, 2752, 2756, 2760, 2765, 2766, 2767, 2768, 2769, 2770, 2771, 2775, 2776, 2795, 2800, 2801, 2802, 2805, 2806, 2808, 2809, 2810, 2811, 2812, 2813, 2814, 2815, 2816, 2817, 2820, 2821, 2822, 2823, 2826, 2827, 2828, 2830, 2831, 2832, 2892, 2894, 2895, 2897, 2899, 2900, 2901, 2902, 2903, 2904, 2905, 2906, 2907, 2908, 2909, 2910, 2911, 2912, 2913, 2914, 2915, 2916, 2917, 2918, 2919, 2920, 2921, 2922, 2923, 2924, 2925, 2926, 2927, 2928, 2929, 2930, 2931, 2932, 2933, 2934, 2941, 2942, 2943, 2945, 2950, 2951, 2962, 2965, 2966, 2967, 2968, 2969, 2970, 2971, 2972, 2994, 2995, 3016, 3055, 3056, 3057, 3058, 3061, 3064, 3067, 3068, 3069, 3072, 3073, 3074, 3075, 3076, 3077, 3078, 3079, 3080, 3081, 3082, 3085, 3086, 3087, 3089, 3090, 3091, 3092, 3097, 3098, 3117, 3159, 3160, 3161, 3162, 3165, 3168, 3171, 3173, 3177, 3180, 3181, 3182, 3183, 3185, 3186, 3187, 3188, 3189, 3190, 3191, 3192, 3193, 3194, 3195, 3196, 3197, 3198, 3199, 3200, 3201, 3204, 3205, 3206, 3208, 3209, 3210, 3211, 3215, 3216, 3217, 3218, 3230, 3261, 3262, 3263, 3264, 3276, 3302, 3305, 3308, 3311, 3312, 3313, 3316, 3317, 3319, 3320, 3321, 3322, 3323, 3324, 3325, 3326, 3327, 3328, 3329, 3330, 3331, 3332, 3333, 3334, 3335, 3338, 3339, 3340, 3342, 3343, 3344, 3345, 3349, 3350, 3361, 3373, 3379, 3380, 3381, 3382, 3383, 3384, 3386, 3388, 3389, 3390, 3391, 3392, 3393, 3399, 3405, 3409, 3410, 3411, 3415, 3416, 3417, 3427, 3428, 3429, 3430, 3435, 3448, 3449, 3450, 3451, 3468, 3473, 3474, 3475, 3476, 3487, 3510, 3511, 3515, 3529, 3530, 3546, 3548, 3549, 3551, 3563, 3622, 3642, 3643, 3644, 3667, 3668, 3669, 3671, 3672, 3673, 3674, 3675, 3676, 3696, 3697, 3698, 3699, 3700, 3701, 3702, 3703, 3704, 3705, 3706, 3708, 3710, 3711, 3712, 3713, 3714, 3715, 3716, 3750, 3765, 3766, 3767, 3768, 3769, 3776, 3777, 3783, 3784, 3804, 3805, 3806, 3808, 3809, 3810, 3811, 3813, 3825, 3826, 3827, 3828, 3829, 3830, 3831, 3847, 3859, 3864, 3865, 3932, 3954, 3967, 3968, 3969, 3970, 3971, 3972, 3981, 3986, 3991, 3996, 3997, 4002, 4007, 4012, 4017, 4018, 4023, 4028, 4033, 4038, 4051, 4061, 4086, 4091, 4101, 4111, 4133, 4138, 4143, 4144, 4145, 4148, 4149, 4157, 4158, 4159, 4160, 4161, 4162, 4184, 4196, 4226, 4227, 4228, 4229, 4232, 4233, 4234, 4235, 4236, 4270, 4278, 4279, 4280, 4281, 4282, 4283, 4284, 4288, 4289, 4290, 4291, 4292, 4293, 4294, 4295, 4308, 4309, 4311, 4312, 4313, 4314, 4315, 4316, 4317, 4318, 4355, 4362, 4363, 4372, 4373, 4374, 4401, 4402, 4403, 4404, 4405, 4406, 4407, 4410, 4411, 4412, 4413, 4414, 4415, 4416, 4425, 4426, 4427, 4428, 4429, 4430, 4431, 4432, 4472, 4473, 4474, 4475, 4479, 4480, 4481, 4482, 4483, 4484, 4486, 4487, 4488, 4514, 4515, 4516, 4550, 4551, 4560, 4565, 4571, 4583, 4591, 4595, 4610, 4644, 4652, 4676, 4684, 4691, 4706, 4709, 4716, 4719, 4720, 4728, 4729, 4730, 4731, 4732, 4754, 4755, 4756, 4808, 4809, 4836, 4837, 4841, 4842, 4846, 4849, 4850, 4852, 4886, 4887, 4894, 4895, 4896, 4897, 4946, 4947, 4961, 4978, 4979, 4982, 4983, 4986, 5004, 5005, 5006, 5018, 5019, 5020, 5021, 5022, 5025, 5026, 5028, 5029, 5030, 5031, 5042, 5043, 5044, 5045, 5046, 5049, 5050, 5052, 5053, 5054, 5055, 5091, 5092, 5101, 5102, 5109, 5110, 5111, 5119, 5120, 5139, 5140, 5144, 5145, 5223, 5224, 5225, 5226, 5228, 5237, 5238, 5253, 5254, 5258, 5259, 5289, 5290, 5291, 5292, 5293, 5295, 5296, 5297, 5298, 5299, 5300, 5301, 5302, 5303, 5305, 5306, 5372, 5404, 5405, 5414, 5415, 5416, 5434, 5441, 5445, 5458, 5459, 5460, 5461, 5462, 5463, 5464, 5465, 5466, 5467, 5468, 5469, 5494, 5509, 5510, 5528, 5529, 5530, 5531, 5556, 5557, 5558, 5559, 5598, 5599, 5608, 5609, 5666, 5667, 5693, 5694, 5695, 5697, 5698, 5699, 5702, 5703, 5704, 5706, 5707, 5709, 5710, 5711, 5714, 5721, 5722, 5723, 5737, 5738, 5739, 5741, 5742, 5743, 5745, 5746, 5748, 5749, 5750, 5752, 5753, 5754, 5755, 5759, 5760, 5761, 5763, 5764, 5765, 5767, 5768, 5769, 5770, 5771, 5774, 5776, 5777, 5778, 5779, 5781, 5783, 5784, 5785, 5786, 5787, 5789, 5790, 5791, 5792, 5793, 5794, 5795, 5799, 5800, 5816, 5817, 5831, 5837, 5838, 5841, 5842, 5846, 5861, 5862, 5873, 5921, 5925, 5926, 5935, 5936, 5953, 5957, 5958, 5999, 6000, 6018, 6019, 6022, 6023, 6025, 6028, 6030, 6031, 6033, 6034, 6035, 6037, 6038, 6040, 6041, 6042, 6044, 6063, 6064, 6068, 6074, 6075, 6078, 6079, 6119, 6120, 6125, 6126, 6134, 6135, 6136, 6137, 6297, 6299, 6344, 6345, 6368, 6369, 6372, 6373, 6377, 6378, 6379, 6387, 6422, 6423, 6424, 6432, 6441, 6482, 6484, 6536, 6537, 6538, 6543, 6544, 6546, 6554, 6572, 6573, 6621, 6622, 6623, 6624, 6626, 6627, 6628, 6629, 6631, 6632, 6639, 6640, 6643, 6645, 6686, 6687, 6691, 6692, 6700, 6712, 6713, 6734, 6735, 6744, 6745, 6746, 6768, 6773, 6774, 6775, 6776, 6777, 6782, 6783, 6788, 6791, 6809, 6810, 6840, 6841, 6849, 6850, 6866, 6867, 6870, 6878, 6879, 6880, 6881, 6903, 6904, 6932, 6933, 6943, 6966, 6967, 6977, 7007, 7018, 7023, 7025, 7109, 7110, 7111, 7122, 7123, 7158, 7159, 7160, 7163, 7164, 7165, 7217, 7218, 7219, 7220, 7223, 7224, 7225, 7269, 7270, 7274, 7278, 7279, 7280, 7347, 7348, 7351, 7352, 7364, 7365, 7366, 7367, 7372, 7373, 7378, 7427, 7428, 7429, 7498, 7499, 7500, 7501, 7502, 7503, 7504, 7512, 7513, 7516, 7521, 7527, 7534, 7539, 7540, 7542, 7544, 7546, 7547, 7549, 7554, 7560, 7591, 7592, 7593, 7594, 7595, 7596, 7597, 7598, 7600, 7601, 7602, 7604, 7605, 7606, 7607, 7609, 7610, 7612, 7615, 7616, 7618, 7619, 7620, 7622, 7624, 7625, 7626, 7627, 7628, 7630, 7631, 7632, 7634, 7635, 7636, 7638, 7640, 7641, 7642, 7643, 7645, 7646, 7648, 7649, 7660, 7661, 7665, 7666, 7683, 7715, 7716, 7717, 7718, 7719, 7721, 7722, 7724, 7736, 7738, 7740, 7741, 7742, 7753, 7760, 7761, 7762, 7763, 7766, 7767, 7769, 7772, 7774, 7775, 7776, 7777, 7779, 7780, 7781, 7783, 7784, 7788, 7789, 7790, 7791, 7792, 7793, 7794, 7795, 7797, 7799, 7800, 7801, 7803, 7804, 7809, 7810, 7811, 7812, 7813, 7814, 7815, 7816, 7818, 7819, 7820, 7821, 7822, 7824, 7825, 7827, 7828, 7829, 7831, 7832, 7833, 7835, 7836, 7837, 7839, 7841, 7846, 7847, 7848, 7850, 7851, 7853, 7855, 7856, 7857, 7858, 7859, 7861, 7862, 7863, 7864, 7865, 7866, 7880, 7900, 7901, 7902, 7903, 7945, 7946, 7947, 7948, 7950, 7951, 7955, 7963, 7964, 7972, 7976, 7977, 7983, 7984, 7985, 7994, 8015, 8016, 8038, 8045, 8047, 8051, 8053, 8060, 8063, 8066, 8067, 8077, 8088, 8089, 8094, 8095, 8111, 8112, 8120, 8150, 8151, 8169, 8170, 8179, 8180, 8181, 8184, 8208, 8209, 8216, 8245, 8246, 8247, 8248, 8271, 8272, 8321, 8409, 8410, 8413, 8414, 8425, 8426, 8427, 8509, 8510, 8518, 8519, 8526, 8649, 8650, 8653, 8654, 8655, 8656, 8658, 8659, 8695, 8711, 8712, 8713, 8714, 8716, 8718, 8719, 8748, 8749, 8752, 8766, 8767, 8768, 8780, 8790, 8801, 8802, 8803, 8804, 8805, 8812, 8837, 8838, 8839, 8840, 8877, 8878, 8884, 8885, 8927, 8928, 8943, 8944, 8972, 8973, 9004, 9005, 9008, 9015, 9016, 9017, 9090, 9091, 9138, 9139, 9144, 9145, 9158, 9178, 9180, 9210, 9211, 9212, 9213, 9214, 9215, 9216, 9218, 9219, 9232, 9233, 9242, 9281, 9282, 9284, 9285, 9312, 9334, 9345, 9346, 9347, 9349, 9350, 9351, 9353, 9356, 9367, 9380, 9402, 9403, 9405, 9406, 9474, 9475, 9476, 9502, 9503, 9504, 9505, 9507, 9509, 9510, 9511, 9512, 9514, 9515, 9552, 9578, 9590, 9604, 9605, 9606, 9625, 9626, 9627, 9633, 9634, 9635, 9649, 9663, 9683, 9693, 9788, 9789, 9790, 9791, 9792, 9793, 9794, 9795, 9796, 9799, 9800, 9801, 9802, 9803, 9805, 9806, 9807, 9808, 9809, 9810, 9811, 9813, 9814, 9816, 9817, 9818, 9823, 9824, 9825, 9826, 9827, 9841, 9842, 9845, 9846, 9849, 9885, 9886, 9905, 9954, 9984, 9985, 10000, 10001, 10020, 10046, 10047, 10052, 10053, 10056, 10057, 10078, 10080, 10082, 10084, 10086, 10089, 10142, 10143, 10144, 10145, 10146, 10158, 10159, 10167, 10168, 10175, 10192, 10193, 10194, 10195, 10196, 10198, 10199, 10200, 10221, 10238, 10239, 10240, 10241, 10243, 10244, 10245, 10246, 10255, 10270, 10277, 10280, 10307, 10308, 10325, 10326, 10345, 10346, 10350, 10351, 10352, 10384, 10386, 10387, 10388, 10389, 10391, 10392, 10393, 10394, 10396, 10397, 10402, 10403, 10405, 10406, 10408, 10409, 10411, 10412, 10413, 10414, 10418, 10419, 10420, 10421, 10422, 10423, 10425, 10426, 10427, 10428, 10429, 10430, 10432, 10434, 10435, 10436, 10437, 10438, 10439, 10440, 10441, 10442, 10459, 10460, 10465, 10466, 10470, 10471, 10476, 10487, 10488, 10508, 10509, 10510, 10511, 10512, 10523, 10566, 10567, 10568, 10574, 10576, 10603, 10658, 10662, 10671, 10694, 10699, 10700, 10721, 10722, 10723, 10724, 10725, 10726, 10727, 10729, 10730, 10739, 10744, 10745, 10746, 10748, 10749, 10751, 10752, 10757, 10758, 10759, 10760, 10762, 10763, 10764, 10765, 10766, 10767, 10770, 10794, 10796, 10801, 10802, 10812, 10813, 10814, 10815, 10816, 10817, 10820, 10821, 10822, 10823, 10828, 10829, 10832, 10833, 10834, 10836, 10838, 10839, 10840, 10841, 10842, 10843, 10845, 10848, 10849, 10851, 10852, 10855, 10856, 10857, 10858, 10860, 10862, 10863, 10865, 10866, 10867, 10868, 10869, 10870, 10871, 10874, 10875, 10876, 10877, 10878, 10884, 10895, 10905, 10907, 10909, 10915, 10916, 10917, 10930, 10964, 10970, 10973, 10984, 10985, 11026, 11033, 11041, 11080, 11081, 11084, 11091, 11096, 11097, 11214, 11217, 11218, 11219, 11220, 11221, 11222, 11223, 11236, 11245, 11246, 11253, 11269, 11272, 11299, 11326, 11340, 11341, 11346, 11391, 11392, 11398, 11399, 11408, 11409, 11414, 11421, 11449, 11454, 11461, 11462, 11463, 11464, 11477, 11485, 11486, 11488, 11513, 11544, 11548, 11549, 11550, 11553, 11556, 11565, 11567, 11585, 11586, 11636, 11639, 11640, 11641, 11646], "excluded_lines": [], "executed_branches": [[159, 160], [159, 164], [161, 159], [161, 162], [172, 177], [180, 182], [198, 199], [198, 201], [201, 206], [208, 209], [208, 217], [209, 210], [211, 209], [211, 212], [222, -222], [222, 222], [222, 223], [223, 227], [238, 239], [238, 241], [246, 260], [263, 269], [368, 369], [368, 371], [381, 382], [398, 400], [400, 401], [401, 402], [401, 403], [406, 407], [406, 408], [428, 429], [453, -453], [453, 455], [458, 459], [458, 481], [461, 462], [461, 464], [466, 473], [473, 474], [473, 477], [481, 482], [481, 496], [482, 485], [487, 488], [487, 489], [489, 490], [489, 491], [491, 492], [491, 494], [525, -524], [525, 526], [527, -526], [527, 528], [529, -528], [529, 530], [531, -530], [531, 532], [533, 534], [535, 536], [537, -536], [537, 538], [539, 540], [541, -540], [541, 542], [543, 544], [545, 546], [547, 549], [552, -549], [552, 554], [555, -555], [555, 555], [555, 556], [577, 578], [577, 579], [579, 580], [579, 581], [581, 582], [581, 583], [605, -605], [605, -603], [626, 627], [626, 630], [681, 683], [746, 747], [746, 749], [747, 746], [835, 836], [835, 837], [837, 838], [842, 845], [847, 849], [847, 888], [850, 854], [856, 859], [873, 874], [882, 883], [882, 885], [886, 847], [886, 887], [925, 926], [931, 932], [931, 934], [932, 931], [932, 933], [940, 941], [952, -950], [952, 954], [956, -954], [956, 958], [960, -958], [960, 962], [964, -962], [964, 966], [968, -966], [968, 970], [972, -970], [972, 974], [976, -974], [976, 978], [980, -978], [980, 982], [984, -982], [984, 986], [988, -986], [988, -760], [1035, 1037], [1040, 1041], [1140, 1142], [1144, 1145], [1159, 1160], [1169, 1170], [1169, 1171], [1191, 1194], [1194, 1197], [1199, -1199], [1199, 1199], [1199, 1200], [1200, 1201], [1200, 1202], [1238, 1239], [1243, 1244], [1266, 1267], [1291, 1296], [1298, 1299], [1327, 1329], [1342, 1344], [1385, 1386], [1385, 1388], [1459, 1460], [1459, 1461], [1478, 1479], [1478, 1483], [1480, 1482], [1484, 1486], [1489, 1491], [1493, 1497], [1503, 1506], [1565, 1566], [1565, 1567], [1611, 1612], [1612, 1613], [1630, 1631], [1630, 1633], [1633, 1636], [1638, 1641], [1642, 1645], [1668, 1671], [1692, 1693], [1723, 1725], [1729, 1730], [1729, 1734], [1731, 1732], [1731, 1734], [1742, 1744], [1756, 1758], [1781, 1782], [1781, 1783], [1808, 1811], [1831, 1832], [1831, 1840], [1834, 1837], [1876, 1877], [1876, 1882], [1879, 1876], [1879, 1880], [1894, 1895], [1894, 1897], [1897, 1898], [1897, 1899], [1899, 1900], [1899, 1902], [1903, 1904], [1919, 1920], [1919, 1935], [1921, -1921], [1921, 1921], [1921, 1923], [1923, 1924], [1923, 1927], [1927, -1927], [1927, 1927], [1927, 1928], [1928, 1929], [1972, 1973], [2032, 2033], [2032, 2037], [2040, 2041], [2040, 2042], [2057, -2045], [2057, 2058], [2063, 2064], [2063, 2067], [2080, 2084], [2088, 2089], [2088, 2111], [2096, 2097], [2096, 2101], [2104, 2105], [2104, 2108], [2108, -2108], [2108, 2108], [2108, 2109], [2147, 2148], [2147, 2158], [2150, 2151], [2150, 2158], [2151, 2152], [2151, 2158], [2152, 2153], [2158, -2142], [2158, 2159], [2165, -2165], [2165, -2162], [2165, 2165], [2239, 2240], [2239, 2241], [2270, 2271], [2270, 2273], [2271, 2272], [2303, -2303], [2303, -2298], [2368, 2369], [2368, 2370], [2390, 2396], [2400, 2401], [2400, 2408], [2402, 2403], [2869, 2870], [2869, 2871], [2938, 2939], [2944, 2946], [3372, 3374], [3397, 3398], [3398, -3396], [3403, 3404], [3404, -3402], [3440, 3441], [3440, 3442], [3456, -3454], [3456, 3457], [3456, 3458], [3464, 3465], [3464, 3466], [3466, 3467], [3484, 3485], [3484, 3503], [3486, 3489], [3489, 3490], [3489, 3492], [3492, -3492], [3492, 3492], [3492, 3493], [3497, 3498], [3497, 3500], [3509, 3513], [3513, 3514], [3514, 3517], [3517, 3518], [3517, 3521], [3518, 3517], [3518, 3519], [3528, 3532], [3533, 3534], [3533, 3540], [3536, 3533], [3536, 3537], [3537, 3533], [3537, 3538], [3542, 3543], [3542, 3545], [3545, 3553], [3560, 3561], [3561, 3560], [3561, 3562], [3570, 3571], [3570, 3573], [3571, 3570], [3571, 3572], [3582, 3584], [3582, 3585], [3591, -3591], [3591, -3588], [3591, 3591], [3596, 3597], [3596, 3598], [3598, -3598], [3598, -3594], [3598, 3598], [3617, 3618], [3617, 3619], [3619, 3620], [3624, 3627], [3624, 3628], [3629, -3629], [3629, 3630], [3629, 3637], [3632, 3633], [3632, 3636], [3637, 3641], [3641, 3645], [3656, 3657], [3656, 3663], [3664, 3665], [3693, 3694], [3764, 3772], [3772, 3773], [3772, 3780], [3774, -3774], [3774, 3774], [3774, 3775], [3775, 3780], [3780, 3781], [3819, 3820], [3846, 3849], [3870, 3871], [3870, 3872], [3892, 3893], [3892, 3897], [3893, -3891], [3893, 3894], [3894, -3891], [3894, 3895], [3900, -3891], [3900, 3901], [3931, 3933], [3948, 3949], [3948, 3950], [3950, 3951], [3951, -3951], [3951, 3951], [3951, 3952], [3961, -3961], [3961, -3958], [4130, 4131], [4137, 4140], [4142, 4147], [4147, 4151], [4183, 4186], [4186, 4187], [4208, 4209], [4267, 4268], [4277, 4287], [4287, 4297], [4299, 4301], [4303, 4304], [4303, 4321], [4307, 4303], [4352, 4353], [4358, 4359], [4369, -4369], [4369, 4369], [4369, 4371], [4400, 4409], [4409, -4409], [4409, 4420], [4422, -4422], [4422, 4422], [4422, 4423], [4438, 4440], [4579, 4580], [4579, 4587], [4582, -4582], [4582, 4584], [4587, 4588], [4590, -4590], [4590, 4592], [4609, -4609], [4609, -4606], [4616, 4617], [4616, 4618], [4618, 4619], [4639, 4640], [4641, 4642], [4641, 4645], [4665, -4664], [4665, 4666], [4666, 4665], [4666, 4667], [4695, -4695], [4695, 4695], [4695, 4696], [4695, 4697], [4698, 4700], [4698, 4705], [4705, 4708], [4708, 4710], [4710, 4711], [4723, 4724], [4735, 4736], [4735, 4737], [4746, 4747], [4746, 4749], [4749, 4750], [4762, 4763], [4762, 4764], [4767, 4768], [4767, 4769], [4807, 4811], [4811, 4812], [4811, 4815], [4821, 4822], [4821, 4827], [4822, 4823], [4822, 4825], [4829, 4830], [4829, 4833], [4833, 4834], [4833, 4835], [4835, 4838], [4838, 4839], [4838, 4840], [4840, 4843], [4843, 4844], [4848, 4854], [4858, 4859], [4858, 4860], [4870, 4871], [4875, 4876], [4875, 4877], [4885, 4889], [4890, -4890], [4890, 4893], [4893, 4898], [4907, 4908], [4907, 4909], [4917, 4919], [4917, 4921], [4921, -4921], [4921, 4921], [4921, 4925], [4926, -4926], [4926, 4926], [4926, 4929], [4933, 4934], [4933, 4935], [4944, 4949], [4949, -4949], [4949, 4949], [4949, 4952], [4958, 4960], [4958, 4964], [4960, 4963], [4967, 4968], [4967, 4969], [4977, 4981], [4981, 4985], [4985, 4989], [4995, -4995], [4995, 4995], [4995, 4996], [4999, 5000], [4999, 5002], [5010, 5011], [5010, 5012], [5034, 5035], [5034, 5036], [5058, 5059], [5058, 5060], [5069, 5070], [5069, 5073], [5073, 5074], [5080, -5080], [5080, 5081], [5081, -5081], [5081, 5083], [5096, 5097], [5096, 5104], [5106, 5107], [5124, 5125], [5124, 5126], [5138, 5142], [5143, 5147], [5152, 5153], [5152, 5154], [5177, 5178], [5177, 5179], [5179, 5180], [5179, 5182], [5185, -5184], [5185, 5186], [5194, 5195], [5219, 5220], [5236, 5240], [5240, 5241], [5240, 5244], [5242, 5243], [5250, 5251], [5250, 5255], [5252, 5250], [5285, 5286], [5309, 5310], [5309, 5311], [5341, 5342], [5341, 5348], [5342, 5343], [5342, 5346], [5349, 5350], [5349, 5353], [5353, 5354], [5353, 5358], [5358, -5358], [5358, 5358], [5358, 5359], [5371, 5373], [5380, 5381], [5380, 5387], [5403, 5408], [5425, 5426], [5425, 5454], [5430, 5430], [5430, 5436], [5440, 5442], [5444, 5446], [5446, 5425], [5446, 5448], [5450, 5451], [5457, -5456], [5478, 5479], [5478, 5481], [5498, 5499], [5498, 5511], [5499, 5498], [5499, 5500], [5503, 5504], [5503, 5508], [5508, 5498], [5518, 5519], [5518, 5524], [5519, 5518], [5519, 5520], [5520, 5521], [5521, 5522], [5544, 5545], [5544, 5546], [5550, 5551], [5550, 5552], [5564, 5565], [5564, 5567], [5565, 5564], [5565, 5566], [5570, 5571], [5570, 5572], [5597, 5601], [5603, 5604], [5603, 5607], [5607, 5611], [5614, 5615], [5614, 5618], [5628, 5629], [5628, 5630], [5645, 5646], [5645, 5649], [5646, -5646], [5646, 5646], [5646, 5647], [5652, 5653], [5652, 5654], [5665, 5669], [5672, 5673], [5672, 5676], [5680, 5681], [5680, 5682], [5726, 5727], [5726, 5728], [5803, 5804], [5803, 5805], [5815, 5819], [5827, 5828], [5827, 5830], [5830, 5833], [5836, 5840], [5840, 5844], [5844, 5845], [5844, 5852], [5845, 5847], [5847, 5848], [5847, 5849], [5849, 5844], [5849, 5850], [5858, 5859], [5858, 5875], [5864, 5858], [5864, 5865], [5866, 5864], [5866, 5867], [5867, 5866], [5867, 5868], [5869, 5870], [5878, 5879], [5878, 5880], [5899, 5900], [5917, 5918], [5917, 5941], [5918, 5919], [5928, 5929], [5928, 5939], [5931, 5932], [5949, 5950], [5949, 5972], [5950, 5951], [5961, 5962], [5961, 5970], [5965, 5966], [5976, 5977], [5976, 5993], [5977, 5976], [5977, 5978], [5978, 5976], [5978, 5979], [5979, 5981], [5985, 5976], [5985, 5986], [5987, 5988], [5988, 5989], [5998, 6002], [6002, 6003], [6002, 6014], [6009, 6010], [6009, 6012], [6017, 6021], [6021, 6027], [6027, 6046], [6051, 6052], [6051, 6053], [6062, 6066], [6066, 6067], [6066, 6094], [6067, 6070], [6073, 6077], [6077, 6081], [6081, 6066], [6081, 6082], [6082, 6083], [6082, 6084], [6085, 6086], [6085, 6087], [6087, 6088], [6087, 6090], [6098, 6099], [6098, 6100], [6118, 6123], [6124, 6129], [6130, 6131], [6130, 6143], [6133, 6143], [6147, 6148], [6147, 6152], [6159, 6160], [6159, 6161], [6193, 6194], [6193, 6195], [6215, 6216], [6215, 6217], [6250, 6251], [6250, 6254], [6255, 6256], [6255, 6257], [6257, 6258], [6257, 6260], [6268, 6269], [6268, 6276], [6272, 6273], [6272, 6276], [6278, 6279], [6278, 6284], [6279, 6280], [6279, 6282], [6286, 6287], [6286, 6294], [6290, 6291], [6290, 6294], [6296, 6301], [6307, 6308], [6307, 6309], [6331, 6332], [6331, 6333], [6348, 6349], [6348, 6350], [6367, 6371], [6371, 6375], [6382, 6384], [6391, 6392], [6391, 6393], [6400, 6401], [6400, 6402], [6405, 6406], [6405, 6407], [6421, 6426], [6429, 6430], [6429, 6445], [6430, 6431], [6431, 6434], [6436, 6437], [6436, 6439], [6440, 6443], [6474, 6475], [6479, 6480], [6481, 6483], [6483, -6470], [6489, -6489], [6489, 6490], [6489, 6492], [6494, -6486], [6494, 6495], [6507, 6508], [6507, 6509], [6527, 6528], [6527, 6532], [6528, 6529], [6530, 6531], [6542, 6545], [6545, 6547], [6547, 6548], [6547, 6551], [6552, 6553], [6552, 6555], [6553, 6552], [6561, 6562], [6561, 6591], [6565, 6566], [6565, 6571], [6566, 6567], [6566, 6569], [6571, 6575], [6575, 6576], [6575, 6578], [6578, 6579], [6578, 6581], [6581, 6582], [6581, 6584], [6585, 6586], [6591, 6592], [6591, 6594], [6597, 6598], [6597, 6600], [6600, 6601], [6600, 6603], [6606, 6607], [6606, 6608], [6638, 6642], [6642, 6644], [6644, 6647], [6651, 6652], [6651, 6654], [6657, 6658], [6657, 6663], [6663, 6664], [6668, 6669], [6668, 6670], [6685, 6689], [6690, 6695], [6695, -6695], [6695, 6696], [6696, 6697], [6696, 6702], [6697, 6698], [6698, -6698], [6698, 6698], [6698, 6704], [6704, 6705], [6704, 6759], [6705, 6706], [6705, 6708], [6711, 6715], [6717, 6718], [6717, 6756], [6725, 6726], [6725, 6728], [6730, 6731], [6730, 6733], [6733, 6737], [6740, 6741], [6740, 6743], [6748, 6717], [6748, 6749], [6756, 6704], [6756, 6757], [6787, 6793], [6808, 6812], [6820, 6821], [6820, 6822], [6839, 6843], [6848, 6852], [6853, 6854], [6853, 6883], [6859, 6860], [6859, 6863], [6865, 6869], [6869, 6872], [6875, 6876], [6886, 6887], [6886, 6888], [6902, 6906], [6911, 6912], [6916, 6917], [6916, 6918], [6931, 6935], [6940, 6941], [6940, 6946], [6942, 6944], [6944, 6940], [6944, 6945], [6950, 6951], [6950, 6952], [6965, 6969], [6974, 6975], [6974, 6980], [6976, 6978], [6978, 6974], [6978, 6979], [6984, 6985], [6984, 6986], [7002, 7003], [7002, 7009], [7004, -7004], [7004, 7004], [7004, 7005], [7005, -7005], [7005, 7005], [7005, 7006], [7006, 7009], [7015, 7016], [7015, 7073], [7017, 7020], [7022, 7027], [7031, 7032], [7031, 7034], [7037, 7038], [7037, 7042], [7044, 7045], [7044, 7049], [7050, 7051], [7050, 7053], [7056, 7057], [7056, 7062], [7066, -7066], [7066, 7066], [7066, 7067], [7066, 7071], [7073, 7074], [7078, 7079], [7078, 7080], [7096, 7097], [7096, 7098], [7108, 7113], [7121, 7125], [7129, -7129], [7129, 7129], [7129, 7131], [7131, 7132], [7134, 7135], [7134, 7141], [7145, 7146], [7145, 7147], [7157, 7162], [7162, 7167], [7173, 7174], [7173, 7177], [7178, 7179], [7178, 7183], [7186, 7187], [7186, 7188], [7209, 7210], [7209, 7230], [7213, 7214], [7213, 7216], [7216, 7222], [7222, 7227], [7227, -7227], [7227, 7227], [7227, 7228], [7234, -7234], [7234, 7234], [7234, 7236], [7236, 7237], [7236, 7248], [7240, 7241], [7240, 7246], [7241, 7242], [7241, 7244], [7251, 7252], [7251, 7253], [7268, 7272], [7273, 7276], [7299, 7300], [7299, 7302], [7308, 7309], [7308, 7315], [7320, 7321], [7320, 7326], [7329, 7330], [7329, 7331], [7346, 7350], [7350, 7354], [7354, 7355], [7354, 7358], [7361, 7362], [7361, 7377], [7370, 7374], [7377, 7380], [7384, 7385], [7384, 7389], [7406, -7406], [7406, 7406], [7406, 7407], [7410, 7411], [7410, 7412], [7426, 7431], [7435, 7436], [7435, 7437], [7496, 7497], [7508, 7509], [7508, 7511], [7511, -7511], [7511, 7515], [7515, 7518], [7520, 7523], [7526, 7529], [7529, 7530], [7532, 7533], [7532, 7551], [7533, 7536], [7538, 7541], [7541, 7543], [7553, 7555], [7559, 7562], [7566, 7567], [7566, 7570], [7585, 7586], [7586, -7586], [7586, 7586], [7586, 7587], [7659, 7663], [7671, -7671], [7671, -7670], [7671, 7671], [7682, 7686], [7686, -7686], [7686, 7686], [7686, 7688], [7696, 7697], [7696, 7746], [7702, 7703], [7702, 7705], [7708, 7709], [7708, 7711], [7711, 7712], [7711, 7729], [7714, 7723], [7723, 7725], [7725, 7726], [7725, 7731], [7733, 7696], [7733, 7734], [7739, 7744], [7750, 7751], [7870, -7870], [7870, -7868], [7879, 7882], [7879, 7886], [7883, 7884], [7883, 7886], [7883, 7889], [7884, -7884], [7884, 7883], [7884, 7884], [7891, -7891], [7891, 7891], [7891, 7892], [7899, 7904], [7909, 7910], [7909, 7932], [7910, 7911], [7910, 7913], [7915, 7916], [7915, 7918], [7918, 7919], [7918, 7927], [7921, 7922], [7923, 7924], [7923, 7925], [7927, 7909], [7927, 7928], [7937, 7938], [7939, 7940], [7939, 7961], [7940, 7941], [7940, 7959], [7942, 7940], [7942, 7943], [7944, 7952], [7952, 7953], [7957, 7958], [7961, 7962], [7961, 7965], [7962, -7962], [7962, -7934], [7962, 7962], [7971, 7975], [7975, 7979], [7982, 7987], [7991, 7992], [7993, 7996], [8000, 8001], [8000, 8006], [8002, -8002], [8002, 8002], [8002, 8003], [8014, 8018], [8025, 8026], [8025, 8027], [8027, 8028], [8027, 8029], [8037, 8040], [8040, 8041], [8042, 8043], [8042, 8044], [8044, 8046], [8046, 8048], [8048, 8049], [8048, 8050], [8050, 8040], [8059, 8062], [8062, 8065], [8065, 8069], [8072, 8073], [8072, 8099], [8074, 8075], [8074, 8076], [8076, 8078], [8078, 8079], [8085, 8086], [8085, 8091], [8087, 8091], [8104, 8105], [8104, 8107], [8108, 8109], [8108, 8113], [8109, 8110], [8110, 8108], [8116, -8115], [8116, 8117], [8119, 8122], [8126, 8127], [8126, 8131], [8138, 8139], [8138, 8140], [8154, 8155], [8154, 8156], [8168, 8172], [8176, 8177], [8176, 8183], [8178, 8188], [8183, 8185], [8185, 8186], [8193, 8194], [8193, 8195], [8207, 8211], [8213, 8214], [8220, 8221], [8220, 8222], [8233, 8234], [8233, 8235], [8241, 8242], [8251, 8252], [8251, 8253], [8270, 8274], [8279, 8280], [8279, 8285], [8288, 8289], [8288, 8291], [8314, 8315], [8314, 8326], [8320, 8322], [8329, 8330], [8329, 8331], [8343, 8344], [8343, 8345], [8357, 8358], [8357, 8359], [8371, 8372], [8371, 8373], [8385, 8386], [8385, 8387], [8408, 8412], [8412, 8416], [8420, 8421], [8420, 8429], [8421, 8422], [8421, 8429], [8430, 8431], [8430, 8435], [8438, 8439], [8438, 8440], [8452, 8453], [8452, 8454], [8466, 8467], [8466, 8468], [8480, 8481], [8480, 8482], [8494, 8495], [8494, 8496], [8508, 8512], [8525, 8528], [8535, 8536], [8535, 8582], [8536, 8537], [8536, 8539], [8546, 8548], [8546, 8551], [8552, 8553], [8552, 8558], [8558, 8559], [8559, 8560], [8559, 8565], [8565, 8566], [8566, 8567], [8566, 8579], [8568, 8569], [8568, 8570], [8570, 8571], [8570, 8573], [8585, 8586], [8585, 8587], [8620, 8621], [8620, 8625], [8622, 8620], [8622, 8623], [8625, 8626], [8625, 8629], [8644, 8645], [8644, 8648], [8648, 8652], [8652, 8661], [8662, 8663], [8662, 8666], [8674, 8675], [8674, 8677], [8680, 8681], [8680, 8682], [8691, 8692], [8691, 8706], [8694, 8697], [8698, 8699], [8698, 8701], [8706, 8707], [8707, 8708], [8722, 8723], [8722, 8724], [8735, 8736], [8735, 8737], [8747, 8751], [8751, 8754], [8759, 8760], [8759, 8773], [8760, 8761], [8760, 8763], [8763, 8764], [8763, 8765], [8765, 8770], [8771, 8759], [8771, 8772], [8777, 8778], [8777, 8779], [8779, 8781], [8781, 8782], [8781, 8784], [8789, 8792], [8815, 8816], [8815, 8817], [8835, 8836], [8835, 8849], [8836, 8842], [8852, 8853], [8852, 8854], [8866, 8867], [8866, 8871], [8871, 8872], [8871, 8879], [8883, 8887], [8890, 8891], [8898, 8899], [8898, 8903], [8904, 8905], [8904, 8911], [8907, 8908], [8914, 8915], [8914, 8916], [8931, 8932], [8931, 8933], [8942, 8946], [8960, 8961], [8960, 8962], [8971, 8975], [8985, 8986], [8985, 8987], [9003, 9007], [9007, 9010], [9025, 9026], [9025, 9028], [9033, 9034], [9033, 9037], [9053, 9054], [9057, 9058], [9057, 9060], [9075, 9076], [9075, 9077], [9094, 9095], [9094, 9096], [9119, 9120], [9119, 9121], [9137, 9141], [9143, 9146], [9154, 9155], [9154, 9165], [9157, 9159], [9171, 9172], [9171, 9176], [9177, 9182], [9186, 9187], [9186, 9188], [9207, 9208], [9209, 9221], [9227, 9228], [9227, 9237], [9228, 9227], [9228, 9229], [9231, 9235], [9237, 9238], [9237, 9239], [9239, 9240], [9246, 9247], [9246, 9248], [9271, -9271], [9271, 9271], [9271, 9272], [9272, -9272], [9272, 9272], [9272, 9275], [9280, 9288], [9289, -9289], [9289, 9289], [9289, 9291], [9293, 9294], [9293, 9319], [9297, 9298], [9297, 9301], [9298, -9298], [9298, 9299], [9298, 9301], [9304, 9305], [9311, 9314], [9322, 9323], [9322, 9324], [9337, 9338], [9337, 9339], [9359, 9360], [9359, 9361], [9370, 9371], [9370, 9372], [9379, 9382], [9387, 9388], [9387, 9389], [9409, 9410], [9409, 9411], [9430, 9431], [9430, 9436], [9431, 9430], [9431, 9432], [9441, 9442], [9441, 9443], [9470, 9471], [9521, 9522], [9521, 9532], [9522, 9523], [9532, 9533], [9532, 9535], [9566, 9567], [9566, 9568], [9581, 9582], [9581, 9583], [9589, 9592], [9595, 9596], [9595, 9597], [9603, 9607], [9610, 9611], [9610, 9612], [9622, 9623], [9631, 9632], [9639, 9640], [9639, 9641], [9648, 9650], [9653, 9654], [9653, 9655], [9662, 9664], [9667, 9668], [9667, 9669], [9682, 9684], [9687, 9688], [9687, 9689], [9696, 9697], [9702, 9703], [9702, 9705], [9738, 9739], [9821, 9822], [9854, -9854], [9854, 9854], [9854, 9855], [9856, -9856], [9856, 9856], [9856, 9857], [9861, 9862], [9861, 9869], [9862, 9863], [9863, 9862], [9863, 9864], [9869, 9870], [9869, 9888], [9871, 9872], [9872, 9871], [9872, 9873], [9877, 9878], [9879, 9880], [9879, 9882], [9904, 9908], [9931, 9932], [9931, 9934], [9944, 9946], [9944, 9947], [9959, 9960], [9983, 9987], [9987, 9988], [9987, 9992], [9992, 9993], [9992, 10004], [9994, -9994], [9994, 9994], [9994, 9995], [9995, 9996], [9996, 9997], [10004, 10005], [10004, 10011], [10019, 10022], [10024, 10025], [10024, 10027], [10031, 10032], [10031, 10034], [10037, 10038], [10037, 10039], [10045, 10049], [10051, 10055], [10055, 10059], [10062, 10063], [10062, 10070], [10063, 10064], [10063, 10065], [10065, 10066], [10065, 10068], [10108, 10109], [10108, 10119], [10112, 10113], [10112, 10116], [10120, 10121], [10120, 10123], [10123, 10124], [10123, 10126], [10152, 10153], [10152, 10174], [10153, 10155], [10153, 10163], [10155, 10156], [10155, 10160], [10163, 10152], [10163, 10164], [10170, 10171], [10170, 10172], [10174, 10176], [10216, 10217], [10216, 10223], [10217, 10218], [10254, 10257], [10257, -10257], [10257, 10257], [10257, 10258], [10257, 10260], [10265, 10266], [10265, 10272], [10269, 10272], [10288, 10289], [10288, 10292], [10289, 10288], [10289, 10290], [10295, 10296], [10295, 10297], [10311, 10312], [10311, 10313], [10324, 10327], [10331, 10332], [10331, 10333], [10344, 10347], [10348, -10348], [10348, 10349], [10357, 10358], [10357, 10359], [10370, 10371], [10370, 10372], [10458, 10462], [10464, 10468], [10469, 10473], [10473, 10474], [10473, 10477], [10475, 10473], [10482, 10483], [10486, 10490], [10490, 10491], [10490, 10494], [10497, -10497], [10497, 10497], [10497, 10498], [10518, 10519], [10518, 10526], [10521, 10522], [10570, 10572], [10570, 10578], [10580, 10581], [10580, 10582], [10587, -10587], [10587, 10587], [10587, 10588], [10587, 10589], [10593, -10591], [10593, 10594], [10593, 10595], [10602, 10605], [10626, 10627], [10626, 10630], [10630, -10622], [10630, 10631], [10630, 10652], [10631, 10630], [10631, 10632], [10635, 10636], [10635, 10639], [10657, 10660], [10661, 10664], [10665, 10666], [10665, 10668], [10670, 10691], [10691, -10691], [10691, 10692], [10692, 10693], [10692, 10711], [10693, 10696], [10696, -10696], [10696, 10696], [10696, 10697], [10697, -10697], [10697, 10697], [10697, 10698], [10698, 10702], [10787, 10788], [10787, 10797], [10811, 10826], [10882, 10885], [10894, 10896], [10900, 10901], [10900, 10911], [10908, 10910], [10927, 10933], [10944, -10944], [10944, 10945], [10956, 10957], [10956, 10959], [10959, 10960], [10959, 10961], [10969, 10971], [10971, 10972], [10971, 10975], [10972, 10974], [10979, -10977], [10979, 10980], [11004, 11006], [11004, 11016], [11007, 11008], [11016, 11017], [11017, 11018], [11018, 11019], [11032, 11034], [11038, 11039], [11038, 11040], [11040, -11036], [11044, -11043], [11044, 11045], [11064, 11065], [11064, 11066], [11088, 11089], [11088, 11090], [11090, -11086], [11090, 11092], [11092, -11086], [11092, 11093], [11092, 11107], [11095, 11098], [11098, 11099], [11098, 11106], [11101, 11102], [11101, 11103], [11112, -11109], [11112, 11113], [11112, 11114], [11119, -11116], [11119, 11120], [11119, 11124], [11121, 11122], [11121, 11123], [11129, -11126], [11129, 11130], [11129, 11131], [11134, 11135], [11134, 11136], [11140, -11138], [11140, 11141], [11140, 11142], [11148, 11149], [11148, 11150], [11172, 11173], [11172, 11174], [11182, 11183], [11182, 11184], [11184, 11185], [11184, 11189], [11185, 11186], [11185, 11188], [11194, 11195], [11194, 11196], [11196, 11197], [11196, 11198], [11233, 11234], [11233, 11235], [11235, 11238], [11266, -11263], [11266, 11267], [11266, 11275], [11268, 11270], [11271, 11273], [11284, -11282], [11284, 11285], [11284, 11286], [11295, 11296], [11295, 11297], [11298, 11300], [11321, 11322], [11321, 11327], [11321, 11328], [11325, 11321], [11336, 11337], [11336, 11339], [11339, 11342], [11342, 11343], [11368, 11369], [11369, 11370], [11369, 11373], [11374, 11375], [11375, 11376], [11375, 11379], [11380, 11381], [11381, 11382], [11381, 11385], [11390, 11395], [11395, 11396], [11395, 11401], [11397, 11395], [11413, 11415], [11415, 11416], [11415, 11418], [11418, 11419], [11418, 11422], [11420, 11422], [11453, 11456], [11456, 11457], [11456, 11460], [11460, 11466], [11472, 11472], [11472, 11473], [11473, 11475], [11476, 11480], [11483, 11473], [11483, 11484], [11533, 11534], [11533, 11535], [11539, 11540], [11539, 11542], [11543, -11538], [11546, 11547], [11547, 11552], [11552, 11562], [11564, 11570], [11582, 11583], [11582, 11589], [11610, 11612], [11616, 11617], [11619, 11620], [11645, 11650]], "missing_branches": [[112, 113], [112, 114], [172, 173], [180, 181], [201, 202], [202, 203], [202, 204], [209, 214], [223, 224], [246, 247], [247, 249], [247, 251], [251, 253], [251, 258], [263, 265], [381, 384], [398, 399], [400, 404], [428, 430], [466, 468], [468, 469], [468, 471], [482, 484], [533, -532], [535, -534], [539, -538], [543, -542], [545, -544], [547, -546], [681, 682], [747, 748], [837, 840], [842, 843], [850, 852], [856, 857], [873, 876], [925, 948], [940, 943], [1035, 1036], [1040, 1045], [1140, 1141], [1144, 1150], [1159, 1163], [1191, 1192], [1194, 1195], [1238, 1243], [1243, 1248], [1266, 1268], [1291, 1303], [1298, 1301], [1327, 1333], [1342, 1347], [1480, 1481], [1484, 1485], [1489, 1490], [1493, 1494], [1503, 1504], [1518, 1519], [1518, 1525], [1519, 1520], [1519, 1521], [1611, -1607], [1612, -1607], [1633, 1634], [1638, 1639], [1642, 1643], [1668, 1669], [1692, 1695], [1723, 1724], [1742, 1743], [1749, 1750], [1749, 1751], [1756, 1757], [1808, 1809], [1820, 1821], [1820, 1822], [1834, 1835], [1903, 1905], [1928, 1932], [1972, -1971], [1993, -1991], [1993, 1994], [2011, 2012], [2011, 2013], [2080, 2081], [2108, 2088], [2152, 2158], [2172, 2173], [2172, 2176], [2177, 2178], [2177, 2180], [2191, 2192], [2191, 2195], [2197, 2198], [2197, 2201], [2202, 2203], [2202, 2205], [2206, 2208], [2206, 2213], [2208, 2209], [2208, 2210], [2271, 2270], [2303, 2304], [2390, 2391], [2392, 2393], [2392, 2395], [2402, 2404], [2404, 2405], [2404, 2407], [2460, 2461], [2460, 2462], [2462, 2464], [2462, 2465], [2465, 2466], [2465, 2467], [2475, 2476], [2475, 2477], [2477, 2478], [2477, 2480], [2488, 2489], [2488, 2491], [2489, 2490], [2489, 2496], [2491, 2492], [2491, 2495], [2492, 2493], [2492, 2496], [2501, 2503], [2501, 2506], [2506, 2508], [2506, 2511], [2515, 2516], [2515, 2519], [2521, 2522], [2521, 2524], [2522, 2523], [2522, 2539], [2524, 2525], [2524, 2527], [2525, 2526], [2525, 2539], [2527, 2528], [2527, 2530], [2528, 2529], [2528, 2539], [2530, 2531], [2530, 2533], [2531, 2532], [2531, 2539], [2533, 2534], [2533, 2537], [2534, 2535], [2534, 2539], [2543, 2544], [2543, 2546], [2547, 2548], [2547, 2549], [2587, 2588], [2587, 2589], [2593, 2594], [2593, 2595], [2619, 2620], [2619, 2621], [2621, 2622], [2621, 2623], [2623, 2624], [2623, 2625], [2629, 2630], [2629, 2632], [2641, -2641], [2641, 2642], [2645, 2646], [2645, 2669], [2646, 2647], [2646, 2669], [2647, 2648], [2647, 2649], [2649, 2650], [2649, 2652], [2652, 2653], [2652, 2655], [2655, 2656], [2655, 2657], [2657, 2658], [2657, 2669], [2658, 2659], [2658, 2669], [2659, 2660], [2659, 2661], [2661, 2662], [2661, 2663], [2663, 2664], [2663, 2665], [2665, 2666], [2665, 2667], [2667, 2668], [2667, 2669], [2672, 2673], [2672, 2679], [2674, 2675], [2674, 2676], [2679, 2680], [2679, 2687], [2681, 2682], [2681, 2683], [2684, 2685], [2684, 2686], [2687, 2688], [2687, 2693], [2689, 2690], [2689, 2691], [2750, 2751], [2750, 2752], [2765, 2766], [2765, 2767], [2767, 2768], [2767, 2769], [2769, 2770], [2769, 2771], [2808, 2809], [2808, 2830], [2811, 2812], [2811, 2814], [2812, 2813], [2812, 2830], [2814, 2815], [2814, 2817], [2815, 2816], [2815, 2830], [2817, 2820], [2817, 2823], [2821, 2822], [2821, 2830], [2823, 2826], [2823, 2830], [2827, 2828], [2827, 2830], [2830, 2831], [2830, 2832], [2894, -2894], [2894, 2895], [2899, 2900], [2899, 2901], [2901, 2902], [2901, 2903], [2903, 2904], [2903, 2905], [2905, 2906], [2905, 2907], [2907, 2908], [2907, 2910], [2910, 2911], [2910, 2912], [2912, 2913], [2912, 2914], [2914, 2915], [2914, 2916], [2916, 2917], [2916, 2918], [2918, 2919], [2918, 2920], [2920, 2921], [2920, 2922], [2922, 2923], [2922, 2924], [2924, 2925], [2924, 2926], [2926, 2927], [2926, 2928], [2928, 2929], [2928, 2930], [2930, 2931], [2930, 2932], [2932, 2933], [2932, 2934], [2938, 2941], [2942, 2943], [2942, 2944], [2944, 2945], [2965, 2966], [2965, 2967], [3055, 3056], [3055, 3058], [3073, -3073], [3073, 3074], [3076, 3077], [3076, 3082], [3077, 3078], [3077, 3082], [3078, 3079], [3078, 3082], [3079, 3080], [3079, 3082], [3080, 3081], [3080, 3082], [3086, 3087], [3086, 3089], [3090, 3091], [3090, 3092], [3160, 3161], [3160, 3162], [3181, -3181], [3181, 3182], [3185, 3186], [3185, 3201], [3186, 3187], [3186, 3201], [3187, 3188], [3187, 3201], [3188, 3189], [3188, 3201], [3189, 3190], [3189, 3201], [3190, 3191], [3190, 3201], [3191, 3192], [3191, 3201], [3192, 3193], [3192, 3201], [3193, 3194], [3193, 3201], [3194, 3195], [3194, 3201], [3195, 3196], [3195, 3201], [3196, 3197], [3196, 3201], [3197, 3198], [3197, 3201], [3198, 3199], [3198, 3201], [3199, 3200], [3199, 3201], [3205, 3206], [3205, 3208], [3209, 3210], [3209, 3211], [3319, 3320], [3319, 3321], [3321, 3322], [3321, 3323], [3323, 3324], [3323, 3325], [3325, 3326], [3325, 3327], [3327, 3328], [3327, 3329], [3329, 3330], [3329, 3331], [3331, 3332], [3331, 3333], [3333, 3334], [3333, 3335], [3339, 3340], [3339, 3342], [3343, 3344], [3343, 3345], [3372, 3373], [3379, 3380], [3379, 3382], [3382, 3383], [3382, 3386], [3388, 3389], [3388, 3393], [3397, -3396], [3398, 3399], [3403, -3402], [3404, 3405], [3409, -3408], [3409, 3410], [3410, -3408], [3410, 3411], [3415, -3414], [3415, 3416], [3416, -3414], [3416, 3417], [3427, 3428], [3427, 3430], [3428, 3427], [3428, 3429], [3448, 3449], [3448, 3450], [3466, 3468], [3486, 3487], [3509, 3510], [3513, 3517], [3514, 3515], [3528, 3529], [3545, 3546], [3548, 3549], [3548, 3551], [3560, 3563], [3619, 3622], [3637, 3643], [3641, 3642], [3664, 3667], [3668, 3669], [3668, 3671], [3671, 3672], [3671, 3676], [3672, 3671], [3672, 3673], [3673, 3674], [3673, 3675], [3693, 3696], [3696, 3697], [3696, 3710], [3702, 3703], [3702, 3708], [3764, 3765], [3775, 3776], [3780, -3753], [3805, 3806], [3805, 3808], [3819, 3825], [3826, 3827], [3826, 3831], [3846, 3847], [3931, 3932], [3950, 3954], [3967, 3968], [3967, 3969], [3970, 3971], [3970, 3972], [4130, 4133], [4137, 4138], [4142, -4136], [4147, 4148], [4157, 4158], [4157, 4160], [4183, 4184], [4186, 4196], [4208, 4210], [4267, 4270], [4277, 4278], [4279, 4280], [4279, 4287], [4281, 4282], [4281, 4284], [4287, 4288], [4289, 4290], [4289, 4297], [4291, 4292], [4291, 4295], [4299, 4321], [4307, 4308], [4309, 4303], [4309, 4311], [4352, 4355], [4358, 4362], [4373, 4374], [4373, 4377], [4400, 4401], [4401, 4402], [4401, 4407], [4409, 4410], [4410, 4411], [4410, 4416], [4426, 4427], [4426, 4432], [4438, 4441], [4474, 4475], [4474, 4479], [4582, 4583], [4587, 4595], [4590, 4591], [4609, 4610], [4618, 4620], [4639, 4644], [4705, 4706], [4708, 4709], [4710, 4712], [4723, 4728], [4749, 4754], [4807, 4808], [4835, 4836], [4840, 4841], [4843, 4846], [4848, 4849], [4849, 4850], [4849, 4852], [4870, 4872], [4885, 4886], [4893, 4894], [4895, -4895], [4895, 4896], [4896, 4897], [4896, 4898], [4944, 4946], [4960, 4961], [4977, 4978], [4981, 4982], [4985, 4986], [5026, -5026], [5026, 5028], [5028, 5029], [5028, 5030], [5050, -5050], [5050, 5052], [5052, 5053], [5052, 5054], [5073, 5075], [5106, 5109], [5138, 5139], [5143, 5144], [5194, -5194], [5194, -5191], [5219, 5223], [5223, -5216], [5223, 5224], [5236, 5237], [5242, 5240], [5252, 5253], [5285, 5289], [5290, 5291], [5290, 5292], [5291, -5291], [5291, 5290], [5292, 5293], [5292, 5295], [5293, -5293], [5293, 5292], [5295, 5296], [5295, 5306], [5296, 5295], [5296, 5297], [5299, 5296], [5299, 5300], [5371, 5372], [5403, 5404], [5430, 5434], [5440, 5441], [5444, 5445], [5450, 5425], [5457, 5458], [5459, 5460], [5459, 5469], [5460, 5459], [5460, 5461], [5461, 5462], [5461, 5463], [5464, 5459], [5464, 5465], [5465, -5456], [5465, 5466], [5508, 5509], [5520, 5518], [5521, 5518], [5528, 5529], [5528, 5531], [5529, 5528], [5529, 5530], [5556, 5557], [5556, 5559], [5557, 5556], [5557, 5558], [5597, 5598], [5607, 5608], [5665, 5666], [5693, 5694], [5693, 5697], [5703, 5704], [5703, 5706], [5721, 5722], [5721, 5723], [5737, 5738], [5737, 5741], [5741, 5742], [5741, 5745], [5748, 5749], [5748, 5783], [5760, -5760], [5760, 5761], [5769, 5770], [5769, 5774], [5777, 5778], [5777, 5781], [5784, 5785], [5784, 5787], [5815, 5816], [5830, 5831], [5836, 5837], [5840, 5841], [5845, 5846], [5869, 5873], [5899, 5902], [5918, 5921], [5931, 5935], [5950, 5953], [5965, 5967], [5979, 5976], [5987, 5992], [5988, 5992], [5998, 5999], [6017, 6018], [6018, 6019], [6018, 6021], [6021, 6022], [6022, 6023], [6022, 6025], [6023, -6023], [6023, 6027], [6025, -6025], [6025, 6027], [6027, 6028], [6030, 6031], [6030, 6040], [6034, 6035], [6034, 6037], [6037, 6038], [6037, 6048], [6041, 6042], [6041, 6044], [6062, 6063], [6067, 6068], [6073, 6074], [6077, 6078], [6118, 6119], [6124, 6125], [6133, 6134], [6296, 6297], [6367, 6368], [6371, 6372], [6382, 6387], [6421, 6422], [6430, 6446], [6431, 6432], [6440, 6441], [6474, 6477], [6479, 6481], [6481, 6482], [6483, 6484], [6528, 6532], [6530, 6528], [6542, 6543], [6545, 6546], [6553, 6554], [6571, 6572], [6585, 6587], [6621, 6622], [6621, 6626], [6622, 6623], [6622, 6624], [6627, 6628], [6627, 6631], [6638, 6639], [6642, 6643], [6644, 6645], [6663, 6665], [6685, 6686], [6690, 6691], [6697, 6700], [6700, -6700], [6700, 6704], [6711, 6712], [6733, 6734], [6774, 6775], [6774, 6777], [6782, -6782], [6782, 6783], [6787, 6788], [6808, 6809], [6839, 6840], [6848, 6849], [6865, 6866], [6869, 6870], [6875, 6878], [6902, 6903], [6911, 6913], [6931, 6932], [6942, 6943], [6965, 6966], [6976, 6977], [7006, 7007], [7017, 7018], [7022, 7023], [7073, 7075], [7108, 7109], [7121, 7122], [7131, 7142], [7157, 7158], [7162, 7163], [7216, 7217], [7217, 7209], [7217, 7218], [7218, 7209], [7218, 7219], [7219, 7209], [7219, 7220], [7220, 7209], [7220, 7222], [7222, 7223], [7268, 7269], [7273, 7274], [7346, 7347], [7350, 7351], [7370, 7372], [7377, 7378], [7426, 7427], [7496, 7498], [7511, 7512], [7515, 7516], [7520, 7521], [7526, 7527], [7529, 7532], [7533, 7534], [7538, 7539], [7539, 7540], [7539, 7541], [7541, 7542], [7544, 7546], [7544, 7547], [7553, 7554], [7559, 7560], [7585, 7591], [7600, 7601], [7600, 7645], [7601, 7602], [7601, 7604], [7606, 7607], [7606, 7609], [7612, 7615], [7612, 7618], [7627, 7628], [7627, 7630], [7631, 7632], [7631, 7634], [7635, 7636], [7635, 7638], [7640, 7641], [7640, 7643], [7645, 7646], [7645, 7648], [7659, 7660], [7682, 7683], [7683, -7683], [7683, 7688], [7714, 7715], [7716, 7717], [7716, 7721], [7723, 7724], [7739, 7740], [7739, 7742], [7750, 7753], [7760, 7761], [7760, 7762], [7762, 7763], [7762, 7766], [7767, 7769], [7767, 7772], [7775, 7776], [7775, 7779], [7779, 7780], [7779, 7783], [7790, 7791], [7790, 7797], [7799, 7800], [7799, 7803], [7821, 7822], [7821, 7824], [7827, 7828], [7827, 7850], [7828, 7829], [7828, 7831], [7831, 7832], [7831, 7835], [7832, 7827], [7832, 7833], [7836, 7837], [7836, 7839], [7839, 7827], [7839, 7841], [7846, 7827], [7846, 7847], [7847, 7846], [7847, 7848], [7850, 7851], [7850, 7853], [7853, -7853], [7853, 7855], [7856, 7857], [7856, 7861], [7863, 7864], [7863, 7865], [7879, 7880], [7899, 7900], [7901, 7902], [7901, 7903], [7921, 7925], [7937, -7934], [7944, 7945], [7947, 7948], [7947, 7950], [7952, 7955], [7957, 7940], [7971, 7972], [7975, 7976], [7982, 7983], [7984, 7985], [7984, 7987], [7991, 8031], [7993, 7994], [8014, 8015], [8037, 8038], [8040, 8053], [8044, 8045], [8046, 8047], [8050, 8051], [8059, 8060], [8062, 8063], [8065, 8066], [8076, 8077], [8078, 8094], [8087, 8088], [8094, 8095], [8094, 8096], [8109, 8108], [8110, 8111], [8111, 8108], [8111, 8112], [8119, 8120], [8168, 8169], [8178, 8179], [8183, 8184], [8185, 8188], [8207, 8208], [8213, 8216], [8241, 8245], [8246, 8247], [8246, 8248], [8270, 8271], [8320, 8321], [8321, -8321], [8321, 8322], [8408, 8409], [8412, 8413], [8508, 8509], [8525, 8526], [8558, 8579], [8565, 8579], [8648, 8649], [8652, 8653], [8654, 8655], [8654, 8658], [8694, 8695], [8706, 8718], [8707, 8711], [8711, 8712], [8711, 8716], [8747, 8748], [8751, 8752], [8765, 8766], [8767, 8759], [8767, 8768], [8779, 8780], [8789, 8790], [8836, 8837], [8837, 8838], [8837, 8839], [8839, 8840], [8839, 8842], [8883, 8884], [8890, 8898], [8907, 8909], [8942, 8943], [8971, 8972], [9003, 9004], [9007, 9008], [9053, 9072], [9137, 9138], [9143, 9144], [9157, 9158], [9177, 9178], [9207, 9212], [9209, 9210], [9212, 9213], [9212, 9218], [9214, 9215], [9214, 9221], [9231, 9232], [9239, 9242], [9280, 9281], [9284, 9285], [9284, 9288], [9304, 9308], [9311, 9312], [9345, 9346], [9345, 9349], [9350, 9351], [9350, 9353], [9379, 9380], [9402, 9403], [9402, 9405], [9470, 9474], [9474, 9475], [9474, 9476], [9502, 9503], [9502, 9507], [9504, 9505], [9504, 9509], [9509, 9510], [9509, 9514], [9511, 9512], [9511, 9515], [9522, 9530], [9589, 9590], [9603, 9604], [9605, 9606], [9605, 9607], [9622, 9625], [9631, 9636], [9648, 9649], [9662, 9663], [9682, 9683], [9696, 9698], [9738, -9738], [9791, 9792], [9791, 9793], [9802, 9803], [9802, 9805], [9807, 9808], [9807, 9818], [9813, 9814], [9813, 9818], [9821, 9823], [9824, 9825], [9824, 9826], [9862, 9861], [9871, 9869], [9877, 9882], [9904, 9905], [9959, 9961], [9983, 9984], [9995, 10002], [9996, 10000], [10019, 10020], [10045, 10046], [10051, 10052], [10055, 10056], [10080, 10082], [10080, 10084], [10082, -10082], [10082, -10077], [10084, 10086], [10084, 10089], [10086, -10086], [10086, -10077], [10089, -10089], [10089, -10077], [10143, 10144], [10143, 10146], [10174, 10175], [10194, 10195], [10194, 10198], [10198, 10199], [10198, 10200], [10217, 10221], [10239, 10240], [10239, 10243], [10254, 10255], [10269, 10270], [10324, 10325], [10344, 10345], [10387, 10388], [10387, 10391], [10392, 10393], [10392, 10396], [10406, -10406], [10406, 10408], [10425, 10426], [10425, 10432], [10435, 10436], [10435, 10437], [10458, 10459], [10464, 10465], [10469, 10470], [10475, 10476], [10482, 10494], [10486, 10487], [10508, -10506], [10508, 10509], [10509, -10506], [10509, 10510], [10521, 10523], [10602, 10603], [10657, 10658], [10661, 10662], [10670, 10671], [10693, 10694], [10698, 10699], [10721, -10713], [10721, 10722], [10725, -10725], [10725, 10729], [10739, -10735], [10739, 10744], [10745, 10746], [10745, 10748], [10748, 10749], [10748, 10751], [10757, 10758], [10757, 10759], [10759, 10760], [10759, 10762], [10763, 10764], [10763, 10766], [10764, 10763], [10764, 10765], [10811, 10812], [10815, 10816], [10815, 10826], [10820, 10821], [10820, 10826], [10832, 10833], [10832, 10855], [10838, 10839], [10838, 10840], [10840, 10841], [10840, 10842], [10842, 10843], [10842, 10845], [10848, 10849], [10848, 10855], [10855, 10856], [10855, 10874], [10860, -10860], [10860, 10862], [10862, 10863], [10862, 10874], [10865, 10866], [10865, 10869], [10866, 10865], [10866, 10867], [10875, 10876], [10875, 10877], [10882, 10884], [10894, 10895], [10908, 10909], [10915, 10916], [10915, 10917], [10927, 10930], [10969, 10970], [10972, 10973], [10984, -10982], [10984, 10985], [11007, -11002], [11016, -11002], [11017, -11002], [11018, -11002], [11032, 11033], [11040, 11041], [11090, 11091], [11095, 11096], [11217, 11218], [11217, 11219], [11219, 11220], [11219, 11221], [11221, 11222], [11221, 11223], [11235, 11236], [11268, 11269], [11271, 11272], [11298, 11299], [11325, 11326], [11339, 11340], [11342, 11346], [11368, 11373], [11374, 11379], [11380, 11385], [11390, 11391], [11397, 11398], [11413, 11414], [11420, 11421], [11453, 11454], [11460, 11461], [11461, 11462], [11461, 11466], [11462, -11462], [11462, 11463], [11472, -11472], [11473, 11488], [11476, 11477], [11543, 11544], [11546, -52], [11547, 11548], [11552, 11553], [11564, 11565], [11610, 11614], [11616, 11644], [11619, 11636], [11645, 11646]]}}, "totals": {"covered_lines": 5969, "num_statements": 7866, "percent_covered": 71.58345221112697, "percent_covered_display": "72", "missing_lines": 1897, "excluded_lines": 0, "num_branches": 2649, "num_partial_branches": 423, "covered_branches": 1558, "missing_branches": 1091}}